<?xml version="1.0" encoding="UTF-8"?>
<robot generator="Robot 6.1.1 (Python 3.9.13 on darwin)" generated="20240111 11:37:59.198" rpa="false" schemaversion="4">
<suite id="s1" name="ProductsAPI" source="/Users/aveeravalli/PycharmProjects/viasat_com-qa_new1/API-RobotFramework/APITesting/APIRegressionTests/ViasatAPIRegression/ProductsAPI.robot">
<test id="s1-t1" name="viasat_Products_Satellite_Antennas_request" line="47">
<kw name="Get_Request">
<arg>viasat_Products_Satellite_Antennas</arg>
<arg>${VIASAT_US_PRODUCTS_SATELLITE_ANTENNAS}</arg>
<arg>SATCOM antennas</arg>
<kw name="Create Session" library="RequestsLibrary">
<arg>${request_name}</arg>
<arg>${request_url}</arg>
<arg>verify=true</arg>
<doc>Create Session: create a HTTP session to a server</doc>
<msg timestamp="20240111 11:37:59.337" level="INFO">Creating Session using : alias=viasat_Products_Satellite_Antennas, url=https://www.viasat.com/content/viasat/us/en/products/satellite-antennas.model.json, headers={},                     cookies={}, auth=None, timeout=None, proxies=None, verify=True,                     debug=0 </msg>
<status status="PASS" starttime="20240111 11:37:59.336" endtime="20240111 11:37:59.337"/>
</kw>
<kw name="GET On Session" library="RequestsLibrary">
<var>${response}</var>
<arg>${request_name}</arg>
<arg>${request_url}</arg>
<doc>Sends a GET request on a previously created HTTP Session.</doc>
<msg timestamp="20240111 11:37:59.559" level="INFO">GET Request : url=https://www.viasat.com/content/viasat/us/en/products/satellite-antennas.model.json 
 path_url=/content/viasat/us/en/products/satellite-antennas.model.json 
 headers={'User-Agent': 'python-requests/2.28.1', 'Accept-Encoding': 'gzip, deflate', 'Accept': '*/*', 'Connection': 'keep-alive'} 
 body=None 
 </msg>
<msg timestamp="20240111 11:37:59.560" level="INFO">GET Response : url=https://www.viasat.com/content/viasat/us/en/products/satellite-antennas.model.json 
 status=200, reason=OK 
 headers={'Content-Type': 'application/json;charset=utf-8', 'Content-Length': '3162', 'Connection': 'keep-alive', 'Date': 'Thu, 11 Jan 2024 19:35:13 GMT', 'Set-Cookie': 'AWSALB=BGafsB/deZ7QFrLtRhEnS9sgLjkJOix99o9voe+z2UMmkJvcGyTZplAVf9/yArLvYLeoU4XlOqTdbC0XPp2k/avh1zEtSrtaXWnWKzZh0kNx8usNQig4TxMP2Fr/; Expires=Thu, 18 Jan 2024 19:35:13 GMT; Path=/, AWSALBCORS=BGafsB/deZ7QFrLtRhEnS9sgLjkJOix99o9voe+z2UMmkJvcGyTZplAVf9/yArLvYLeoU4XlOqTdbC0XPp2k/avh1zEtSrtaXWnWKzZh0kNx8usNQig4TxMP2Fr/; Expires=Thu, 18 Jan 2024 19:35:13 GMT; Path=/; SameSite=None; Secure', 'Server': 'Apache', 'X-Dispatcher': 'dispatcher1useast1', 'X-Vhost': 'publish', 'Strict-Transport-Security': 'max-age=63072000', 'X-XSS-Protection': '1; mode=block', 'referrer-policy': 'strict-origin-when-cross-origin', 'Cache-Control': 'public, max-age=43200', 'X-Content-Type-Options': 'nosniff', 'Last-Modified': 'Thu, 11 Jan 2024 19:35:13 GMT', 'ETag': 'W/"5908-60eb0a577a0d2-gzip"', 'Accept-Ranges': 'bytes', 'Content-Encoding': 'gzip', 'X-Frame-Options': 'SAMEORIGIN', 'Vary': 'Accept-Encoding, Origin', 'Public-Key-Pins': 'max-age=1296000; pin-sha256="cvv+hcZ+EP7Do1cnMVIRLqJHXFl7tjgRqpSm34h/DTk="; pin-sha256="I92nqKO6cgS1Gx4O4s+YbHuyyF6IX3n894ph9mpYSYQ=";', 'X-Viasat-Policy': '1_10', 'Content-Security-Policy': "default-src 'self' 'unsafe-inline' *.scene7.com *.marketo.com ; script-src 'self' 'unsafe-inline' 'unsafe-eval' blob: *.infinity-tracking.com *.adsrvr.org *.demandbase.com *.bing.com *.google.com *.cookielaw.org *.doubleclick.net *.adobedtm.com *.everestjs.net *.clarity.ms *.marketo.com *.scene7.com *.qualtrics.com *.conductor.com *.viasat.com *.amazonaws.com qvdt3feo.com *.googleadservices.com *.google-analytics.com *.googletagmanager.com *.googleapis.com *.adobedtm.com *.sftoaa.com *.everestjs.net *.invocacdn.com *.invoca.net *.marketo.net *.crazyegg.com *.licdn.com *.facebook.net viasatinc.data.adobedc.net *.raygun.io *.bizible.com siteintercept.qualtrics.com *.icat.viasat.io tags.srv.stackadapt.com  ; frame-src 'self' *.youtube.com *.marketo.com *.adsrvr.org *.facebook.com *.company-target.com *.az1.qualtrics.com *.opendns.com *.adsrvr.cn *.doubleclick.net *.everesttech.net *.demdex.net *.everestjs.net *.force.com *.crazyegg.com ca-viasat-status.s3.amazonaws.com  ; img-src 'self' https: data:  ; media-src 'self' *.scene7.com  ; script-src-elem 'self' https: 'unsafe-inline'  ; connect-src 'self' 'unsafe-inline' *.demandbase.com *.infinity-tracking.net *.infinity-tracking.com *.onetrust.com *.company-target.com *.oribi.io *.clarity.ms *.scene7.com *.qualtrics.com *.facebook.com *.cookielaw.org *.everesttech.net google.com *.google.com *.google-analytics.com *.viasat.com *.doubleclick.net *.googleapis.com *.demdex.net *.omtrdc.net *.mktoresp.com *.crazyegg.com *.ads.linkedin.com cognito-identity.us-east-1.amazonaws.com sts.us-east-1.amazonaws.com dataplane.rum.us-east-1.amazonaws.com *.icat.viasat.io *.raygun.io *.bing.com *.invoca.net *.mktoutil.com tags.srv.stackadapt.com *.phonetrack.com * *.sftoaa.com  ; font-src 'self' fonts.gstatic.com *.googleapis.com *.icat.viasat.io *.typekit.net  ; style-src 'self' 'unsafe-inline' *.scene7.com *.marketo.com *.googleapis.com *.amazonaws.com *.scene7.com *.gstatic.com *.miaprova.com tags.srv.stackadapt.com  ; report-uri https://report-to-api.raygun.com/reports-csp?apikey=4uWKnPZoEmyV7vSRKJeHw report-to csp-endpoint", 'Report-To': '{"group": "csp-endpoint", "max-age": 10886400, "endpoints": [ { "url": "https://report-to-api.raygun.com/reports?apikey=4uWKnPZoEmyV7vSRKJeHw" } ] }', 'X-Cache': 'Hit from cloudfront', 'Via': '1.1 df11d3a08007cdd54c51137ab60a7786.cloudfront.net (CloudFront)', 'X-Amz-Cf-Pop': 'LAX50-P3', 'X-Amz-Cf-Id': 'jx7RjaqbU3hUPCdtG3G4xk4v3DlN9rXECy9HuXYeR1Kvj3GRzROd9A==', 'Age': '166'} 
 body={"id":"page-e370680a7c","designPath":"/libs/settings/wcm/designs/default","title":"Satellite Antennas","description":"Viasat is a leader in the design, development, and building of ground stations, satellite antennas, antenna systems and gateways for high-speed satellite communications.","brandSlug":"","lastModifiedDate":1648752193927,"templateName":"page-content","appResourcesPath":"/etc.clientlibs/viasat/clientlibs/clientlib-site/resources","htmlPageItems":[],"cssClassNames":"page basicpage","language":"en",":itemsOrder":["root"],":items":{"root":{"gridClassNames":"aem-Grid aem-Grid--12 aem-Grid--default--12","columnClassNames":{"container":"aem-GridColumn aem-GridColumn--default--12"},"columnCount":12,"allowedComponents":{"components":[{"path":"/content/viasat/us/en/products/satellite-antennas/jcr:content/root/viasat/components/accordion","title":"Accordion"},{"path":"/content/viasat/us/en/products/satellite-antennas/jcr:content/root/viasat/components/blogauthor","title":"Blog Author"},{"path":"/content/viasat/us/en/products/satellite-antennas/jcr:content/root/viasat/components/breadcrumb","title":"Breadcrumb"},{"path":"/content/viasat/us/en/products/satellite-antennas/jcr:content/root/viasat/components/button","title":"Button"},{"path":"/content/viasat/us/en/products/satellite-antennas/jcr:content/root/viasat/components/buttonwhatsapp","title":"Button Whatsapp"},{"path":"/content/viasat/us/en/products/satellite-antennas/jcr:content/root/viasat/components/calltoaction","title":"Call To Action"},{"path":"/content/viasat/us/en/products/satellite-antennas/jcr:content/root/viasat/components/carousel","title":"Carousel"},{"path":"/content/viasat/us/en/products/satellite-antennas/jcr:content/root/viasat/components/container","title":"Container"},{"path":"/content/viasat/us/en/products/satellite-antennas/jcr:content/root/viasat/components/contentfragment","title":"Content Fragment"},{"path":"/content/viasat/us/en/products/satellite-antennas/jcr:content/root/viasat/components/contentfragmentlist","title":"Content Fragment List"},{"path":"/content/viasat/us/en/products/satellite-antennas/jcr:content/root/viasat/components/digitalservices","title":"Digital Service"},{"path":"/content/viasat/us/en/products/satellite-antennas/jcr:content/root/viasat/components/digitalservicetab","title":"Digital Services Tab"},{"path":"/content/viasat/us/en/products/satellite-antennas/jcr:content/root/viasat/components/download","title":"Download"},{"path":"/content/viasat/us/en/products/satellite-antennas/jcr:content/root/viasat/components/downloadablecarousel","title":"Downloadable Carousel"},{"path":"/content/viasat/us/en/products/satellite-antennas/jcr:content/root/viasat/components/embed","title":"Embed"},{"path":"/content/viasat/us/en/products/satellite-antennas/jcr:content/root/viasat/components/enhancedtextcta","title":"Enhanced Text and CTA"},{"path":"/content/viasat/us/en/products/satellite-antennas/jcr:content/root/viasat/components/experiencefragment","title":"Experience Fragment"},{"path":"/content/viasat/us/en/products/satellite-antennas/jcr:content/root/viasat/components/flexibleimagecard","title":"Flexible image card"},{"path":"/content/viasat/us/en/products/satellite-antennas/jcr:content/root/viasat/components/floatingcard","title":"Floating card"},{"path":"/content/viasat/us/en/products/satellite-antennas/jcr:content/root/viasat/components/floatingdialog","title":"Floating Dialog"},{"path":"/content/viasat/us/en/products/satellite-antennas/jcr:content/root/viasat/components/fullimagewithtext","title":"Left Right Text with Image"},{"path":"/content/viasat/us/en/products/satellite-antennas/jcr:content/root/viasat/components/headerwithbackgroundgradient","title":"Header with Background Gradient"},{"path":"/content/viasat/us/en/products/satellite-antennas/jcr:content/root/viasat/components/homepagecarousel","title":"Homepage Carousel"},{"path":"/content/viasat/us/en/products/satellite-antennas/jcr:content/root/viasat/components/howto","title":"How To"},{"path":"/content/viasat/us/en/products/satellite-antennas/jcr:content/root/viasat/components/image","title":"Image"},{"path":"/content/viasat/us/en/products/satellite-antennas/jcr:content/root/viasat/components/list","title":"List"},{"path":"/content/viasat/us/en/products/satellite-antennas/jcr:content/root/viasat/components/plancard","title":"Plan Card"},{"path":"/content/viasat/us/en/products/satellite-antennas/jcr:content/root/viasat/components/promobanner","title":"Promo Banner"},{"path":"/content/viasat/us/en/products/satellite-antennas/jcr:content/root/viasat/components/promocard","title":"Promo Card"},{"path":"/content/viasat/us/en/products/satellite-antennas/jcr:content/root/viasat/components/quote","title":"Quote"},{"path":"/content/viasat/us/en/products/satellite-antennas/jcr:content/root/viasat/components/regionselector","title":"Region Selector"},{"path":"/content/viasat/us/en/products/satellite-antennas/jcr:content/root/viasat/components/separator","title":"Separator"},{"path":"/content/viasat/us/en/products/satellite-antennas/jcr:content/root/viasat/components/subheader","title":"Sub Header"},{"path":"/content/viasat/us/en/products/satellite-antennas/jcr:content/root/viasat/components/tabs","title":"Tabs"},{"path":"/content/viasat/us/en/products/satellite-antennas/jcr:content/root/viasat/components/teaser","title":"Teaser"},{"path":"/content/viasat/us/en/products/satellite-antennas/jcr:content/root/viasat/components/text","title":"Text"},{"path":"/content/viasat/us/en/products/satellite-antennas/jcr:content/root/viasat/components/textinterrupter","title":"Text Interrupter"},{"path":"/content/viasat/us/en/products/satellite-antennas/jcr:content/root/viasat/components/tilegrid","title":"Tile Grid"},{"path":"/content/viasat/us/en/products/satellite-antennas/jcr:content/root/viasat/components/title","title":"Title"},{"path":"/content/viasat/us/en/products/satellite-antennas/jcr:content/root/viasat/components/topics","title":"Topics"},{"path":"/content/viasat/us/en/products/satellite-antennas/jcr:content/root/viasat/components/universalcard","title":"Universal Card"},{"path":"/content/viasat/us/en/products/satellite-antennas/jcr:content/root/viasat/components/universalcardcarousel","title":"Universal Card Carousel"},{"path":"/content/viasat/us/en/products/satellite-antennas/jcr:content/root/viasat/components/videowithtext","title":"Video with Text"},{"path":"/content/viasat/us/en/products/satellite-antennas/jcr:content/root/viasat/components/vsbrhomepagecarousel","title":"VSBR Homepage Carousel"},{"path":"/content/viasat/us/en/products/satellite-antennas/jcr:content/root/viasat/components/form/container","title":"Form Container"},{"path":"/content/viasat/us/en/products/satellite-antennas/jcr:content/root/viasat/components/blogsearchresults","title":"Blog Search Results"},{"path":"/content/viasat/us/en/products/satellite-antennas/jcr:content/root/viasat/components/findaretailer","title":"Find a Retailer"},{"path":"/content/viasat/us/en/products/satellite-antennas/jcr:content/root/viasat/components/fsmform","title":"FSM Form"},{"path":"/content/viasat/us/en/products/satellite-antennas/jcr:content/root/viasat/components/gated-content-form","title":"Gated Content Form"},{"path":"/content/viasat/us/en/products/satellite-antennas/jcr:content/root/viasat/components/phonelead","title":"Phone Lead"},{"path":"/content/viasat/us/en/products/satellite-antennas/jcr:content/root/viasat/components/press-release-container-us","title":"Press Release Container - US"},{"path":"/content/viasat/us/en/products/satellite-antennas/jcr:content/root/viasat/components/pressreleaselisting","title":"Press Release Listing"},{"path":"/content/viasat/us/en/products/satellite-antennas/jcr:content/root/viasat/components/pressreleasesv1","title":"Press Releases V1"},{"path":"/content/viasat/us/en/products/satellite-antennas/jcr:content/root/viasat/components/productdetailscarousel","title":"Product Details Carousel"},{"path":"/content/viasat/us/en/products/satellite-antennas/jcr:content/root/viasat/components/retailerresults","title":"Retailer Results"},{"path":"/content/viasat/us/en/products/satellite-antennas/jcr:content/root/viasat/components/searchfilter","title":"Search Filter"},{"path":"/content/viasat/us/en/products/satellite-antennas/jcr:content/root/viasat/components/serviceavailability","title":"Service Availability"},{"path":"/content/viasat/us/en/products/satellite-antennas/jcr:content/root/viasat/components/topblogs","title":"Top Blogs"},{"path":"/content/viasat/us/en/products/satellite-antennas/jcr:content/root/viasat/components/toppressreleases","title":"Top Press Releases"},{"path":"/content/viasat/us/en/products/satellite-antennas/jcr:content/root/viasat/components/flyout","title":"Flyout"},{"path":"/content/viasat/us/en/products/satellite-antennas/jcr:content/root/viasat/components/footer","title":"Footer"},{"path":"/content/viasat/us/en/products/satellite-antennas/jcr:content/root/viasat/components/footer/footermenu","title":"Footer Menu"},{"path":"/content/viasat/us/en/products/satellite-antennas/jcr:content/root/viasat/components/header","title":"Header"},{"path":"/content/viasat/us/en/products/satellite-antennas/jcr:content/root/viasat/components/header-v2","title":"Header (V2)"},{"path":"/content/viasat/us/en/products/satellite-antennas/jcr:content/root/viasat/components/languagenavigation","title":"Language Navigation"},{"path":"/content/viasat/us/en/products/satellite-antennas/jcr:content/root/viasat/components/partner-header","title":"Partner Header"},{"path":"/content/viasat/us/en/products/satellite-antennas/jcr:content/root/viasat/components/search","title":"Quick Search"},{"path":"/content/viasat/us/en/products/satellite-antennas/jcr:content/root/viasat/components/searchresults","title":"Search Results"},{"path":"/content/viasat/us/en/products/satellite-antennas/jcr:content/root/viasat/components/megamenu/submenu","title":"Submenu"}],"applicable":false},":itemsOrder":[... (set the log level to DEBUG or TRACE to see the full content) 
 </msg>
<msg timestamp="20240111 11:37:59.577" level="INFO">${response} = &lt;Response [200]&gt;</msg>
<status status="PASS" starttime="20240111 11:37:59.337" endtime="20240111 11:37:59.577"/>
</kw>
<kw name="Should Be Equal As Strings" library="BuiltIn">
<arg>${response.status_code}</arg>
<arg>200</arg>
<doc>Fails if objects are unequal after converting them to strings.</doc>
<msg timestamp="20240111 11:37:59.579" level="INFO">Argument types are:
&lt;class 'int'&gt;
&lt;class 'str'&gt;</msg>
<status status="PASS" starttime="20240111 11:37:59.577" endtime="20240111 11:37:59.579"/>
</kw>
<kw name="Convert To String" library="BuiltIn">
<var>${body}</var>
<arg>${response.content}</arg>
<doc>Converts the given item to a Unicode string.</doc>
<msg timestamp="20240111 11:37:59.584" level="INFO">${body} = {"id":"page-e370680a7c","designPath":"/libs/settings/wcm/designs/default","title":"Satellite Antennas","description":"Viasat is a leader in the design, development, and building of ground stations, sa...</msg>
<status status="PASS" starttime="20240111 11:37:59.579" endtime="20240111 11:37:59.584"/>
</kw>
<kw name="Should Contain" library="BuiltIn">
<arg>${body}</arg>
<arg>${body_text}</arg>
<doc>Fails if ``container`` does not contain ``item`` one or more times.</doc>
<status status="PASS" starttime="20240111 11:37:59.584" endtime="20240111 11:37:59.585"/>
</kw>
<status status="PASS" starttime="20240111 11:37:59.335" endtime="20240111 11:37:59.585"/>
</kw>
<status status="PASS" starttime="20240111 11:37:59.335" endtime="20240111 11:37:59.585"/>
</test>
<test id="s1-t2" name="viasat_products_fixed_request" line="49">
<kw name="Get_Request">
<arg>viasat_products_fixed</arg>
<arg>${PRODUCTS_SATELLITE_FIXED}</arg>
<arg>fixed wireless antenna</arg>
<kw name="Create Session" library="RequestsLibrary">
<arg>${request_name}</arg>
<arg>${request_url}</arg>
<arg>verify=true</arg>
<doc>Create Session: create a HTTP session to a server</doc>
<msg timestamp="20240111 11:37:59.587" level="INFO">Creating Session using : alias=viasat_products_fixed, url=https://www.viasat.com/content/viasat/us/en/products/satellite-antennas/fixed-wireless.model.json, headers={},                     cookies={}, auth=None, timeout=None, proxies=None, verify=True,                     debug=0 </msg>
<status status="PASS" starttime="20240111 11:37:59.587" endtime="20240111 11:37:59.587"/>
</kw>
<kw name="GET On Session" library="RequestsLibrary">
<var>${response}</var>
<arg>${request_name}</arg>
<arg>${request_url}</arg>
<doc>Sends a GET request on a previously created HTTP Session.</doc>
<msg timestamp="20240111 11:37:59.751" level="INFO">GET Request : url=https://www.viasat.com/content/viasat/us/en/products/satellite-antennas/fixed-wireless.model.json 
 path_url=/content/viasat/us/en/products/satellite-antennas/fixed-wireless.model.json 
 headers={'User-Agent': 'python-requests/2.28.1', 'Accept-Encoding': 'gzip, deflate', 'Accept': '*/*', 'Connection': 'keep-alive'} 
 body=None 
 </msg>
<msg timestamp="20240111 11:37:59.751" level="INFO">GET Response : url=https://www.viasat.com/content/viasat/us/en/products/satellite-antennas/fixed-wireless.model.json 
 status=200, reason=OK 
 headers={'Content-Type': 'application/json;charset=utf-8', 'Content-Length': '2856', 'Connection': 'keep-alive', 'Date': 'Thu, 11 Jan 2024 19:35:13 GMT', 'Set-Cookie': 'AWSALB=j3wWh71cwSwHE8dXKM15PzDjbwcB3YPt9FVXlRnFzjImedoFHoA4rzd2DAUkN8qnhmzv0grpLH1MD0A6cNvlJooJnjODpkMJuoQHYd8AglGyiWaUei0T/cbvrK1N; Expires=Thu, 18 Jan 2024 19:35:13 GMT; Path=/, AWSALBCORS=j3wWh71cwSwHE8dXKM15PzDjbwcB3YPt9FVXlRnFzjImedoFHoA4rzd2DAUkN8qnhmzv0grpLH1MD0A6cNvlJooJnjODpkMJuoQHYd8AglGyiWaUei0T/cbvrK1N; Expires=Thu, 18 Jan 2024 19:35:13 GMT; Path=/; SameSite=None; Secure', 'Server': 'Apache', 'X-Dispatcher': 'dispatcher2useast1', 'X-Vhost': 'publish', 'Strict-Transport-Security': 'max-age=63072000', 'X-XSS-Protection': '1; mode=block', 'referrer-policy': 'strict-origin-when-cross-origin', 'Cache-Control': 'public, max-age=43200', 'X-Content-Type-Options': 'nosniff', 'Last-Modified': 'Thu, 11 Jan 2024 19:35:13 GMT', 'ETag': 'W/"4dbe-60eb0a57efc5a-gzip"', 'Accept-Ranges': 'bytes', 'Content-Encoding': 'gzip', 'X-Frame-Options': 'SAMEORIGIN', 'Vary': 'Accept-Encoding, Origin', 'Public-Key-Pins': 'max-age=1296000; pin-sha256="cvv+hcZ+EP7Do1cnMVIRLqJHXFl7tjgRqpSm34h/DTk="; pin-sha256="I92nqKO6cgS1Gx4O4s+YbHuyyF6IX3n894ph9mpYSYQ=";', 'X-Viasat-Policy': '1_10', 'Content-Security-Policy': "default-src 'self' 'unsafe-inline' *.scene7.com *.marketo.com ; script-src 'self' 'unsafe-inline' 'unsafe-eval' blob: *.infinity-tracking.com *.adsrvr.org *.demandbase.com *.bing.com *.google.com *.cookielaw.org *.doubleclick.net *.adobedtm.com *.everestjs.net *.clarity.ms *.marketo.com *.scene7.com *.qualtrics.com *.conductor.com *.viasat.com *.amazonaws.com qvdt3feo.com *.googleadservices.com *.google-analytics.com *.googletagmanager.com *.googleapis.com *.adobedtm.com *.sftoaa.com *.everestjs.net *.invocacdn.com *.invoca.net *.marketo.net *.crazyegg.com *.licdn.com *.facebook.net viasatinc.data.adobedc.net *.raygun.io *.bizible.com siteintercept.qualtrics.com *.icat.viasat.io tags.srv.stackadapt.com  ; frame-src 'self' *.youtube.com *.marketo.com *.adsrvr.org *.facebook.com *.company-target.com *.az1.qualtrics.com *.opendns.com *.adsrvr.cn *.doubleclick.net *.everesttech.net *.demdex.net *.everestjs.net *.force.com *.crazyegg.com ca-viasat-status.s3.amazonaws.com  ; img-src 'self' https: data:  ; media-src 'self' *.scene7.com  ; script-src-elem 'self' https: 'unsafe-inline'  ; connect-src 'self' 'unsafe-inline' *.demandbase.com *.infinity-tracking.net *.infinity-tracking.com *.onetrust.com *.company-target.com *.oribi.io *.clarity.ms *.scene7.com *.qualtrics.com *.facebook.com *.cookielaw.org *.everesttech.net google.com *.google.com *.google-analytics.com *.viasat.com *.doubleclick.net *.googleapis.com *.demdex.net *.omtrdc.net *.mktoresp.com *.crazyegg.com *.ads.linkedin.com cognito-identity.us-east-1.amazonaws.com sts.us-east-1.amazonaws.com dataplane.rum.us-east-1.amazonaws.com *.icat.viasat.io *.raygun.io *.bing.com *.invoca.net *.mktoutil.com tags.srv.stackadapt.com *.phonetrack.com * *.sftoaa.com  ; font-src 'self' fonts.gstatic.com *.googleapis.com *.icat.viasat.io *.typekit.net  ; style-src 'self' 'unsafe-inline' *.scene7.com *.marketo.com *.googleapis.com *.amazonaws.com *.scene7.com *.gstatic.com *.miaprova.com tags.srv.stackadapt.com  ; report-uri https://report-to-api.raygun.com/reports-csp?apikey=4uWKnPZoEmyV7vSRKJeHw report-to csp-endpoint", 'Report-To': '{"group": "csp-endpoint", "max-age": 10886400, "endpoints": [ { "url": "https://report-to-api.raygun.com/reports?apikey=4uWKnPZoEmyV7vSRKJeHw" } ] }', 'X-Cache': 'Hit from cloudfront', 'Via': '1.1 451146ac16b95679df1cbebbf8a889ba.cloudfront.net (CloudFront)', 'X-Amz-Cf-Pop': 'LAX50-P3', 'X-Amz-Cf-Id': 'ClOEIia1U0t5-u60XT2IEXl2S9Yy0YCsNEOJmjQ2xc5iN-33jMMKKA==', 'Age': '166'} 
 body={"id":"product-detail-page-d5bcee8396","designPath":"/libs/settings/wcm/designs/default","title":"Fixed Wireless Antennas","description":"Viasat’s fixed wireless antennas are designed to support a range of customers and environments. Learn more about our standard antenna and custom solutions.","brandSlug":"","lastModifiedDate":1648752193921,"templateName":"product-detail-template","appResourcesPath":"/etc.clientlibs/viasat/clientlibs/clientlib-site/resources","htmlPageItems":[],"cssClassNames":"product-detail-page page basicpage","language":"en",":itemsOrder":["root"],":items":{"root":{"gridClassNames":"aem-Grid aem-Grid--12 aem-Grid--default--12","columnClassNames":{"container":"aem-GridColumn aem-GridColumn--default--12"},"columnCount":12,"allowedComponents":{"components":[{"path":"/content/viasat/us/en/products/satellite-antennas/fixed-wireless/jcr:content/root/viasat/components/accordion","title":"Accordion"},{"path":"/content/viasat/us/en/products/satellite-antennas/fixed-wireless/jcr:content/root/viasat/components/blogauthor","title":"Blog Author"},{"path":"/content/viasat/us/en/products/satellite-antennas/fixed-wireless/jcr:content/root/viasat/components/breadcrumb","title":"Breadcrumb"},{"path":"/content/viasat/us/en/products/satellite-antennas/fixed-wireless/jcr:content/root/viasat/components/button","title":"Button"},{"path":"/content/viasat/us/en/products/satellite-antennas/fixed-wireless/jcr:content/root/viasat/components/buttonwhatsapp","title":"Button Whatsapp"},{"path":"/content/viasat/us/en/products/satellite-antennas/fixed-wireless/jcr:content/root/viasat/components/calltoaction","title":"Call To Action"},{"path":"/content/viasat/us/en/products/satellite-antennas/fixed-wireless/jcr:content/root/viasat/components/carousel","title":"Carousel"},{"path":"/content/viasat/us/en/products/satellite-antennas/fixed-wireless/jcr:content/root/viasat/components/container","title":"Container"},{"path":"/content/viasat/us/en/products/satellite-antennas/fixed-wireless/jcr:content/root/viasat/components/contentfragment","title":"Content Fragment"},{"path":"/content/viasat/us/en/products/satellite-antennas/fixed-wireless/jcr:content/root/viasat/components/contentfragmentlist","title":"Content Fragment List"},{"path":"/content/viasat/us/en/products/satellite-antennas/fixed-wireless/jcr:content/root/viasat/components/digitalservices","title":"Digital Service"},{"path":"/content/viasat/us/en/products/satellite-antennas/fixed-wireless/jcr:content/root/viasat/components/digitalservicetab","title":"Digital Services Tab"},{"path":"/content/viasat/us/en/products/satellite-antennas/fixed-wireless/jcr:content/root/viasat/components/download","title":"Download"},{"path":"/content/viasat/us/en/products/satellite-antennas/fixed-wireless/jcr:content/root/viasat/components/downloadablecarousel","title":"Downloadable Carousel"},{"path":"/content/viasat/us/en/products/satellite-antennas/fixed-wireless/jcr:content/root/viasat/components/embed","title":"Embed"},{"path":"/content/viasat/us/en/products/satellite-antennas/fixed-wireless/jcr:content/root/viasat/components/enhancedtextcta","title":"Enhanced Text and CTA"},{"path":"/content/viasat/us/en/products/satellite-antennas/fixed-wireless/jcr:content/root/viasat/components/experiencefragment","title":"Experience Fragment"},{"path":"/content/viasat/us/en/products/satellite-antennas/fixed-wireless/jcr:content/root/viasat/components/flexibleimagecard","title":"Flexible image card"},{"path":"/content/viasat/us/en/products/satellite-antennas/fixed-wireless/jcr:content/root/viasat/components/floatingcard","title":"Floating card"},{"path":"/content/viasat/us/en/products/satellite-antennas/fixed-wireless/jcr:content/root/viasat/components/floatingdialog","title":"Floating Dialog"},{"path":"/content/viasat/us/en/products/satellite-antennas/fixed-wireless/jcr:content/root/viasat/components/fullimagewithtext","title":"Left Right Text with Image"},{"path":"/content/viasat/us/en/products/satellite-antennas/fixed-wireless/jcr:content/root/viasat/components/headerwithbackgroundgradient","title":"Header with Background Gradient"},{"path":"/content/viasat/us/en/products/satellite-antennas/fixed-wireless/jcr:content/root/viasat/components/homepagecarousel","title":"Homepage Carousel"},{"path":"/content/viasat/us/en/products/satellite-antennas/fixed-wireless/jcr:content/root/viasat/components/howto","title":"How To"},{"path":"/content/viasat/us/en/products/satellite-antennas/fixed-wireless/jcr:content/root/viasat/components/image","title":"Image"},{"path":"/content/viasat/us/en/products/satellite-antennas/fixed-wireless/jcr:content/root/viasat/components/list","title":"List"},{"path":"/content/viasat/us/en/products/satellite-antennas/fixed-wireless/jcr:content/root/viasat/components/plancard","title":"Plan Card"},{"path":"/content/viasat/us/en/products/satellite-antennas/fixed-wireless/jcr:content/root/viasat/components/promobanner","title":"Promo Banner"},{"path":"/content/viasat/us/en/products/satellite-antennas/fixed-wireless/jcr:content/root/viasat/components/promocard","title":"Promo Card"},{"path":"/content/viasat/us/en/products/satellite-antennas/fixed-wireless/jcr:content/root/viasat/components/quote","title":"Quote"},{"path":"/content/viasat/us/en/products/satellite-antennas/fixed-wireless/jcr:content/root/viasat/components/regionselector","title":"Region Selector"},{"path":"/content/viasat/us/en/products/satellite-antennas/fixed-wireless/jcr:content/root/viasat/components/separator","title":"Separator"},{"path":"/content/viasat/us/en/products/satellite-antennas/fixed-wireless/jcr:content/root/viasat/components/subheader","title":"Sub Header"},{"path":"/content/viasat/us/en/products/satellite-antennas/fixed-wireless/jcr:content/root/viasat/components/tabs","title":"Tabs"},{"path":"/content/viasat/us/en/products/satellite-antennas/fixed-wireless/jcr:content/root/viasat/components/teaser","title":"Teaser"},{"path":"/content/viasat/us/en/products/satellite-antennas/fixed-wireless/jcr:content/root/viasat/components/text","title":"Text"},{"path":"/content/viasat/us/en/products/satellite-antennas/fixed-wireless/jcr:content/root/viasat/components/textinterrupter","title":"Text Interrupter"},{"path":"/content/viasat/us/en/products/satellite-antennas/fixed-wireless/jcr:content/root/viasat/components/tilegrid","title":"Tile Grid"},{"path":"/content/viasat/us/en/products/satellite-antennas/fixed-wireless/jcr:content/root/viasat/components/title","title":"Title"},{"path":"/content/viasat/us/en/products/satellite-antennas/fixed-wireless/jcr:content/root/viasat/components/topics","title":"Topics"},{"path":"/content/viasat/us/en/products/satellite-antennas/fixed-wireless/jcr:content/root/viasat/components/universalcard","title":"Universal Card"},{"path":"/content/viasat/us/en/products/satellite-antennas/fixed-wireless/jcr:content/root/viasat/components/universalcardcarousel","title":"Universal Card Carousel"},{"path":"/content/viasat/us/en/products/satellite-antennas/fixed-wireless/jcr:content/root/viasat/components/videowithtext","title":"Video with Text"},{"path":"/content/viasat/us/en/products/satellite-antennas/fixed-wireless/jcr:content/root/viasat/components/vsbrhomepagecarousel","title":"VSBR Homepage Carousel"},{"path":"/content/viasat/us/en/products/satellite-antennas/fixed-wireless/jcr:content/root/viasat/components/form/container","title":"Form Container"},{"path":"/content/viasat/us/en/products/satellite-antennas/fixed-wireless/jcr:content/root/viasat/components/blogsearchresults","title":"Blog Search Results"},{"path":"/content/viasat/us/en/products/satellite-antennas/fixed-wireless/jcr:content/root/viasat/components/findaretailer","title":"Find a Retailer"},{"path":"/content/viasat/us/en/products/satellite-antennas/fixed-wireless/jcr:content/root/viasat/components/fsmform","title":"FSM Form"},{"path":"/content/viasat/us/en/products/satellite-antennas/fixed-wireless/jcr:content/root/viasat/components/gated-content-form","title":"Gated Content Form"},{"path":"/content/viasat/us/en/products/satellite-antennas/fixed-wireless/jcr:content/root/viasat/components/phonelead","title":"Phone Lead"},{"path":"/content/viasat/us/en/products/satellite-antennas/fixed-wireless/jcr:content/root/viasat/components/press-release-container-us","title":"Press Release Container - US"},{"path":"/content/viasat/us/en/products/satellite-antennas/fixed-wireless/jcr:content/root/viasat/components/pressreleaselisting","title":"Press Release Listing"},{"path":"/content/viasat/us/en/products/satellite-antennas/fixed-wireless/jcr:content/root/viasat/components/pressreleasesv1","title":"Press Releases V1"},{"path":"/content/viasat/us/en/products/satellite-antennas/fixed-wireless/jcr:content/root/viasat/components/productdetailscarousel","title":"Product Details Carousel"},{"path":"/content/viasat/us/en/products/satellite-antennas/fixed-wireless/jcr:content/root/viasat/components/retailerresults","title":"Retailer Results"},{"path":"/content/viasat/us/en/products/satellite-antennas/fixed-wireless/jcr:content/root/viasat/components/searchfilter","title":"Search Filter"},{"path":"/content/viasat/us/en/products/satellite-antennas/fixed-wireless/jcr:content/root/viasat/components/serviceavailability","title":"Service Availability"},{"path":"/content/viasat/us/en/products/satellite-antennas/fixed-wireless/jcr:content/root/viasat/components/topblogs","title":"Top Blogs"},{"path":"/content/viasat/us/en/products/satellite-antennas/fixed-wireless/jcr:content/root/viasat/components/toppressreleases","title":"Top Press Releases"},{"path":"/content/viasat/us/en/products/satellite-antennas/fixed-wireless/jcr:content/root/viasat/components/flyout","title":"Flyout"},{"path":"/content/viasat/us/en/products/satellite-antennas/fixed-wireless/jcr:content/root/viasat/components/footer","title":"Footer"},{"path":"/content/viasat/us/en/products/satellite-antennas/fixed-wireless/jcr:content/root/viasat/components/footer/footermenu","title":"Foot... (set the log level to DEBUG or TRACE to see the full content) 
 </msg>
<msg timestamp="20240111 11:37:59.752" level="INFO">${response} = &lt;Response [200]&gt;</msg>
<status status="PASS" starttime="20240111 11:37:59.587" endtime="20240111 11:37:59.752"/>
</kw>
<kw name="Should Be Equal As Strings" library="BuiltIn">
<arg>${response.status_code}</arg>
<arg>200</arg>
<doc>Fails if objects are unequal after converting them to strings.</doc>
<msg timestamp="20240111 11:37:59.753" level="INFO">Argument types are:
&lt;class 'int'&gt;
&lt;class 'str'&gt;</msg>
<status status="PASS" starttime="20240111 11:37:59.752" endtime="20240111 11:37:59.754"/>
</kw>
<kw name="Convert To String" library="BuiltIn">
<var>${body}</var>
<arg>${response.content}</arg>
<doc>Converts the given item to a Unicode string.</doc>
<msg timestamp="20240111 11:37:59.758" level="INFO">${body} = {"id":"product-detail-page-d5bcee8396","designPath":"/libs/settings/wcm/designs/default","title":"Fixed Wireless Antennas","description":"Viasat\xe2\x80\x99s fixed wireless antennas are designed to su...</msg>
<status status="PASS" starttime="20240111 11:37:59.754" endtime="20240111 11:37:59.758"/>
</kw>
<kw name="Should Contain" library="BuiltIn">
<arg>${body}</arg>
<arg>${body_text}</arg>
<doc>Fails if ``container`` does not contain ``item`` one or more times.</doc>
<status status="PASS" starttime="20240111 11:37:59.758" endtime="20240111 11:37:59.758"/>
</kw>
<status status="PASS" starttime="20240111 11:37:59.586" endtime="20240111 11:37:59.758"/>
</kw>
<status status="PASS" starttime="20240111 11:37:59.586" endtime="20240111 11:37:59.759"/>
</test>
<test id="s1-t3" name="viasat_products_terminals_request" line="51">
<kw name="Get_Request">
<arg>viasat_products_terminals</arg>
<arg>${PRODUCTS_TERMINALS}</arg>
<arg>terminal with integrated RF</arg>
<kw name="Create Session" library="RequestsLibrary">
<arg>${request_name}</arg>
<arg>${request_url}</arg>
<arg>verify=true</arg>
<doc>Create Session: create a HTTP session to a server</doc>
<msg timestamp="20240111 11:37:59.760" level="INFO">Creating Session using : alias=viasat_products_terminals, url=https://www.viasat.com/content/viasat/us/en/products/terminals-and-radios.model.json, headers={},                     cookies={}, auth=None, timeout=None, proxies=None, verify=True,                     debug=0 </msg>
<status status="PASS" starttime="20240111 11:37:59.760" endtime="20240111 11:37:59.760"/>
</kw>
<kw name="GET On Session" library="RequestsLibrary">
<var>${response}</var>
<arg>${request_name}</arg>
<arg>${request_url}</arg>
<doc>Sends a GET request on a previously created HTTP Session.</doc>
<msg timestamp="20240111 11:37:59.928" level="INFO">GET Request : url=https://www.viasat.com/content/viasat/us/en/products/terminals-and-radios.model.json 
 path_url=/content/viasat/us/en/products/terminals-and-radios.model.json 
 headers={'User-Agent': 'python-requests/2.28.1', 'Accept-Encoding': 'gzip, deflate', 'Accept': '*/*', 'Connection': 'keep-alive'} 
 body=None 
 </msg>
<msg timestamp="20240111 11:37:59.929" level="INFO">GET Response : url=https://www.viasat.com/content/viasat/us/en/products/terminals-and-radios.model.json 
 status=200, reason=OK 
 headers={'Content-Type': 'application/json;charset=utf-8', 'Content-Length': '5276', 'Connection': 'keep-alive', 'Date': 'Thu, 11 Jan 2024 19:35:14 GMT', 'Set-Cookie': 'AWSALB=tNTk7ks6Z9zJBrWZ0IfKy326/Lptlw5Iynt6r+5iA53sUz0TficD+r/Or8MMGlHnQXi4t4FGWNjU0LjmUNKpbg/CSBFK1u9jLFs/og6D50P7eKaic4HItyJEhKAh; Expires=Thu, 18 Jan 2024 19:35:14 GMT; Path=/, AWSALBCORS=tNTk7ks6Z9zJBrWZ0IfKy326/Lptlw5Iynt6r+5iA53sUz0TficD+r/Or8MMGlHnQXi4t4FGWNjU0LjmUNKpbg/CSBFK1u9jLFs/og6D50P7eKaic4HItyJEhKAh; Expires=Thu, 18 Jan 2024 19:35:14 GMT; Path=/; SameSite=None; Secure', 'Server': 'Apache', 'X-Dispatcher': 'dispatcher2useast1', 'X-Vhost': 'publish', 'Strict-Transport-Security': 'max-age=63072000', 'X-XSS-Protection': '1; mode=block', 'referrer-policy': 'strict-origin-when-cross-origin', 'Cache-Control': 'public, max-age=43200', 'X-Content-Type-Options': 'nosniff', 'Last-Modified': 'Thu, 11 Jan 2024 19:35:14 GMT', 'ETag': 'W/"b656-60eb0a588c43a-gzip"', 'Accept-Ranges': 'bytes', 'Content-Encoding': 'gzip', 'X-Frame-Options': 'SAMEORIGIN', 'Vary': 'Accept-Encoding, Origin', 'Public-Key-Pins': 'max-age=1296000; pin-sha256="cvv+hcZ+EP7Do1cnMVIRLqJHXFl7tjgRqpSm34h/DTk="; pin-sha256="I92nqKO6cgS1Gx4O4s+YbHuyyF6IX3n894ph9mpYSYQ=";', 'X-Viasat-Policy': '1_10', 'Content-Security-Policy': "default-src 'self' 'unsafe-inline' *.scene7.com *.marketo.com ; script-src 'self' 'unsafe-inline' 'unsafe-eval' blob: *.infinity-tracking.com *.adsrvr.org *.demandbase.com *.bing.com *.google.com *.cookielaw.org *.doubleclick.net *.adobedtm.com *.everestjs.net *.clarity.ms *.marketo.com *.scene7.com *.qualtrics.com *.conductor.com *.viasat.com *.amazonaws.com qvdt3feo.com *.googleadservices.com *.google-analytics.com *.googletagmanager.com *.googleapis.com *.adobedtm.com *.sftoaa.com *.everestjs.net *.invocacdn.com *.invoca.net *.marketo.net *.crazyegg.com *.licdn.com *.facebook.net viasatinc.data.adobedc.net *.raygun.io *.bizible.com siteintercept.qualtrics.com *.icat.viasat.io tags.srv.stackadapt.com  ; frame-src 'self' *.youtube.com *.marketo.com *.adsrvr.org *.facebook.com *.company-target.com *.az1.qualtrics.com *.opendns.com *.adsrvr.cn *.doubleclick.net *.everesttech.net *.demdex.net *.everestjs.net *.force.com *.crazyegg.com ca-viasat-status.s3.amazonaws.com  ; img-src 'self' https: data:  ; media-src 'self' *.scene7.com  ; script-src-elem 'self' https: 'unsafe-inline'  ; connect-src 'self' 'unsafe-inline' *.demandbase.com *.infinity-tracking.net *.infinity-tracking.com *.onetrust.com *.company-target.com *.oribi.io *.clarity.ms *.scene7.com *.qualtrics.com *.facebook.com *.cookielaw.org *.everesttech.net google.com *.google.com *.google-analytics.com *.viasat.com *.doubleclick.net *.googleapis.com *.demdex.net *.omtrdc.net *.mktoresp.com *.crazyegg.com *.ads.linkedin.com cognito-identity.us-east-1.amazonaws.com sts.us-east-1.amazonaws.com dataplane.rum.us-east-1.amazonaws.com *.icat.viasat.io *.raygun.io *.bing.com *.invoca.net *.mktoutil.com tags.srv.stackadapt.com *.phonetrack.com * *.sftoaa.com  ; font-src 'self' fonts.gstatic.com *.googleapis.com *.icat.viasat.io *.typekit.net  ; style-src 'self' 'unsafe-inline' *.scene7.com *.marketo.com *.googleapis.com *.amazonaws.com *.scene7.com *.gstatic.com *.miaprova.com tags.srv.stackadapt.com  ; report-uri https://report-to-api.raygun.com/reports-csp?apikey=4uWKnPZoEmyV7vSRKJeHw report-to csp-endpoint", 'Report-To': '{"group": "csp-endpoint", "max-age": 10886400, "endpoints": [ { "url": "https://report-to-api.raygun.com/reports?apikey=4uWKnPZoEmyV7vSRKJeHw" } ] }', 'X-Cache': 'Hit from cloudfront', 'Via': '1.1 8ecce36e4f9c7d96fcc3b7140122ffce.cloudfront.net (CloudFront)', 'X-Amz-Cf-Pop': 'LAX50-P3', 'X-Amz-Cf-Id': 'uPpYyZ9wqYLWY27khFxZ1zF2eonyulJ56nGVCRYtc-zOXy3H5QOtyQ==', 'Age': '166'} 
 body={"id":"page-60df67298b","designPath":"/libs/settings/wcm/designs/default","title":"Satellite Terminals &amp; Radios ","description":"Viasat is a leading provider of terminal and radio solutions for residential, business and defense applications.","brandSlug":"","lastModifiedDate":1672859636283,"templateName":"page-content","appResourcesPath":"/etc.clientlibs/viasat/clientlibs/clientlib-site/resources","htmlPageItems":[],"cssClassNames":"page basicpage","language":"en",":itemsOrder":["root"],":items":{"root":{"gridClassNames":"aem-Grid aem-Grid--12 aem-Grid--default--12","columnClassNames":{"container":"aem-GridColumn aem-GridColumn--default--12"},"columnCount":12,"allowedComponents":{"components":[{"path":"/content/viasat/us/en/products/terminals-and-radios/jcr:content/root/viasat/components/accordion","title":"Accordion"},{"path":"/content/viasat/us/en/products/terminals-and-radios/jcr:content/root/viasat/components/blogauthor","title":"Blog Author"},{"path":"/content/viasat/us/en/products/terminals-and-radios/jcr:content/root/viasat/components/breadcrumb","title":"Breadcrumb"},{"path":"/content/viasat/us/en/products/terminals-and-radios/jcr:content/root/viasat/components/button","title":"Button"},{"path":"/content/viasat/us/en/products/terminals-and-radios/jcr:content/root/viasat/components/buttonwhatsapp","title":"Button Whatsapp"},{"path":"/content/viasat/us/en/products/terminals-and-radios/jcr:content/root/viasat/components/calltoaction","title":"Call To Action"},{"path":"/content/viasat/us/en/products/terminals-and-radios/jcr:content/root/viasat/components/carousel","title":"Carousel"},{"path":"/content/viasat/us/en/products/terminals-and-radios/jcr:content/root/viasat/components/container","title":"Container"},{"path":"/content/viasat/us/en/products/terminals-and-radios/jcr:content/root/viasat/components/contentfragment","title":"Content Fragment"},{"path":"/content/viasat/us/en/products/terminals-and-radios/jcr:content/root/viasat/components/contentfragmentlist","title":"Content Fragment List"},{"path":"/content/viasat/us/en/products/terminals-and-radios/jcr:content/root/viasat/components/digitalservices","title":"Digital Service"},{"path":"/content/viasat/us/en/products/terminals-and-radios/jcr:content/root/viasat/components/digitalservicetab","title":"Digital Services Tab"},{"path":"/content/viasat/us/en/products/terminals-and-radios/jcr:content/root/viasat/components/download","title":"Download"},{"path":"/content/viasat/us/en/products/terminals-and-radios/jcr:content/root/viasat/components/downloadablecarousel","title":"Downloadable Carousel"},{"path":"/content/viasat/us/en/products/terminals-and-radios/jcr:content/root/viasat/components/embed","title":"Embed"},{"path":"/content/viasat/us/en/products/terminals-and-radios/jcr:content/root/viasat/components/enhancedtextcta","title":"Enhanced Text and CTA"},{"path":"/content/viasat/us/en/products/terminals-and-radios/jcr:content/root/viasat/components/experiencefragment","title":"Experience Fragment"},{"path":"/content/viasat/us/en/products/terminals-and-radios/jcr:content/root/viasat/components/flexibleimagecard","title":"Flexible image card"},{"path":"/content/viasat/us/en/products/terminals-and-radios/jcr:content/root/viasat/components/floatingcard","title":"Floating card"},{"path":"/content/viasat/us/en/products/terminals-and-radios/jcr:content/root/viasat/components/floatingdialog","title":"Floating Dialog"},{"path":"/content/viasat/us/en/products/terminals-and-radios/jcr:content/root/viasat/components/fullimagewithtext","title":"Left Right Text with Image"},{"path":"/content/viasat/us/en/products/terminals-and-radios/jcr:content/root/viasat/components/headerwithbackgroundgradient","title":"Header with Background Gradient"},{"path":"/content/viasat/us/en/products/terminals-and-radios/jcr:content/root/viasat/components/homepagecarousel","title":"Homepage Carousel"},{"path":"/content/viasat/us/en/products/terminals-and-radios/jcr:content/root/viasat/components/howto","title":"How To"},{"path":"/content/viasat/us/en/products/terminals-and-radios/jcr:content/root/viasat/components/image","title":"Image"},{"path":"/content/viasat/us/en/products/terminals-and-radios/jcr:content/root/viasat/components/list","title":"List"},{"path":"/content/viasat/us/en/products/terminals-and-radios/jcr:content/root/viasat/components/plancard","title":"Plan Card"},{"path":"/content/viasat/us/en/products/terminals-and-radios/jcr:content/root/viasat/components/promobanner","title":"Promo Banner"},{"path":"/content/viasat/us/en/products/terminals-and-radios/jcr:content/root/viasat/components/promocard","title":"Promo Card"},{"path":"/content/viasat/us/en/products/terminals-and-radios/jcr:content/root/viasat/components/quote","title":"Quote"},{"path":"/content/viasat/us/en/products/terminals-and-radios/jcr:content/root/viasat/components/regionselector","title":"Region Selector"},{"path":"/content/viasat/us/en/products/terminals-and-radios/jcr:content/root/viasat/components/separator","title":"Separator"},{"path":"/content/viasat/us/en/products/terminals-and-radios/jcr:content/root/viasat/components/subheader","title":"Sub Header"},{"path":"/content/viasat/us/en/products/terminals-and-radios/jcr:content/root/viasat/components/tabs","title":"Tabs"},{"path":"/content/viasat/us/en/products/terminals-and-radios/jcr:content/root/viasat/components/teaser","title":"Teaser"},{"path":"/content/viasat/us/en/products/terminals-and-radios/jcr:content/root/viasat/components/text","title":"Text"},{"path":"/content/viasat/us/en/products/terminals-and-radios/jcr:content/root/viasat/components/textinterrupter","title":"Text Interrupter"},{"path":"/content/viasat/us/en/products/terminals-and-radios/jcr:content/root/viasat/components/tilegrid","title":"Tile Grid"},{"path":"/content/viasat/us/en/products/terminals-and-radios/jcr:content/root/viasat/components/title","title":"Title"},{"path":"/content/viasat/us/en/products/terminals-and-radios/jcr:content/root/viasat/components/topics","title":"Topics"},{"path":"/content/viasat/us/en/products/terminals-and-radios/jcr:content/root/viasat/components/universalcard","title":"Universal Card"},{"path":"/content/viasat/us/en/products/terminals-and-radios/jcr:content/root/viasat/components/universalcardcarousel","title":"Universal Card Carousel"},{"path":"/content/viasat/us/en/products/terminals-and-radios/jcr:content/root/viasat/components/videowithtext","title":"Video with Text"},{"path":"/content/viasat/us/en/products/terminals-and-radios/jcr:content/root/viasat/components/vsbrhomepagecarousel","title":"VSBR Homepage Carousel"},{"path":"/content/viasat/us/en/products/terminals-and-radios/jcr:content/root/viasat/components/form/container","title":"Form Container"},{"path":"/content/viasat/us/en/products/terminals-and-radios/jcr:content/root/viasat/components/blogsearchresults","title":"Blog Search Results"},{"path":"/content/viasat/us/en/products/terminals-and-radios/jcr:content/root/viasat/components/findaretailer","title":"Find a Retailer"},{"path":"/content/viasat/us/en/products/terminals-and-radios/jcr:content/root/viasat/components/fsmform","title":"FSM Form"},{"path":"/content/viasat/us/en/products/terminals-and-radios/jcr:content/root/viasat/components/gated-content-form","title":"Gated Content Form"},{"path":"/content/viasat/us/en/products/terminals-and-radios/jcr:content/root/viasat/components/phonelead","title":"Phone Lead"},{"path":"/content/viasat/us/en/products/terminals-and-radios/jcr:content/root/viasat/components/press-release-container-us","title":"Press Release Container - US"},{"path":"/content/viasat/us/en/products/terminals-and-radios/jcr:content/root/viasat/components/pressreleaselisting","title":"Press Release Listing"},{"path":"/content/viasat/us/en/products/terminals-and-radios/jcr:content/root/viasat/components/pressreleasesv1","title":"Press Releases V1"},{"path":"/content/viasat/us/en/products/terminals-and-radios/jcr:content/root/viasat/components/productdetailscarousel","title":"Product Details Carousel"},{"path":"/content/viasat/us/en/products/terminals-and-radios/jcr:content/root/viasat/components/retailerresults","title":"Retailer Results"},{"path":"/content/viasat/us/en/products/terminals-and-radios/jcr:content/root/viasat/components/searchfilter","title":"Search Filter"},{"path":"/content/viasat/us/en/products/terminals-and-radios/jcr:content/root/viasat/components/serviceavailability","title":"Service Availability"},{"path":"/content/viasat/us/en/products/terminals-and-radios/jcr:content/root/viasat/components/topblogs","title":"Top Blogs"},{"path":"/content/viasat/us/en/products/terminals-and-radios/jcr:content/root/viasat/components/toppressreleases","title":"Top Press Releases"},{"path":"/content/viasat/us/en/products/terminals-and-radios/jcr:content/root/viasat/components/flyout","title":"Flyout"},{"path":"/content/viasat/us/en/products/terminals-and-radios/jcr:content/root/viasat/components/footer","title":"Footer"},{"path":"/content/viasat/us/en/products/terminals-and-radios/jcr:content/root/viasat/components/footer/footermenu","title":"Footer Menu"},{"path":"/content/viasat/us/en/products/terminals-and-radios/jcr:content/root/viasat/components/header","title":"Header"},{"path":"/content/viasat/us/en/products/terminals-and-radios/jcr:content/root/viasat/components/header-v2","title":"Header (V2)"},{"path":"/content/viasat/us/en/products/terminals-and-radios/jcr:content/root/viasat/components/languagenavigation","title":"Language Navigation"},{"path":"/content/viasat/us/en/products/terminals-and-radios/jcr:content/root/viasat/components/partner-header","title":"Partner Header"},{"path":"/content/viasat/us/en/products/terminals-and-radios/jcr:content/root/viasat/components/search","title":"Quick Search"},{"path":"/content/viasat/us/en/products/terminals-and-radios/jcr:content/root/viasat/components/searchresults","title":"Search Results"},{"path":"/content/viasat/us/en/products/terminals-and-radios/jcr:content/root... (set the log level to DEBUG or TRACE to see the full content) 
 </msg>
<msg timestamp="20240111 11:37:59.929" level="INFO">${response} = &lt;Response [200]&gt;</msg>
<status status="PASS" starttime="20240111 11:37:59.760" endtime="20240111 11:37:59.929"/>
</kw>
<kw name="Should Be Equal As Strings" library="BuiltIn">
<arg>${response.status_code}</arg>
<arg>200</arg>
<doc>Fails if objects are unequal after converting them to strings.</doc>
<msg timestamp="20240111 11:37:59.930" level="INFO">Argument types are:
&lt;class 'int'&gt;
&lt;class 'str'&gt;</msg>
<status status="PASS" starttime="20240111 11:37:59.929" endtime="20240111 11:37:59.931"/>
</kw>
<kw name="Convert To String" library="BuiltIn">
<var>${body}</var>
<arg>${response.content}</arg>
<doc>Converts the given item to a Unicode string.</doc>
<msg timestamp="20240111 11:37:59.938" level="INFO">${body} = {"id":"page-60df67298b","designPath":"/libs/settings/wcm/designs/default","title":"Satellite Terminals &amp; Radios ","description":"Viasat is a leading provider of terminal and radio solutions for reside...</msg>
<status status="PASS" starttime="20240111 11:37:59.931" endtime="20240111 11:37:59.938"/>
</kw>
<kw name="Should Contain" library="BuiltIn">
<arg>${body}</arg>
<arg>${body_text}</arg>
<doc>Fails if ``container`` does not contain ``item`` one or more times.</doc>
<status status="PASS" starttime="20240111 11:37:59.938" endtime="20240111 11:37:59.938"/>
</kw>
<status status="PASS" starttime="20240111 11:37:59.759" endtime="20240111 11:37:59.939"/>
</kw>
<status status="PASS" starttime="20240111 11:37:59.759" endtime="20240111 11:37:59.939"/>
</test>
<test id="s1-t4" name="viasat_products_terminals_fixed_request" line="53">
<kw name="Get_Request">
<arg>viasat_products_terminals_fixed</arg>
<arg>${PRODUCTS_TERMINALS_FIXED}</arg>
<arg>fixed broadband terminal</arg>
<kw name="Create Session" library="RequestsLibrary">
<arg>${request_name}</arg>
<arg>${request_url}</arg>
<arg>verify=true</arg>
<doc>Create Session: create a HTTP session to a server</doc>
<msg timestamp="20240111 11:37:59.940" level="INFO">Creating Session using : alias=viasat_products_terminals_fixed, url=https://www.viasat.com/content/viasat/us/en/products/terminals-and-radios/fixed-broadband-terminals.model.json, headers={},                     cookies={}, auth=None, timeout=None, proxies=None, verify=True,                     debug=0 </msg>
<status status="PASS" starttime="20240111 11:37:59.940" endtime="20240111 11:37:59.940"/>
</kw>
<kw name="GET On Session" library="RequestsLibrary">
<var>${response}</var>
<arg>${request_name}</arg>
<arg>${request_url}</arg>
<doc>Sends a GET request on a previously created HTTP Session.</doc>
<msg timestamp="20240111 11:38:00.110" level="INFO">GET Request : url=https://www.viasat.com/content/viasat/us/en/products/terminals-and-radios/fixed-broadband-terminals.model.json 
 path_url=/content/viasat/us/en/products/terminals-and-radios/fixed-broadband-terminals.model.json 
 headers={'User-Agent': 'python-requests/2.28.1', 'Accept-Encoding': 'gzip, deflate', 'Accept': '*/*', 'Connection': 'keep-alive'} 
 body=None 
 </msg>
<msg timestamp="20240111 11:38:00.110" level="INFO">GET Response : url=https://www.viasat.com/content/viasat/us/en/products/terminals-and-radios/fixed-broadband-terminals.model.json 
 status=200, reason=OK 
 headers={'Content-Type': 'application/json;charset=utf-8', 'Content-Length': '2844', 'Connection': 'keep-alive', 'Date': 'Thu, 11 Jan 2024 19:35:14 GMT', 'Set-Cookie': 'AWSALB=o+TTgUeKII0akzOk7OGeZu0bK29ptBGMl2y7cUgDDOsw7n6SLdnxYpzluw992csW3F6SPvw4ZeTRekRXjMzzZvj8YLqI52Aez2+CMkSlKGnH5i6GWaupAY9fmjov; Expires=Thu, 18 Jan 2024 19:35:14 GMT; Path=/, AWSALBCORS=o+TTgUeKII0akzOk7OGeZu0bK29ptBGMl2y7cUgDDOsw7n6SLdnxYpzluw992csW3F6SPvw4ZeTRekRXjMzzZvj8YLqI52Aez2+CMkSlKGnH5i6GWaupAY9fmjov; Expires=Thu, 18 Jan 2024 19:35:14 GMT; Path=/; SameSite=None; Secure', 'Server': 'Apache', 'X-Dispatcher': 'dispatcher2useast1', 'X-Vhost': 'publish', 'Strict-Transport-Security': 'max-age=63072000', 'X-XSS-Protection': '1; mode=block', 'referrer-policy': 'strict-origin-when-cross-origin', 'Cache-Control': 'public, max-age=43200', 'X-Content-Type-Options': 'nosniff', 'Last-Modified': 'Thu, 11 Jan 2024 19:35:14 GMT', 'ETag': 'W/"52b3-60eb0a58dd8fd-gzip"', 'Accept-Ranges': 'bytes', 'Content-Encoding': 'gzip', 'X-Frame-Options': 'SAMEORIGIN', 'Vary': 'Accept-Encoding, Origin', 'Public-Key-Pins': 'max-age=1296000; pin-sha256="cvv+hcZ+EP7Do1cnMVIRLqJHXFl7tjgRqpSm34h/DTk="; pin-sha256="I92nqKO6cgS1Gx4O4s+YbHuyyF6IX3n894ph9mpYSYQ=";', 'X-Viasat-Policy': '1_10', 'Content-Security-Policy': "default-src 'self' 'unsafe-inline' *.scene7.com *.marketo.com ; script-src 'self' 'unsafe-inline' 'unsafe-eval' blob: *.infinity-tracking.com *.adsrvr.org *.demandbase.com *.bing.com *.google.com *.cookielaw.org *.doubleclick.net *.adobedtm.com *.everestjs.net *.clarity.ms *.marketo.com *.scene7.com *.qualtrics.com *.conductor.com *.viasat.com *.amazonaws.com qvdt3feo.com *.googleadservices.com *.google-analytics.com *.googletagmanager.com *.googleapis.com *.adobedtm.com *.sftoaa.com *.everestjs.net *.invocacdn.com *.invoca.net *.marketo.net *.crazyegg.com *.licdn.com *.facebook.net viasatinc.data.adobedc.net *.raygun.io *.bizible.com siteintercept.qualtrics.com *.icat.viasat.io tags.srv.stackadapt.com  ; frame-src 'self' *.youtube.com *.marketo.com *.adsrvr.org *.facebook.com *.company-target.com *.az1.qualtrics.com *.opendns.com *.adsrvr.cn *.doubleclick.net *.everesttech.net *.demdex.net *.everestjs.net *.force.com *.crazyegg.com ca-viasat-status.s3.amazonaws.com  ; img-src 'self' https: data:  ; media-src 'self' *.scene7.com  ; script-src-elem 'self' https: 'unsafe-inline'  ; connect-src 'self' 'unsafe-inline' *.demandbase.com *.infinity-tracking.net *.infinity-tracking.com *.onetrust.com *.company-target.com *.oribi.io *.clarity.ms *.scene7.com *.qualtrics.com *.facebook.com *.cookielaw.org *.everesttech.net google.com *.google.com *.google-analytics.com *.viasat.com *.doubleclick.net *.googleapis.com *.demdex.net *.omtrdc.net *.mktoresp.com *.crazyegg.com *.ads.linkedin.com cognito-identity.us-east-1.amazonaws.com sts.us-east-1.amazonaws.com dataplane.rum.us-east-1.amazonaws.com *.icat.viasat.io *.raygun.io *.bing.com *.invoca.net *.mktoutil.com tags.srv.stackadapt.com *.phonetrack.com * *.sftoaa.com  ; font-src 'self' fonts.gstatic.com *.googleapis.com *.icat.viasat.io *.typekit.net  ; style-src 'self' 'unsafe-inline' *.scene7.com *.marketo.com *.googleapis.com *.amazonaws.com *.scene7.com *.gstatic.com *.miaprova.com tags.srv.stackadapt.com  ; report-uri https://report-to-api.raygun.com/reports-csp?apikey=4uWKnPZoEmyV7vSRKJeHw report-to csp-endpoint", 'Report-To': '{"group": "csp-endpoint", "max-age": 10886400, "endpoints": [ { "url": "https://report-to-api.raygun.com/reports?apikey=4uWKnPZoEmyV7vSRKJeHw" } ] }', 'X-Cache': 'Hit from cloudfront', 'Via': '1.1 2fa732230187764c42964d5b97126c0e.cloudfront.net (CloudFront)', 'X-Amz-Cf-Pop': 'LAX50-P3', 'X-Amz-Cf-Id': '9vxf6AfNmnhUr_JkuVuwJVyOw8eps90eMcUapLem3pVHnXd93GzRtA==', 'Age': '166'} 
 body={"id":"product-detail-page-f42885024d","designPath":"/libs/settings/wcm/designs/default","title":"Fixed Broadband Terminals","description":"Viasat is a leading provider of fixed broadband terminals, supporting bandwidth intensive, high-speed internet applications for residential and enterprise customers.","brandSlug":"","lastModifiedDate":1624977460110,"templateName":"product-detail-template","appResourcesPath":"/etc.clientlibs/viasat/clientlibs/clientlib-site/resources","htmlPageItems":[],"cssClassNames":"product-detail-page page basicpage","language":"en",":itemsOrder":["root"],":items":{"root":{"gridClassNames":"aem-Grid aem-Grid--12 aem-Grid--default--12","columnClassNames":{"container":"aem-GridColumn aem-GridColumn--default--12"},"columnCount":12,"allowedComponents":{"components":[{"path":"/content/viasat/us/en/products/terminals-and-radios/fixed-broadband-terminals/jcr:content/root/viasat/components/accordion","title":"Accordion"},{"path":"/content/viasat/us/en/products/terminals-and-radios/fixed-broadband-terminals/jcr:content/root/viasat/components/blogauthor","title":"Blog Author"},{"path":"/content/viasat/us/en/products/terminals-and-radios/fixed-broadband-terminals/jcr:content/root/viasat/components/breadcrumb","title":"Breadcrumb"},{"path":"/content/viasat/us/en/products/terminals-and-radios/fixed-broadband-terminals/jcr:content/root/viasat/components/button","title":"Button"},{"path":"/content/viasat/us/en/products/terminals-and-radios/fixed-broadband-terminals/jcr:content/root/viasat/components/buttonwhatsapp","title":"Button Whatsapp"},{"path":"/content/viasat/us/en/products/terminals-and-radios/fixed-broadband-terminals/jcr:content/root/viasat/components/calltoaction","title":"Call To Action"},{"path":"/content/viasat/us/en/products/terminals-and-radios/fixed-broadband-terminals/jcr:content/root/viasat/components/carousel","title":"Carousel"},{"path":"/content/viasat/us/en/products/terminals-and-radios/fixed-broadband-terminals/jcr:content/root/viasat/components/container","title":"Container"},{"path":"/content/viasat/us/en/products/terminals-and-radios/fixed-broadband-terminals/jcr:content/root/viasat/components/contentfragment","title":"Content Fragment"},{"path":"/content/viasat/us/en/products/terminals-and-radios/fixed-broadband-terminals/jcr:content/root/viasat/components/contentfragmentlist","title":"Content Fragment List"},{"path":"/content/viasat/us/en/products/terminals-and-radios/fixed-broadband-terminals/jcr:content/root/viasat/components/digitalservices","title":"Digital Service"},{"path":"/content/viasat/us/en/products/terminals-and-radios/fixed-broadband-terminals/jcr:content/root/viasat/components/digitalservicetab","title":"Digital Services Tab"},{"path":"/content/viasat/us/en/products/terminals-and-radios/fixed-broadband-terminals/jcr:content/root/viasat/components/download","title":"Download"},{"path":"/content/viasat/us/en/products/terminals-and-radios/fixed-broadband-terminals/jcr:content/root/viasat/components/downloadablecarousel","title":"Downloadable Carousel"},{"path":"/content/viasat/us/en/products/terminals-and-radios/fixed-broadband-terminals/jcr:content/root/viasat/components/embed","title":"Embed"},{"path":"/content/viasat/us/en/products/terminals-and-radios/fixed-broadband-terminals/jcr:content/root/viasat/components/enhancedtextcta","title":"Enhanced Text and CTA"},{"path":"/content/viasat/us/en/products/terminals-and-radios/fixed-broadband-terminals/jcr:content/root/viasat/components/experiencefragment","title":"Experience Fragment"},{"path":"/content/viasat/us/en/products/terminals-and-radios/fixed-broadband-terminals/jcr:content/root/viasat/components/flexibleimagecard","title":"Flexible image card"},{"path":"/content/viasat/us/en/products/terminals-and-radios/fixed-broadband-terminals/jcr:content/root/viasat/components/floatingcard","title":"Floating card"},{"path":"/content/viasat/us/en/products/terminals-and-radios/fixed-broadband-terminals/jcr:content/root/viasat/components/floatingdialog","title":"Floating Dialog"},{"path":"/content/viasat/us/en/products/terminals-and-radios/fixed-broadband-terminals/jcr:content/root/viasat/components/fullimagewithtext","title":"Left Right Text with Image"},{"path":"/content/viasat/us/en/products/terminals-and-radios/fixed-broadband-terminals/jcr:content/root/viasat/components/headerwithbackgroundgradient","title":"Header with Background Gradient"},{"path":"/content/viasat/us/en/products/terminals-and-radios/fixed-broadband-terminals/jcr:content/root/viasat/components/homepagecarousel","title":"Homepage Carousel"},{"path":"/content/viasat/us/en/products/terminals-and-radios/fixed-broadband-terminals/jcr:content/root/viasat/components/howto","title":"How To"},{"path":"/content/viasat/us/en/products/terminals-and-radios/fixed-broadband-terminals/jcr:content/root/viasat/components/image","title":"Image"},{"path":"/content/viasat/us/en/products/terminals-and-radios/fixed-broadband-terminals/jcr:content/root/viasat/components/list","title":"List"},{"path":"/content/viasat/us/en/products/terminals-and-radios/fixed-broadband-terminals/jcr:content/root/viasat/components/plancard","title":"Plan Card"},{"path":"/content/viasat/us/en/products/terminals-and-radios/fixed-broadband-terminals/jcr:content/root/viasat/components/promobanner","title":"Promo Banner"},{"path":"/content/viasat/us/en/products/terminals-and-radios/fixed-broadband-terminals/jcr:content/root/viasat/components/promocard","title":"Promo Card"},{"path":"/content/viasat/us/en/products/terminals-and-radios/fixed-broadband-terminals/jcr:content/root/viasat/components/quote","title":"Quote"},{"path":"/content/viasat/us/en/products/terminals-and-radios/fixed-broadband-terminals/jcr:content/root/viasat/components/regionselector","title":"Region Selector"},{"path":"/content/viasat/us/en/products/terminals-and-radios/fixed-broadband-terminals/jcr:content/root/viasat/components/separator","title":"Separator"},{"path":"/content/viasat/us/en/products/terminals-and-radios/fixed-broadband-terminals/jcr:content/root/viasat/components/subheader","title":"Sub Header"},{"path":"/content/viasat/us/en/products/terminals-and-radios/fixed-broadband-terminals/jcr:content/root/viasat/components/tabs","title":"Tabs"},{"path":"/content/viasat/us/en/products/terminals-and-radios/fixed-broadband-terminals/jcr:content/root/viasat/components/teaser","title":"Teaser"},{"path":"/content/viasat/us/en/products/terminals-and-radios/fixed-broadband-terminals/jcr:content/root/viasat/components/text","title":"Text"},{"path":"/content/viasat/us/en/products/terminals-and-radios/fixed-broadband-terminals/jcr:content/root/viasat/components/textinterrupter","title":"Text Interrupter"},{"path":"/content/viasat/us/en/products/terminals-and-radios/fixed-broadband-terminals/jcr:content/root/viasat/components/tilegrid","title":"Tile Grid"},{"path":"/content/viasat/us/en/products/terminals-and-radios/fixed-broadband-terminals/jcr:content/root/viasat/components/title","title":"Title"},{"path":"/content/viasat/us/en/products/terminals-and-radios/fixed-broadband-terminals/jcr:content/root/viasat/components/topics","title":"Topics"},{"path":"/content/viasat/us/en/products/terminals-and-radios/fixed-broadband-terminals/jcr:content/root/viasat/components/universalcard","title":"Universal Card"},{"path":"/content/viasat/us/en/products/terminals-and-radios/fixed-broadband-terminals/jcr:content/root/viasat/components/universalcardcarousel","title":"Universal Card Carousel"},{"path":"/content/viasat/us/en/products/terminals-and-radios/fixed-broadband-terminals/jcr:content/root/viasat/components/videowithtext","title":"Video with Text"},{"path":"/content/viasat/us/en/products/terminals-and-radios/fixed-broadband-terminals/jcr:content/root/viasat/components/vsbrhomepagecarousel","title":"VSBR Homepage Carousel"},{"path":"/content/viasat/us/en/products/terminals-and-radios/fixed-broadband-terminals/jcr:content/root/viasat/components/form/container","title":"Form Container"},{"path":"/content/viasat/us/en/products/terminals-and-radios/fixed-broadband-terminals/jcr:content/root/viasat/components/blogsearchresults","title":"Blog Search Results"},{"path":"/content/viasat/us/en/products/terminals-and-radios/fixed-broadband-terminals/jcr:content/root/viasat/components/findaretailer","title":"Find a Retailer"},{"path":"/content/viasat/us/en/products/terminals-and-radios/fixed-broadband-terminals/jcr:content/root/viasat/components/fsmform","title":"FSM Form"},{"path":"/content/viasat/us/en/products/terminals-and-radios/fixed-broadband-terminals/jcr:content/root/viasat/components/gated-content-form","title":"Gated Content Form"},{"path":"/content/viasat/us/en/products/terminals-and-radios/fixed-broadband-terminals/jcr:content/root/viasat/components/phonelead","title":"Phone Lead"},{"path":"/content/viasat/us/en/products/terminals-and-radios/fixed-broadband-terminals/jcr:content/root/viasat/components/press-release-container-us","title":"Press Release Container - US"},{"path":"/content/viasat/us/en/products/terminals-and-radios/fixed-broadband-terminals/jcr:content/root/viasat/components/pressreleaselisting","title":"Press Release Listing"},{"path":"/content/viasat/us/en/products/terminals-and-radios/fixed-broadband-terminals/jcr:content/root/viasat/components/pressreleasesv1","title":"Press Releases V1"},{"path":"/content/viasat/us/en/products/terminals-and-radios/fixed-broadband-terminals/jcr:content/root/viasat/components/productdetailscarousel","title":"Product Details Carousel"},{"path":"/content/viasat/us/en/products/terminals-and-radios/fixed-broadband-terminals/jcr:content/root/viasat/components/retailerresults","title":"Retailer Results"},{"path":"/content/viasat/us/en/products/terminals-and-radios/fixed-broadband-terminals/jcr:content/root/viasat/components/searchfilter","title":"Search Filter"},{"path":"/content/viasat/us/en/products/terminals-and-radios/fixed-broadband-terminals/jcr:content/root/viasat/components/servicea... (set the log level to DEBUG or TRACE to see the full content) 
 </msg>
<msg timestamp="20240111 11:38:00.111" level="INFO">${response} = &lt;Response [200]&gt;</msg>
<status status="PASS" starttime="20240111 11:37:59.941" endtime="20240111 11:38:00.111"/>
</kw>
<kw name="Should Be Equal As Strings" library="BuiltIn">
<arg>${response.status_code}</arg>
<arg>200</arg>
<doc>Fails if objects are unequal after converting them to strings.</doc>
<msg timestamp="20240111 11:38:00.112" level="INFO">Argument types are:
&lt;class 'int'&gt;
&lt;class 'str'&gt;</msg>
<status status="PASS" starttime="20240111 11:38:00.111" endtime="20240111 11:38:00.112"/>
</kw>
<kw name="Convert To String" library="BuiltIn">
<var>${body}</var>
<arg>${response.content}</arg>
<doc>Converts the given item to a Unicode string.</doc>
<msg timestamp="20240111 11:38:00.115" level="INFO">${body} = {"id":"product-detail-page-f42885024d","designPath":"/libs/settings/wcm/designs/default","title":"Fixed Broadband Terminals","description":"Viasat is a leading provider of fixed broadband terminals, s...</msg>
<status status="PASS" starttime="20240111 11:38:00.112" endtime="20240111 11:38:00.115"/>
</kw>
<kw name="Should Contain" library="BuiltIn">
<arg>${body}</arg>
<arg>${body_text}</arg>
<doc>Fails if ``container`` does not contain ``item`` one or more times.</doc>
<status status="PASS" starttime="20240111 11:38:00.115" endtime="20240111 11:38:00.116"/>
</kw>
<status status="PASS" starttime="20240111 11:37:59.939" endtime="20240111 11:38:00.116"/>
</kw>
<status status="PASS" starttime="20240111 11:37:59.939" endtime="20240111 11:38:00.116"/>
</test>
<test id="s1-t5" name="viasat_products_terminals_bats_e_request" line="55">
<kw name="Get_Request">
<arg>viasat_products_terminals_bats_e</arg>
<arg>${PRODUCTS_TERMINALS_BATS_E}</arg>
<arg>Department of Defense</arg>
<kw name="Create Session" library="RequestsLibrary">
<arg>${request_name}</arg>
<arg>${request_url}</arg>
<arg>verify=true</arg>
<doc>Create Session: create a HTTP session to a server</doc>
<msg timestamp="20240111 11:38:00.117" level="INFO">Creating Session using : alias=viasat_products_terminals_bats_e, url=https://www.viasat.com//content/viasat/us/en/products/terminals-and-radios/bats-e.model.json, headers={},                     cookies={}, auth=None, timeout=None, proxies=None, verify=True,                     debug=0 </msg>
<status status="PASS" starttime="20240111 11:38:00.117" endtime="20240111 11:38:00.117"/>
</kw>
<kw name="GET On Session" library="RequestsLibrary">
<var>${response}</var>
<arg>${request_name}</arg>
<arg>${request_url}</arg>
<doc>Sends a GET request on a previously created HTTP Session.</doc>
<msg timestamp="20240111 11:38:00.281" level="INFO">GET Request : url=https://www.viasat.com//content/viasat/us/en/products/terminals-and-radios/bats-e.model.json 
 path_url=//content/viasat/us/en/products/terminals-and-radios/bats-e.model.json 
 headers={'User-Agent': 'python-requests/2.28.1', 'Accept-Encoding': 'gzip, deflate', 'Accept': '*/*', 'Connection': 'keep-alive'} 
 body=None 
 </msg>
<msg timestamp="20240111 11:38:00.281" level="INFO">GET Response : url=https://www.viasat.com//content/viasat/us/en/products/terminals-and-radios/bats-e.model.json 
 status=200, reason=OK 
 headers={'Content-Type': 'application/json;charset=utf-8', 'Content-Length': '4025', 'Connection': 'keep-alive', 'Date': 'Thu, 11 Jan 2024 19:35:15 GMT', 'Set-Cookie': 'AWSALB=daHERASDiIj3CtpbZ7vwIhfpkb6pGOL5fVuzytibt5YdXNe9LX7BRoC0e30mGAUf0QniY7wsM8vZBH3mDBuMD6gCnEJoEPr2hSQccxRUYBwzgvWEy3vRoxkhCTqd; Expires=Thu, 18 Jan 2024 19:35:15 GMT; Path=/, AWSALBCORS=daHERASDiIj3CtpbZ7vwIhfpkb6pGOL5fVuzytibt5YdXNe9LX7BRoC0e30mGAUf0QniY7wsM8vZBH3mDBuMD6gCnEJoEPr2hSQccxRUYBwzgvWEy3vRoxkhCTqd; Expires=Thu, 18 Jan 2024 19:35:15 GMT; Path=/; SameSite=None; Secure', 'Server': 'Apache', 'X-Dispatcher': 'dispatcher2useast1', 'X-Vhost': 'publish', 'Strict-Transport-Security': 'max-age=63072000', 'X-XSS-Protection': '1; mode=block', 'referrer-policy': 'strict-origin-when-cross-origin', 'Cache-Control': 'public, max-age=43200', 'X-Content-Type-Options': 'nosniff', 'Last-Modified': 'Thu, 11 Jan 2024 19:35:15 GMT', 'ETag': 'W/"8ab0-60eb0a5942258-gzip"', 'Accept-Ranges': 'bytes', 'Content-Encoding': 'gzip', 'X-Frame-Options': 'SAMEORIGIN', 'Vary': 'Accept-Encoding, Origin', 'Public-Key-Pins': 'max-age=1296000; pin-sha256="cvv+hcZ+EP7Do1cnMVIRLqJHXFl7tjgRqpSm34h/DTk="; pin-sha256="I92nqKO6cgS1Gx4O4s+YbHuyyF6IX3n894ph9mpYSYQ=";', 'X-Viasat-Policy': '1_10', 'Content-Security-Policy': "default-src 'self' 'unsafe-inline' *.scene7.com *.marketo.com ; script-src 'self' 'unsafe-inline' 'unsafe-eval' blob: *.infinity-tracking.com *.adsrvr.org *.demandbase.com *.bing.com *.google.com *.cookielaw.org *.doubleclick.net *.adobedtm.com *.everestjs.net *.clarity.ms *.marketo.com *.scene7.com *.qualtrics.com *.conductor.com *.viasat.com *.amazonaws.com qvdt3feo.com *.googleadservices.com *.google-analytics.com *.googletagmanager.com *.googleapis.com *.adobedtm.com *.sftoaa.com *.everestjs.net *.invocacdn.com *.invoca.net *.marketo.net *.crazyegg.com *.licdn.com *.facebook.net viasatinc.data.adobedc.net *.raygun.io *.bizible.com siteintercept.qualtrics.com *.icat.viasat.io tags.srv.stackadapt.com  ; frame-src 'self' *.youtube.com *.marketo.com *.adsrvr.org *.facebook.com *.company-target.com *.az1.qualtrics.com *.opendns.com *.adsrvr.cn *.doubleclick.net *.everesttech.net *.demdex.net *.everestjs.net *.force.com *.crazyegg.com ca-viasat-status.s3.amazonaws.com  ; img-src 'self' https: data:  ; media-src 'self' *.scene7.com  ; script-src-elem 'self' https: 'unsafe-inline'  ; connect-src 'self' 'unsafe-inline' *.demandbase.com *.infinity-tracking.net *.infinity-tracking.com *.onetrust.com *.company-target.com *.oribi.io *.clarity.ms *.scene7.com *.qualtrics.com *.facebook.com *.cookielaw.org *.everesttech.net google.com *.google.com *.google-analytics.com *.viasat.com *.doubleclick.net *.googleapis.com *.demdex.net *.omtrdc.net *.mktoresp.com *.crazyegg.com *.ads.linkedin.com cognito-identity.us-east-1.amazonaws.com sts.us-east-1.amazonaws.com dataplane.rum.us-east-1.amazonaws.com *.icat.viasat.io *.raygun.io *.bing.com *.invoca.net *.mktoutil.com tags.srv.stackadapt.com *.phonetrack.com * *.sftoaa.com  ; font-src 'self' fonts.gstatic.com *.googleapis.com *.icat.viasat.io *.typekit.net  ; style-src 'self' 'unsafe-inline' *.scene7.com *.marketo.com *.googleapis.com *.amazonaws.com *.scene7.com *.gstatic.com *.miaprova.com tags.srv.stackadapt.com  ; report-uri https://report-to-api.raygun.com/reports-csp?apikey=4uWKnPZoEmyV7vSRKJeHw report-to csp-endpoint", 'Report-To': '{"group": "csp-endpoint", "max-age": 10886400, "endpoints": [ { "url": "https://report-to-api.raygun.com/reports?apikey=4uWKnPZoEmyV7vSRKJeHw" } ] }', 'X-Cache': 'Hit from cloudfront', 'Via': '1.1 26f6cb7bc27a3b1f385b3c58823ff51c.cloudfront.net (CloudFront)', 'X-Amz-Cf-Pop': 'LAX50-P3', 'X-Amz-Cf-Id': 'Q1PC0UjOrFlQRhlVFrbj6_G_aGEo4NS8Qp94A3xJeGnV49BnVXrFWA==', 'Age': '165'} 
 body={"id":"product-detail-page-2af5c982f1","designPath":"/libs/settings/wcm/designs/default","title":"BATS-E","description":"Optimized for embedded applications, Viasat’s BATS-E helps controllers make split-second decisions for executing missions with precision – even in contested environments.","brandSlug":"","lastModifiedDate":1614283531007,"templateName":"product-detail-template","appResourcesPath":"/etc.clientlibs/viasat/clientlibs/clientlib-site/resources","htmlPageItems":[],"cssClassNames":"product-detail-page page basicpage","language":"en",":itemsOrder":["root"],":items":{"root":{"gridClassNames":"aem-Grid aem-Grid--12 aem-Grid--default--12","columnClassNames":{"container":"aem-GridColumn aem-GridColumn--default--12"},"columnCount":12,"allowedComponents":{"components":[{"path":"/content/viasat/us/en/products/terminals-and-radios/bats-e/jcr:content/root/viasat/components/accordion","title":"Accordion"},{"path":"/content/viasat/us/en/products/terminals-and-radios/bats-e/jcr:content/root/viasat/components/blogauthor","title":"Blog Author"},{"path":"/content/viasat/us/en/products/terminals-and-radios/bats-e/jcr:content/root/viasat/components/breadcrumb","title":"Breadcrumb"},{"path":"/content/viasat/us/en/products/terminals-and-radios/bats-e/jcr:content/root/viasat/components/button","title":"Button"},{"path":"/content/viasat/us/en/products/terminals-and-radios/bats-e/jcr:content/root/viasat/components/buttonwhatsapp","title":"Button Whatsapp"},{"path":"/content/viasat/us/en/products/terminals-and-radios/bats-e/jcr:content/root/viasat/components/calltoaction","title":"Call To Action"},{"path":"/content/viasat/us/en/products/terminals-and-radios/bats-e/jcr:content/root/viasat/components/carousel","title":"Carousel"},{"path":"/content/viasat/us/en/products/terminals-and-radios/bats-e/jcr:content/root/viasat/components/container","title":"Container"},{"path":"/content/viasat/us/en/products/terminals-and-radios/bats-e/jcr:content/root/viasat/components/contentfragment","title":"Content Fragment"},{"path":"/content/viasat/us/en/products/terminals-and-radios/bats-e/jcr:content/root/viasat/components/contentfragmentlist","title":"Content Fragment List"},{"path":"/content/viasat/us/en/products/terminals-and-radios/bats-e/jcr:content/root/viasat/components/digitalservices","title":"Digital Service"},{"path":"/content/viasat/us/en/products/terminals-and-radios/bats-e/jcr:content/root/viasat/components/digitalservicetab","title":"Digital Services Tab"},{"path":"/content/viasat/us/en/products/terminals-and-radios/bats-e/jcr:content/root/viasat/components/download","title":"Download"},{"path":"/content/viasat/us/en/products/terminals-and-radios/bats-e/jcr:content/root/viasat/components/downloadablecarousel","title":"Downloadable Carousel"},{"path":"/content/viasat/us/en/products/terminals-and-radios/bats-e/jcr:content/root/viasat/components/embed","title":"Embed"},{"path":"/content/viasat/us/en/products/terminals-and-radios/bats-e/jcr:content/root/viasat/components/enhancedtextcta","title":"Enhanced Text and CTA"},{"path":"/content/viasat/us/en/products/terminals-and-radios/bats-e/jcr:content/root/viasat/components/experiencefragment","title":"Experience Fragment"},{"path":"/content/viasat/us/en/products/terminals-and-radios/bats-e/jcr:content/root/viasat/components/flexibleimagecard","title":"Flexible image card"},{"path":"/content/viasat/us/en/products/terminals-and-radios/bats-e/jcr:content/root/viasat/components/floatingcard","title":"Floating card"},{"path":"/content/viasat/us/en/products/terminals-and-radios/bats-e/jcr:content/root/viasat/components/floatingdialog","title":"Floating Dialog"},{"path":"/content/viasat/us/en/products/terminals-and-radios/bats-e/jcr:content/root/viasat/components/fullimagewithtext","title":"Left Right Text with Image"},{"path":"/content/viasat/us/en/products/terminals-and-radios/bats-e/jcr:content/root/viasat/components/headerwithbackgroundgradient","title":"Header with Background Gradient"},{"path":"/content/viasat/us/en/products/terminals-and-radios/bats-e/jcr:content/root/viasat/components/homepagecarousel","title":"Homepage Carousel"},{"path":"/content/viasat/us/en/products/terminals-and-radios/bats-e/jcr:content/root/viasat/components/howto","title":"How To"},{"path":"/content/viasat/us/en/products/terminals-and-radios/bats-e/jcr:content/root/viasat/components/image","title":"Image"},{"path":"/content/viasat/us/en/products/terminals-and-radios/bats-e/jcr:content/root/viasat/components/list","title":"List"},{"path":"/content/viasat/us/en/products/terminals-and-radios/bats-e/jcr:content/root/viasat/components/plancard","title":"Plan Card"},{"path":"/content/viasat/us/en/products/terminals-and-radios/bats-e/jcr:content/root/viasat/components/promobanner","title":"Promo Banner"},{"path":"/content/viasat/us/en/products/terminals-and-radios/bats-e/jcr:content/root/viasat/components/promocard","title":"Promo Card"},{"path":"/content/viasat/us/en/products/terminals-and-radios/bats-e/jcr:content/root/viasat/components/quote","title":"Quote"},{"path":"/content/viasat/us/en/products/terminals-and-radios/bats-e/jcr:content/root/viasat/components/regionselector","title":"Region Selector"},{"path":"/content/viasat/us/en/products/terminals-and-radios/bats-e/jcr:content/root/viasat/components/separator","title":"Separator"},{"path":"/content/viasat/us/en/products/terminals-and-radios/bats-e/jcr:content/root/viasat/components/subheader","title":"Sub Header"},{"path":"/content/viasat/us/en/products/terminals-and-radios/bats-e/jcr:content/root/viasat/components/tabs","title":"Tabs"},{"path":"/content/viasat/us/en/products/terminals-and-radios/bats-e/jcr:content/root/viasat/components/teaser","title":"Teaser"},{"path":"/content/viasat/us/en/products/terminals-and-radios/bats-e/jcr:content/root/viasat/components/text","title":"Text"},{"path":"/content/viasat/us/en/products/terminals-and-radios/bats-e/jcr:content/root/viasat/components/textinterrupter","title":"Text Interrupter"},{"path":"/content/viasat/us/en/products/terminals-and-radios/bats-e/jcr
[...]
 </msg>
<msg timestamp="20240111 11:38:04.249" level="INFO">${response} = &lt;Response [200]&gt;</msg>
<status status="PASS" starttime="20240111 11:38:04.094" endtime="20240111 11:38:04.249"/>
</kw>
<kw name="Should Be Equal As Strings" library="BuiltIn">
<arg>${response.status_code}</arg>
<arg>200</arg>
<doc>Fails if objects are unequal after converting them to strings.</doc>
<msg timestamp="20240111 11:38:04.250" level="INFO">Argument types are:
&lt;class 'int'&gt;
&lt;class 'str'&gt;</msg>
<status status="PASS" starttime="20240111 11:38:04.249" endtime="20240111 11:38:04.250"/>
</kw>
<kw name="Convert To String" library="BuiltIn">
<var>${body}</var>
<arg>${response.content}</arg>
<doc>Converts the given item to a Unicode string.</doc>
<msg timestamp="20240111 11:38:04.257" level="INFO">${body} = {"id":"product-detail-page-ff3917876e","designPath":"/libs/settings/wcm/designs/default","title":"NetAgility","description":"Viasat\xe2\x80\x99s intelligent mobile SD-WAN networking product, NetAgilit...</msg>
<status status="PASS" starttime="20240111 11:38:04.250" endtime="20240111 11:38:04.257"/>
</kw>
<kw name="Should Contain" library="BuiltIn">
<arg>${body}</arg>
<arg>${body_text}</arg>
<doc>Fails if ``container`` does not contain ``item`` one or more times.</doc>
<status status="PASS" starttime="20240111 11:38:04.257" endtime="20240111 11:38:04.257"/>
</kw>
<status status="PASS" starttime="20240111 11:38:04.093" endtime="20240111 11:38:04.257"/>
</kw>
<status status="PASS" starttime="20240111 11:38:04.093" endtime="20240111 11:38:04.257"/>
</test>
<test id="s1-t28" name="viasat_products_home_internet_request" line="101">
<kw name="Get_Request">
<arg>viasat_products_home_internet</arg>
<arg>${PRODUCTS_HOME_INTERNET}</arg>
<arg>Satellite Internet</arg>
<kw name="Create Session" library="RequestsLibrary">
<arg>${request_name}</arg>
<arg>${request_url}</arg>
<arg>verify=true</arg>
<doc>Create Session: create a HTTP session to a server</doc>
<msg timestamp="20240111 11:38:04.259" level="INFO">Creating Session using : alias=viasat_products_home_internet, url=https://www.viasat.com//content/viasat/us/en/products/home-internet.model.json, headers={},                     cookies={}, auth=None, timeout=None, proxies=None, verify=True,                     debug=0 </msg>
<status status="PASS" starttime="20240111 11:38:04.258" endtime="20240111 11:38:04.259"/>
</kw>
<kw name="GET On Session" library="RequestsLibrary">
<var>${response}</var>
<arg>${request_name}</arg>
<arg>${request_url}</arg>
<doc>Sends a GET request on a previously created HTTP Session.</doc>
<msg timestamp="20240111 11:38:04.421" level="INFO">GET Request : url=https://www.viasat.com//content/viasat/us/en/products/home-internet.model.json 
 path_url=//content/viasat/us/en/products/home-internet.model.json 
 headers={'User-Agent': 'python-requests/2.28.1', 'Accept-Encoding': 'gzip, deflate', 'Accept': '*/*', 'Connection': 'keep-alive'} 
 body=None 
 </msg>
<msg timestamp="20240111 11:38:04.421" level="INFO">GET Response : url=https://www.viasat.com//content/viasat/us/en/products/home-internet.model.json 
 status=200, reason=OK 
 headers={'Content-Type': 'application/json;charset=utf-8', 'Content-Length': '2287', 'Connection': 'keep-alive', 'Date': 'Thu, 11 Jan 2024 19:35:23 GMT', 'Set-Cookie': 'AWSALB=220EWbrssjvfgkO/ae54lnf+bu/IoUvC5M41LnHef0Sab55MHnPo2Jh1OK97Dgtvsg9ncUPJepgruguNo8e62RHg79kocejWlKwcmv7qAERfzN5MWBNiihZ/hJk8; Expires=Thu, 18 Jan 2024 19:35:23 GMT; Path=/, AWSALBCORS=220EWbrssjvfgkO/ae54lnf+bu/IoUvC5M41LnHef0Sab55MHnPo2Jh1OK97Dgtvsg9ncUPJepgruguNo8e62RHg79kocejWlKwcmv7qAERfzN5MWBNiihZ/hJk8; Expires=Thu, 18 Jan 2024 19:35:23 GMT; Path=/; SameSite=None; Secure', 'Server': 'Apache', 'X-Dispatcher': 'dispatcher1useast1', 'X-Vhost': 'publish', 'Strict-Transport-Security': 'max-age=63072000', 'X-XSS-Protection': '1; mode=block', 'referrer-policy': 'strict-origin-when-cross-origin', 'Cache-Control': 'public, max-age=43200', 'X-Content-Type-Options': 'nosniff', 'Last-Modified': 'Thu, 11 Jan 2024 19:35:23 GMT', 'ETag': 'W/"41de-60eb0a618d58f-gzip"', 'Accept-Ranges': 'bytes', 'Content-Encoding': 'gzip', 'X-Frame-Options': 'SAMEORIGIN', 'Vary': 'Accept-Encoding, Origin', 'Public-Key-Pins': 'max-age=1296000; pin-sha256="cvv+hcZ+EP7Do1cnMVIRLqJHXFl7tjgRqpSm34h/DTk="; pin-sha256="I92nqKO6cgS1Gx4O4s+YbHuyyF6IX3n894ph9mpYSYQ=";', 'X-Viasat-Policy': '1_10', 'Content-Security-Policy': "default-src 'self' 'unsafe-inline' *.scene7.com *.marketo.com ; script-src 'self' 'unsafe-inline' 'unsafe-eval' blob: *.infinity-tracking.com *.adsrvr.org *.demandbase.com *.bing.com *.google.com *.cookielaw.org *.doubleclick.net *.adobedtm.com *.everestjs.net *.clarity.ms *.marketo.com *.scene7.com *.qualtrics.com *.conductor.com *.viasat.com *.amazonaws.com qvdt3feo.com *.googleadservices.com *.google-analytics.com *.googletagmanager.com *.googleapis.com *.adobedtm.com *.sftoaa.com *.everestjs.net *.invocacdn.com *.invoca.net *.marketo.net *.crazyegg.com *.licdn.com *.facebook.net viasatinc.data.adobedc.net *.raygun.io *.bizible.com siteintercept.qualtrics.com *.icat.viasat.io tags.srv.stackadapt.com  ; frame-src 'self' *.youtube.com *.marketo.com *.adsrvr.org *.facebook.com *.company-target.com *.az1.qualtrics.com *.opendns.com *.adsrvr.cn *.doubleclick.net *.everesttech.net *.demdex.net *.everestjs.net *.force.com *.crazyegg.com ca-viasat-status.s3.amazonaws.com  ; img-src 'self' https: data:  ; media-src 'self' *.scene7.com  ; script-src-elem 'self' https: 'unsafe-inline'  ; connect-src 'self' 'unsafe-inline' *.demandbase.com *.infinity-tracking.net *.infinity-tracking.com *.onetrust.com *.company-target.com *.oribi.io *.clarity.ms *.scene7.com *.qualtrics.com *.facebook.com *.cookielaw.org *.everesttech.net google.com *.google.com *.google-analytics.com *.viasat.com *.doubleclick.net *.googleapis.com *.demdex.net *.omtrdc.net *.mktoresp.com *.crazyegg.com *.ads.linkedin.com cognito-identity.us-east-1.amazonaws.com sts.us-east-1.amazonaws.com dataplane.rum.us-east-1.amazonaws.com *.icat.viasat.io *.raygun.io *.bing.com *.invoca.net *.mktoutil.com tags.srv.stackadapt.com *.phonetrack.com * *.sftoaa.com  ; font-src 'self' fonts.gstatic.com *.googleapis.com *.icat.viasat.io *.typekit.net  ; style-src 'self' 'unsafe-inline' *.scene7.com *.marketo.com *.googleapis.com *.amazonaws.com *.scene7.com *.gstatic.com *.miaprova.com tags.srv.stackadapt.com  ; report-uri https://report-to-api.raygun.com/reports-csp?apikey=4uWKnPZoEmyV7vSRKJeHw report-to csp-endpoint", 'Report-To': '{"group": "csp-endpoint", "max-age": 10886400, "endpoints": [ { "url": "https://report-to-api.raygun.com/reports?apikey=4uWKnPZoEmyV7vSRKJeHw" } ] }', 'X-Cache': 'Hit from cloudfront', 'Via': '1.1 bf87b64ab79c59322d0e3419ad3e412a.cloudfront.net (CloudFront)', 'X-Amz-Cf-Pop': 'LAX50-P3', 'X-Amz-Cf-Id': 'E0MmsXlLII_BuI4Dtr0KsbAe5kdJoCRCBlER3FkCTToIDrOTluMCRw==', 'Age': '161'} 
 body={"id":"page-b7d0ddd553","designPath":"/libs/settings/wcm/designs/default","title":"Home Internet","brandSlug":"","lastModifiedDate":1647636904423,"templateName":"page-content","appResourcesPath":"/etc.clientlibs/viasat/clientlibs/clientlib-site/resources","redirectTarget":{"page":{"path":"/content/viasat/us/en/satellite-internet","pageTitle":"Satellite internet","name":"satellite-internet","description":"Viasat provides essential, easy-to-access home satellite internet service for people living in rural or remote areas where cable companies don’t go.","title":"Satellite Internet - Fast, Unlimited Service"},"url":"/content/viasat/us/en/satellite-internet.html"},"htmlPageItems":[],"cssClassNames":"page basicpage","language":"en",":itemsOrder":["root"],":items":{"root":{"gridClassNames":"aem-Grid aem-Grid--12 aem-Grid--default--12","columnClassNames":{"container":"aem-GridColumn aem-GridColumn--default--12"},"columnCount":12,"allowedComponents":{"components":[{"path":"/content/viasat/us/en/products/home-internet/jcr:content/root/viasat/components/accordion","title":"Accordion"},{"path":"/content/viasat/us/en/products/home-internet/jcr:content/root/viasat/components/blogauthor","title":"Blog Author"},{"path":"/content/viasat/us/en/products/home-internet/jcr:content/root/viasat/components/breadcrumb","title":"Breadcrumb"},{"path":"/content/viasat/us/en/products/home-internet/jcr:content/root/viasat/components/button","title":"Button"},{"path":"/content/viasat/us/en/products/home-internet/jcr:content/root/viasat/components/buttonwhatsapp","title":"Button Whatsapp"},{"path":"/content/viasat/us/en/products/home-internet/jcr:content/root/viasat/components/calltoaction","title":"Call To Action"},{"path":"/content/viasat/us/en/products/home-internet/jcr:content/root/viasat/components/carousel","title":"Carousel"},{"path":"/content/viasat/us/en/products/home-internet/jcr:content/root/viasat/components/container","title":"Container"},{"path":"/content/viasat/us/en/products/home-internet/jcr:content/root/viasat/components/contentfragment","title":"Content Fragment"},{"path":"/content/viasat/us/en/products/home-internet/jcr:content/root/viasat/components/contentfragmentlist","title":"Content Fragment List"},{"path":"/content/viasat/us/en/products/home-internet/jcr:content/root/viasat/components/digitalservices","title":"Digital Service"},{"path":"/content/viasat/us/en/products/home-internet/jcr:content/root/viasat/components/digitalservicetab","title":"Digital Services Tab"},{"path":"/content/viasat/us/en/products/home-internet/jcr:content/root/viasat/components/download","title":"Download"},{"path":"/content/viasat/us/en/products/home-internet/jcr:content/root/viasat/components/downloadablecarousel","title":"Downloadable Carousel"},{"path":"/content/viasat/us/en/products/home-internet/jcr:content/root/viasat/components/embed","title":"Embed"},{"path":"/content/viasat/us/en/products/home-internet/jcr:content/root/viasat/components/enhancedtextcta","title":"Enhanced Text and CTA"},{"path":"/content/viasat/us/en/products/home-internet/jcr:content/root/viasat/components/experiencefragment","title":"Experience Fragment"},{"path":"/content/viasat/us/en/products/home-internet/jcr:content/root/viasat/components/flexibleimagecard","title":"Flexible image card"},{"path":"/content/viasat/us/en/products/home-internet/jcr:content/root/viasat/components/floatingcard","title":"Floating card"},{"path":"/content/viasat/us/en/products/home-internet/jcr:content/root/viasat/components/floatingdialog","title":"Floating Dialog"},{"path":"/content/viasat/us/en/products/home-internet/jcr:content/root/viasat/components/fullimagewithtext","title":"Left Right Text with Image"},{"path":"/content/viasat/us/en/products/home-internet/jcr:content/root/viasat/components/headerwithbackgroundgradient","title":"Header with Background Gradient"},{"path":"/content/viasat/us/en/products/home-internet/jcr:content/root/viasat/components/homepagecarousel","title":"Homepage Carousel"},{"path":"/content/viasat/us/en/products/home-internet/jcr:content/root/viasat/components/howto","title":"How To"},{"path":"/content/viasat/us/en/products/home-internet/jcr:content/root/viasat/components/image","title":"Image"},{"path":"/content/viasat/us/en/products/home-internet/jcr:content/root/viasat/components/list","title":"List"},{"path":"/content/viasat/us/en/products/home-internet/jcr:content/root/viasat/components/plancard","title":"Plan Card"},{"path":"/content/viasat/us/en/products/home-internet/jcr:content/root/viasat/components/promobanner","title":"Promo Banner"},{"path":"/content/viasat/us/en/products/home-internet/jcr:content/root/viasat/components/promocard","title":"Promo Card"},{"path":"/content/viasat/us/en/products/home-internet/jcr:content/root/viasat/components/quote","title":"Quote"},{"path":"/content/viasat/us/en/products/home-internet/jcr:content/root/viasat/components/regionselector","title":"Region Selector"},{"path":"/content/viasat/us/en/products/home-internet/jcr:content/root/viasat/components/separator","title":"Separator"},{"path":"/content/viasat/us/en/products/home-internet/jcr:content/root/viasat/components/subheader","title":"Sub Header"},{"path":"/content/viasat/us/en/products/home-internet/jcr:content/root/viasat/components/tabs","title":"Tabs"},{"path":"/content/viasat/us/en/products/home-internet/jcr:content/root/viasat/components/teaser","title":"Teaser"},{"path":"/content/viasat/us/en/products/home-internet/jcr:content/root/viasat/components/text","title":"Text"},{"path":"/content/viasat/us/en/products/home-internet/jcr:content/root/viasat/components/textinterrupter","title":"Text Interrupter"},{"path":"/content/viasat/us/en/products/home-internet/jcr:content/root/viasat/components/tilegrid","title":"Tile Grid"},{"path":"/content/viasat/us/en/products/home-internet/jcr:content/root/viasat/components/title","title":"Title"},{"path":"/content/viasat/us/en/products/home-internet/jcr:content/root/viasat/components/topics","title":"Topics"},{"path":"/content/viasat/us/en/products/home-internet/jcr:content/root/viasat/components/universalcard","title":"Universal Card"},{"path":"/content/viasat/us/en/products/home-internet/jcr:content/root/viasat/components/universalcardcarousel","title":"Universal Card Carousel"},{"path":"/content/viasat/us/en/products/home-internet/jcr:content/root/viasat/components/videowithtext","title":"Video with Text"},{"path":"/content/viasat/us/en/products/home-internet/jcr:content/root/viasat/components/vsbrhomepagecarousel","title":"VSBR Homepage Carousel"},{"path":"/content/viasat/us/en/products/home-internet/jcr:content/root/viasat/components/form/container","title":"Form Container"},{"path":"/content/viasat/us/en/products/home-internet/jcr:content/root/viasat/components/blogsearchresults","title":"Blog Search Results"},{"path":"/content/viasat/us/en/products/home-internet/jcr:content/root/viasat/components/findaretailer","title":"Find a Retailer"},{"path":"/content/viasat/us/en/products/home-internet/jcr:content/root/viasat/components/fsmform","title":"FSM Form"},{"path":"/content/viasat/us/en/products/home-internet/jcr:content/root/viasat/components/gated-content-form","title":"Gated Content Form"},{"path":"/content/viasat/us/en/products/home-internet/jcr:content/root/viasat/components/phonelead","title":"Phone Lead"},{"path":"/content/viasat/us/en/products/home-internet/jcr:content/root/viasat/components/press-release-container-us","title":"Press Release Container - US"},{"path":"/content/viasat/us/en/products/home-internet/jcr:content/root/viasat/components/pressreleaselisting","title":"Press Release Listing"},{"path":"/content/viasat/us/en/products/home-internet/jcr:content/root/viasat/components/pressreleasesv1","title":"Press Releases V1"},{"path":"/content/viasat/us/en/products/home-internet/jcr:content/root/viasat/components/productdetailscarousel","title":"Product Details Carousel"},{"path":"/content/viasat/us/en/products/home-internet/jcr:content/root/viasat/components/retailerresults","title":"Retailer Results"},{"path":"/content/viasat/us/en/products/home-internet/jcr:content/root/viasat/components/searchfilter","title":"Search Filter"},{"path":"/content/viasat/us/en/products/home-internet/jcr:content/root/viasat/components/serviceavailability","title":"Service Availability"},{"path":"/content/viasat/us/en/products/home-internet/jcr:content/root/viasat/components/topblogs","title":"Top Blogs"},{"path":"/content/viasat/us/en/products/home-internet/jcr:content/root/viasat/components/toppressreleases","title":"Top Press Releases"},{"path":"/content/viasat/us/en/products/home-internet/jcr:content/root/viasat/components/flyout","title":"Flyout"},{"path":"/content/viasat/us/en/products/home-internet/jcr:content/root/viasat/components/footer","title":"Footer"},{"path":"/content/viasat/us/en/products/home-internet/jcr:content/root/viasat/components/footer/footermenu","title":"Footer Menu"},{"path":"/content/viasat/us/en/products/home-internet/jcr:content/root/viasat/components/header","title":"Header"},{"path":"/content/viasat/us/en/products/home-internet/jcr:content/root/viasat/components/header-v2","title":"Header (V2)"},{"path":"/content/viasat/us/en/products/home-internet/jcr:content/root/viasat/components/languagenavigation","title":"Language Navigation"},{"path":"/content/viasat/us/en/products/home-internet/jcr:content/root/viasat/components/partner-header","title":"Partner Header"},{"path":"/content/viasat/us/en/products/home-internet/jcr:content/root/viasat/components/search","title":"Quick Search"},{"path":"/content/viasat/us/en/products/home-internet/jcr:content/root/viasat/components/searchresults","title":"Search Results"},{"path":"/content/viasat/us/en/products/home-internet/jcr:content/root/viasat/components/megamenu/submenu","title":"Submenu"}],"applicable":false},":itemsOrder":["container"],":items":{"container":{"gridClassNames":"aem-Grid aem-Grid--12 aem-Grid--default--12","columnClassNames":{"con... (set the log level to DEBUG or TRACE to see the full content) 
 </msg>
<msg timestamp="20240111 11:38:04.421" level="INFO">${response} = &lt;Response [200]&gt;</msg>
<status status="PASS" starttime="20240111 11:38:04.259" endtime="20240111 11:38:04.421"/>
</kw>
<kw name="Should Be Equal As Strings" library="BuiltIn">
<arg>${response.status_code}</arg>
<arg>200</arg>
<doc>Fails if objects are unequal after converting them to strings.</doc>
<msg timestamp="20240111 11:38:04.423" level="INFO">Argument types are:
&lt;class 'int'&gt;
&lt;class 'str'&gt;</msg>
<status status="PASS" starttime="20240111 11:38:04.422" endtime="20240111 11:38:04.423"/>
</kw>
<kw name="Convert To String" library="BuiltIn">
<var>${body}</var>
<arg>${response.content}</arg>
<doc>Converts the given item to a Unicode string.</doc>
<msg timestamp="20240111 11:38:04.426" level="INFO">${body} = {"id":"page-b7d0ddd553","designPath":"/libs/settings/wcm/designs/default","title":"Home Internet","brandSlug":"","lastModifiedDate":1647636904423,"templateName":"page-content","appResourcesPath":"/etc...</msg>
<status status="PASS" starttime="20240111 11:38:04.423" endtime="20240111 11:38:04.426"/>
</kw>
<kw name="Should Contain" library="BuiltIn">
<arg>${body}</arg>
<arg>${body_text}</arg>
<doc>Fails if ``container`` does not contain ``item`` one or more times.</doc>
<status status="PASS" starttime="20240111 11:38:04.426" endtime="20240111 11:38:04.427"/>
</kw>
<status status="PASS" starttime="20240111 11:38:04.258" endtime="20240111 11:38:04.427"/>
</kw>
<status status="PASS" starttime="20240111 11:38:04.258" endtime="20240111 11:38:04.427"/>
</test>
<status status="PASS" starttime="20240111 11:37:59.200" endtime="20240111 11:38:04.428"/>
</suite>
<statistics>
<total>
<stat pass="28" fail="0" skip="0">All Tests</stat>
</total>
<tag>
</tag>
<suite>
<stat pass="28" fail="0" skip="0" id="s1" name="ProductsAPI">ProductsAPI</stat>
</suite>
</statistics>
<errors>
</errors>
</robot>
