<?xml version="1.0" encoding="UTF-8"?>
<robot generator="Robot 6.1.1 (Python 3.9.13 on darwin)" generated="20231213 18:07:40.101" rpa="false" schemaversion="4">
<suite id="s1" name="SitemapUrlAPI" source="/Users/aveeravalli/PycharmProjects/viasat_com-qa_new1/API-RobotFramework/APITesting/APISmokeTests/SitemapUrlAPI.robot">
<test id="s1-t1" name="Prod Sitemap Url test" line="29">
<kw name="Extract URLs from Viasat Sitemap">
<arg>${Prod_sitemap_url}</arg>
<kw name="Create Session" library="RequestsLibrary">
<arg>excede</arg>
<arg>${sitemap_url}</arg>
<arg>verify=true</arg>
<doc>Create Session: create a HTTP session to a server</doc>
<msg timestamp="20231213 18:07:40.443" level="INFO">Creating Session using : alias=excede, url=https://www.viasat.com/sitemap.xml, headers={},                     cookies={}, auth=None, timeout=None, proxies=None, verify=True,                     debug=0 </msg>
<status status="PASS" starttime="20231213 18:07:40.443" endtime="20231213 18:07:40.443"/>
</kw>
<kw name="GET On Session" library="RequestsLibrary">
<var>${response}</var>
<arg>excede</arg>
<arg>${sitemap_url}</arg>
<doc>Sends a GET request on a previously created HTTP Session.</doc>
<msg timestamp="20231213 18:07:40.704" level="INFO">GET Request : url=https://www.viasat.com/sitemap.xml 
 path_url=/sitemap.xml 
 headers={'User-Agent': 'python-requests/2.28.1', 'Accept-Encoding': 'gzip, deflate', 'Accept': '*/*', 'Connection': 'keep-alive'} 
 body=None 
 </msg>
<msg timestamp="20231213 18:07:40.705" level="INFO">GET Response : url=https://www.viasat.com/sitemap.xml 
 status=200, reason=OK 
 headers={'Content-Type': 'application/xml;charset=iso-8859-1', 'Content-Length': '39415', 'Connection': 'keep-alive', 'Date': 'Wed, 13 Dec 2023 22:23:02 GMT', 'Set-Cookie': 'AWSALB=oGS5yZSnY2z7h5Vy6Fao9B5XjSTokt6NO10nJpg4Lv1ubDcDmZaou6vJ9NO56qMBJLSPxZaQAm55nsYNHuPgHBVODICjZrXN4sJIqYKhLpcQp2jVoXTuGcM4gCvJ; Expires=Wed, 20 Dec 2023 22:23:02 GMT; Path=/, AWSALBCORS=oGS5yZSnY2z7h5Vy6Fao9B5XjSTokt6NO10nJpg4Lv1ubDcDmZaou6vJ9NO56qMBJLSPxZaQAm55nsYNHuPgHBVODICjZrXN4sJIqYKhLpcQp2jVoXTuGcM4gCvJ; Expires=Wed, 20 Dec 2023 22:23:02 GMT; Path=/; SameSite=None; Secure', 'Server': 'Apache', 'X-Dispatcher': 'dispatcher2useast1', 'X-Vhost': 'publish', 'Strict-Transport-Security': 'max-age=63072000', 'X-XSS-Protection': '1; mode=block', 'referrer-policy': 'strict-origin-when-cross-origin', 'Cache-Control': 'public, max-age=43200', 'X-Content-Type-Options': 'nosniff', 'Last-Modified': 'Wed, 13 Dec 2023 19:05:41 GMT', 'ETag': '"465cc-60c68da756b83-gzip"', 'Accept-Ranges': 'bytes', 'Content-Encoding': 'gzip', 'X-Frame-Options': 'SAMEORIGIN', 'Vary': 'Accept-Encoding, Origin', 'Public-Key-Pins': 'max-age=1296000; pin-sha256="cvv+hcZ+EP7Do1cnMVIRLqJHXFl7tjgRqpSm34h/DTk="; pin-sha256="I92nqKO6cgS1Gx4O4s+YbHuyyF6IX3n894ph9mpYSYQ=";', 'X-Viasat-Policy': '1_10', 'Content-Security-Policy': "default-src 'self' 'unsafe-inline' *.scene7.com *.marketo.com ; script-src 'self' 'unsafe-inline' 'unsafe-eval' blob: *.infinity-tracking.com *.adsrvr.org *.demandbase.com *.bing.com *.google.com *.cookielaw.org *.doubleclick.net *.adobedtm.com *.everestjs.net *.clarity.ms *.marketo.com *.scene7.com *.qualtrics.com *.conductor.com *.viasat.com *.amazonaws.com qvdt3feo.com *.googleadservices.com *.google-analytics.com *.googletagmanager.com *.googleapis.com *.adobedtm.com *.sftoaa.com *.everestjs.net *.invocacdn.com *.invoca.net *.marketo.net *.crazyegg.com *.licdn.com *.facebook.net viasatinc.data.adobedc.net *.raygun.io *.bizible.com siteintercept.qualtrics.com *.icat.viasat.io tags.srv.stackadapt.com  ; frame-src 'self' *.youtube.com *.marketo.com *.adsrvr.org *.facebook.com *.company-target.com *.az1.qualtrics.com *.opendns.com *.adsrvr.cn *.doubleclick.net *.everesttech.net *.demdex.net *.everestjs.net *.force.com *.crazyegg.com ca-viasat-status.s3.amazonaws.com  ; img-src 'self' https: data:  ; media-src 'self' *.scene7.com  ; script-src-elem 'self' https: 'unsafe-inline'  ; connect-src 'self' 'unsafe-inline' *.demandbase.com *.infinity-tracking.net *.infinity-tracking.com *.onetrust.com *.company-target.com *.oribi.io *.clarity.ms *.scene7.com *.qualtrics.com *.facebook.com *.cookielaw.org *.everesttech.net google.com *.google.com *.google-analytics.com *.viasat.com *.doubleclick.net *.googleapis.com *.demdex.net *.omtrdc.net *.mktoresp.com *.crazyegg.com *.ads.linkedin.com cognito-identity.us-east-1.amazonaws.com sts.us-east-1.amazonaws.com dataplane.rum.us-east-1.amazonaws.com *.icat.viasat.io *.raygun.io *.bing.com *.invoca.net *.mktoutil.com tags.srv.stackadapt.com *.phonetrack.com * *.sftoaa.com  ; font-src 'self' fonts.gstatic.com *.googleapis.com *.icat.viasat.io *.typekit.net  ; style-src 'self' 'unsafe-inline' *.scene7.com *.marketo.com *.googleapis.com *.amazonaws.com *.scene7.com *.gstatic.com *.miaprova.com tags.srv.stackadapt.com  ; report-uri https://report-to-api.raygun.com/reports-csp?apikey=4uWKnPZoEmyV7vSRKJeHw report-to csp-endpoint", 'Report-To': '{"group": "csp-endpoint", "max-age": 10886400, "endpoints": [ { "url": "https://report-to-api.raygun.com/reports?apikey=4uWKnPZoEmyV7vSRKJeHw" } ] }', 'X-Cache': 'Hit from cloudfront', 'Via': '1.1 5e4ed8b3ad7ea224ed1bfcac62553bf6.cloudfront.net (CloudFront)', 'X-Amz-Cf-Pop': 'SFO5-P2', 'X-Amz-Cf-Id': 'UwRaPMdDW8oPMO8UBCdb9cKE7vglteHP07LrUa6Ksma8YJJMSMzVcQ==', 'Age': '13478'} 
 body=&lt;?xml version="1.0"?&gt;&lt;urlset xmlns="http://www.sitemaps.org/schemas/sitemap/0.9"&gt;&lt;url&gt;&lt;loc&gt;https://www.viasat.com/&lt;/loc&gt;&lt;lastmod&gt;2023-11-30&lt;/lastmod&gt;&lt;/url&gt;&lt;url&gt;&lt;loc&gt;https://www.viasat.com/satellite-internet/&lt;/loc&gt;&lt;lastmod&gt;2023-10-12&lt;/lastmod&gt;&lt;/url&gt;&lt;url&gt;&lt;loc&gt;https://www.viasat.com/satellite-internet/plans/&lt;/loc&gt;&lt;lastmod&gt;2023-11-09&lt;/lastmod&gt;&lt;/url&gt;&lt;url&gt;&lt;loc&gt;https://www.viasat.com/satellite-internet/plans/carrier-services/&lt;/loc&gt;&lt;lastmod&gt;2022-12-16&lt;/lastmod&gt;&lt;/url&gt;&lt;url&gt;&lt;loc&gt;https://www.viasat.com/satellite-internet/add-ons/&lt;/loc&gt;&lt;lastmod&gt;2023-07-07&lt;/lastmod&gt;&lt;/url&gt;&lt;url&gt;&lt;loc&gt;https://www.viasat.com/satellite-internet/add-ons/voip/&lt;/loc&gt;&lt;lastmod&gt;2023-10-25&lt;/lastmod&gt;&lt;/url&gt;&lt;url&gt;&lt;loc&gt;https://www.viasat.com/satellite-internet/add-ons/voip/battery-backup/&lt;/loc&gt;&lt;lastmod&gt;2023-08-24&lt;/lastmod&gt;&lt;/url&gt;&lt;url&gt;&lt;loc&gt;https://www.viasat.com/satellite-internet/add-ons/viasat-shield/&lt;/loc&gt;&lt;lastmod&gt;2023-08-24&lt;/lastmod&gt;&lt;/url&gt;&lt;url&gt;&lt;loc&gt;https://www.viasat.com/satellite-internet/add-ons/easycare/&lt;/loc&gt;&lt;lastmod&gt;2023-08-24&lt;/lastmod&gt;&lt;/url&gt;&lt;url&gt;&lt;loc&gt;https://www.viasat.com/satellite-internet/add-ons/office-hours/&lt;/loc&gt;&lt;lastmod&gt;2023-08-24&lt;/lastmod&gt;&lt;/url&gt;&lt;url&gt;&lt;loc&gt;https://www.viasat.com/satellite-internet/add-ons/dish-tv/&lt;/loc&gt;&lt;lastmod&gt;2023-10-31&lt;/lastmod&gt;&lt;/url&gt;&lt;url&gt;&lt;loc&gt;https://www.viasat.com/satellite-internet/add-ons/viasat-stream/content-providers/&lt;/loc&gt;&lt;lastmod&gt;2023-04-21&lt;/lastmod&gt;&lt;/url&gt;&lt;url&gt;&lt;loc&gt;https://www.viasat.com/satellite-internet/satellite-installation/&lt;/loc&gt;&lt;lastmod&gt;2023-08-10&lt;/lastmod&gt;&lt;/url&gt;&lt;url&gt;&lt;loc&gt;https://www.viasat.com/satellite-internet/contact-sales/&lt;/loc&gt;&lt;lastmod&gt;2022-03-31&lt;/lastmod&gt;&lt;/url&gt;&lt;url&gt;&lt;loc&gt;https://www.viasat.com/satellite-internet/contact-sales/become-a-satellite-retailer/&lt;/loc&gt;&lt;lastmod&gt;2023-03-28&lt;/lastmod&gt;&lt;/url&gt;&lt;url&gt;&lt;loc&gt;https://www.viasat.com/satellite-internet/contact-sales/find-a-satellite-retailer/&lt;/loc&gt;&lt;lastmod&gt;2023-09-27&lt;/lastmod&gt;&lt;/url&gt;&lt;url&gt;&lt;loc&gt;https://www.viasat.com/satellite-internet/faq/&lt;/loc&gt;&lt;lastmod&gt;2023-10-25&lt;/lastmod&gt;&lt;/url&gt;&lt;url&gt;&lt;loc&gt;https://www.viasat.com/satellite-internet/customer-service/&lt;/loc&gt;&lt;lastmod&gt;2022-01-05&lt;/lastmod&gt;&lt;/url&gt;&lt;url&gt;&lt;loc&gt;https://www.viasat.com/satellite-internet/small-business-internet/&lt;/loc&gt;&lt;lastmod&gt;2023-12-08&lt;/lastmod&gt;&lt;/url&gt;&lt;url&gt;&lt;loc&gt;https://www.viasat.com/satellite-internet/small-business-internet/backup-internet/&lt;/loc&gt;&lt;lastmod&gt;2023-11-15&lt;/lastmod&gt;&lt;/url&gt;&lt;url&gt;&lt;loc&gt;https://www.viasat.com/satellite-internet/small-business-internet/add-ons/voip/&lt;/loc&gt;&lt;lastmod&gt;2023-11-15&lt;/lastmod&gt;&lt;/url&gt;&lt;url&gt;&lt;loc&gt;https://www.viasat.com/satellite-internet/small-business-internet/add-ons/static-ip/&lt;/loc&gt;&lt;lastmod&gt;2023-12-04&lt;/lastmod&gt;&lt;/url&gt;&lt;url&gt;&lt;loc&gt;https://www.viasat.com/satellite-internet/affordable-connectivity-program/&lt;/loc&gt;&lt;lastmod&gt;2023-08-25&lt;/lastmod&gt;&lt;/url&gt;&lt;url&gt;&lt;loc&gt;https://www.viasat.com/satellite-internet/affordable-connectivity-program/new-customer/&lt;/loc&gt;&lt;lastmod&gt;2023-08-11&lt;/lastmod&gt;&lt;/url&gt;&lt;url&gt;&lt;loc&gt;https://www.viasat.com/satellite-internet/affordable-connectivity-program/current-customer/&lt;/loc&gt;&lt;lastmod&gt;2023-09-06&lt;/lastmod&gt;&lt;/url&gt;&lt;url&gt;&lt;loc&gt;https://www.viasat.com/satellite-internet/reviews/rural-co/&lt;/loc&gt;&lt;lastmod&gt;2023-04-18&lt;/lastmod&gt;&lt;/url&gt;&lt;url&gt;&lt;loc&gt;https://www.viasat.com/satellite-internet/wildblue/&lt;/loc&gt;&lt;lastmod&gt;2023-04-24&lt;/lastmod&gt;&lt;/url&gt;&lt;url&gt;&lt;loc&gt;https://www.viasat.com/satellite-internet/exede/&lt;/loc&gt;&lt;lastmod&gt;2023-05-09&lt;/lastmod&gt;&lt;/url&gt;&lt;url&gt;&lt;loc&gt;https://www.viasat.com/satellite-internet/fsm/&lt;/loc&gt;&lt;lastmod&gt;2023-08-25&lt;/lastmod&gt;&lt;/url&gt;&lt;url&gt;&lt;loc&gt;https://www.viasat.com/satellite-internet/offers/save-240/&lt;/loc&gt;&lt;lastmod&gt;2022-06-13&lt;/lastmod&gt;&lt;/url&gt;&lt;url&gt;&lt;loc&gt;https://www.viasat.com/satellite-internet/global-connectivity/&lt;/loc&gt;&lt;lastmod&gt;2023-08-25&lt;/lastmod&gt;&lt;/url&gt;&lt;url&gt;&lt;loc&gt;https://www.viasat.com/satellite-internet/global-connectivity/community-internet/&lt;/loc&gt;&lt;lastmod&gt;2023-01-03&lt;/lastmod&gt;&lt;/url&gt;&lt;url&gt;&lt;loc&gt;https://www.viasat.com/satellite-internet/rural-internet/&lt;/loc&gt;&lt;lastmod&gt;2023-05-08&lt;/lastmod&gt;&lt;/url&gt;&lt;url&gt;&lt;loc&gt;https://www.viasat.com/satellite-internet/outage-map/&lt;/loc&gt;&lt;lastmod&gt;2023-09-05&lt;/lastmod&gt;&lt;/url&gt;&lt;url&gt;&lt;loc&gt;https://www.viasat.com/satellite-internet/thank-you/&lt;/loc&gt;&lt;lastmod&gt;2023-10-10&lt;/lastmod&gt;&lt;/url&gt;&lt;url&gt;&lt;loc&gt;https://www.viasat.com/satellite-internet/sell-viasat-internet/&lt;/loc&gt;&lt;lastmod&gt;2023-11-17&lt;/lastmod&gt;&lt;/url&gt;&lt;url&gt;&lt;loc&gt;https://www.viasat.com/enterprise-and-mobility/&lt;/loc&gt;&lt;lastmod&gt;2023-07-12&lt;/lastmod&gt;&lt;/url&gt;&lt;url&gt;&lt;loc&gt;https://www.viasat.com/enterprise-and-mobility/industries/&lt;/loc&gt;&lt;lastmod&gt;2023-09-06&lt;/lastmod&gt;&lt;/url&gt;&lt;url&gt;&lt;loc&gt;https://www.viasat.com/enterprise-and-mobility/industries/commercial-aviation/&lt;/loc&gt;&lt;lastmod&gt;2023-11-07&lt;/lastmod&gt;&lt;/url&gt;&lt;url&gt;&lt;loc&gt;https://www.viasat.com/enterprise-and-mobility/industries/commercial-aviation/passenger-experience/&lt;/loc&gt;&lt;lastmod&gt;2023-03-28&lt;/lastmod&gt;&lt;/url&gt;&lt;url&gt;&lt;loc&gt;https://www.viasat.com/enterprise-and-mobility/industries/commercial-aviation/inflight-entertainment/&lt;/loc&gt;&lt;lastmod&gt;2021-11-30&lt;/lastmod&gt;&lt;/url&gt;&lt;url&gt;&lt;loc&gt;https://www.viasat.com/enterprise-and-mobility/industries/commercial-aviation/flight-operations/&lt;/loc&gt;&lt;lastmod&gt;2023-04-03&lt;/lastmod&gt;&lt;/url&gt;&lt;url&gt;&lt;loc&gt;https://www.viasat.com/enterprise-and-mobility/industries/commercial-aviation/flight-operations/aerodocs/&lt;/loc&gt;&lt;lastmod&gt;2023-04-03&lt;/lastmod&gt;&lt;/url&gt;&lt;url&gt;&lt;loc&gt;https://www.viasat.com/enterprise-and-mobility/industries/commercial-aviation/resources/&lt;/loc&gt;&lt;lastmod&gt;2023-04-03&lt;/lastmod&gt;&lt;/url&gt;&lt;url&gt;&lt;loc&gt;https://www.viasat.com/enterprise-and-mobility/industries/commercial-aviation/support-services/&lt;/loc&gt;&lt;lastmod&gt;2023-04-03&lt;/lastmod&gt;&lt;/url&gt;&lt;url&gt;&lt;loc&gt;https://www.viasat.com/enterprise-and-mobility/industries/commercial-aviation/inflight-advertising/&lt;/loc&gt;&lt;lastmod&gt;2023-04-03&lt;/lastmod&gt;&lt;/url&gt;&lt;url&gt;&lt;loc&gt;https://www.viasat.com/enterprise-and-mobility/industries/business-aviation/&lt;/loc&gt;&lt;lastmod&gt;2023-09-06&lt;/lastmod&gt;&lt;/url&gt;&lt;url&gt;&lt;loc&gt;https://www.viasat.com/enterprise-and-mobility/industries/business-aviation/inflight-entertainment/&lt;/loc&gt;&lt;lastmod&gt;2023-04-03&lt;/lastmod&gt;&lt;/url&gt;&lt;url&gt;&lt;loc&gt;https://www.viasat.com/enterprise-and-mobility/industries/business-aviation/partners/&lt;/loc&gt;&lt;lastmod&gt;2023-04-03&lt;/lastmod&gt;&lt;/url&gt;&lt;url&gt;&lt;loc&gt;https://www.viasat.com/enterprise-and-mobility/industries/business-aviation/resources/&lt;/loc&gt;&lt;lastmod&gt;2023-08-24&lt;/lastmod&gt;&lt;/url&gt;&lt;url&gt;&lt;loc&gt;https://www.viasat.com/enterprise-and-mobility/industries/business-aviation/support-services/&lt;/loc&gt;&lt;lastmod&gt;2023-06-20&lt;/lastmod&gt;&lt;/url&gt;&lt;url&gt;&lt;loc&gt;https://www.viasat.com/enterprise-and-mobility/industries/energy/&lt;/loc&gt;&lt;lastmod&gt;2023-05-16&lt;/lastmod&gt;&lt;/url&gt;&lt;url&gt;&lt;loc&gt;https://www.viasat.com/enterprise-and-mobility/industries/energy/energy-maritime/&lt;/loc&gt;&lt;lastmod&gt;2023-04-03&lt;/lastmod&gt;&lt;/url&gt;&lt;url&gt;&lt;loc&gt;https://www.viasat.com/enterprise-and-mobility/industries/energy/energy-solutions/&lt;/loc&gt;&lt;lastmod&gt;2023-04-10&lt;/lastmod&gt;&lt;/url&gt;&lt;url&gt;&lt;loc&gt;https://www.viasat.com/enterprise-and-mobility/industries/energy/energy-solutions/managed-comms/&lt;/loc&gt;&lt;lastmod&gt;2022-07-29&lt;/lastmod&gt;&lt;/url&gt;&lt;url&gt;&lt;loc&gt;https://www.viasat.com/enterprise-and-mobility/industries/energy/energy-solutions/apps-and-iiot/&lt;/loc&gt;&lt;lastmod&gt;2022-07-29&lt;/lastmod&gt;&lt;/url&gt;&lt;url&gt;&lt;loc&gt;https://www.viasat.com/enterprise-and-mobility/industries/energy/energy-solutions/systems-integration/&lt;/loc&gt;&lt;lastmod&gt;2023-02-06&lt;/lastmod&gt;&lt;/url&gt;&lt;url&gt;&lt;loc&gt;https://www.viasat.com/enterprise-and-mobility/industries/energy/oil-and-gas/&lt;/loc&gt;&lt;lastmod&gt;2023-04-03&lt;/lastmod&gt;&lt;/url&gt;&lt;url&gt;&lt;loc&gt;https://www.viasat.com/enterprise-and-mobility/industries/maritime/&lt;/loc&gt;&lt;lastmod&gt;2023-05-09&lt;/lastmod&gt;&lt;/url&gt;&lt;url&gt;&lt;loc&gt;https://www.viasat.com/enterprise-and-mobility/industries/maritime/passenger/&lt;/loc&gt;&lt;lastmod&gt;2023-05-09&lt;/lastmod&gt;&lt;/url&gt;&lt;url&gt;&lt;loc&gt;https://www.viasat.com/enterprise-and-mobility/industries/maritime/commercial/&lt;/loc&gt;&lt;lastmod&gt;2023-04-03&lt;/lastmod&gt;&lt;/url&gt;&lt;url&gt;&lt;loc&gt;https://www.viasat.com/enterprise-and-mobility/industries/maritime/leisure/&lt;/loc&gt;&lt;lastmod&gt;2023-05-09&lt;/lastmod&gt;&lt;/url&gt;&lt;url&gt;&lt;loc&gt;https://www.viasat.com/enterprise-and-mobility/industries/maritime/resources/&lt;/loc&gt;&lt;lastmod&gt;2023-04-03&lt;/lastmod&gt;&lt;/url&gt;&lt;url&gt;&lt;loc&gt;https://www.viasat.com/enterprise-and-mobility/solutions/&lt;/loc&gt;&lt;lastmod&gt;2023-08-10&lt;/lastmod&gt;&lt;/url&gt;&lt;url&gt;&lt;loc&gt;https://www.viasat.com/enterprise-and-mobility/solutions/commercial-aviation-connectivity/&lt;/loc&gt;&lt;lastmod&gt;2023-04-04&lt;/lastmod&gt;&lt;/url&gt;&lt;url&gt;&lt;loc&gt;https://www.viasat.com/enterprise-and-mobility/solutions/business-aviation-connectivity/&lt;/loc&gt;&lt;lastmod&gt;2023-05-30&lt;/lastmod&gt;&lt;/url&gt;&lt;url&gt;&lt;loc&gt;https://www.viasat.com/enterprise-and-mobility/solutions/maritime-connectivity/&lt;/loc&gt;&lt;lastmod&gt;2023-04-03&lt;/lastmod&gt;&lt;/url&gt;&lt;url&gt;&lt;loc&gt;https://www.viasat.com/enterprise-and-mobility/solutions/cybersecurity/&lt;/loc&gt;&lt;lastmod&gt;2023-06-29&lt;/lastmod&gt;&lt;/url&gt;&lt;url&gt;&lt;loc&gt;https://www.viasat.com/enterprise-and-mobility/solutions/intelie/&lt;/loc&gt;&lt;lastmod&gt;2023-04-04&lt;/lastmod&gt;&lt;/url&gt;&lt;url&gt;&lt;loc&gt;https://www.viasat.com/enterprise-and-mobility/solutions/enterprise/&lt;/loc&gt;&lt;lastmod&gt;2023-05-19&lt;/lastmod&gt;&lt;/url&gt;&lt;url&gt;&lt;loc&gt;https://www.viasat.com/enterprise-and-mobility/solutions/enterprise/managed-wifi/&lt;/loc&gt;&lt;lastmod&gt;2023-04-03&lt;/lastmod&gt;&lt;/url&gt;&lt;url&gt;&lt;loc&gt;https://www.viasat.com/enterprise-and-mobility/solutions/enterprise/sd-wan/&lt;/loc&gt;&lt;lastmod&gt;2021-06-29&lt;/lastmod&gt;&lt;/url&gt;&lt;url&gt;&lt;loc&gt;https://www.viasat.com/enterprise-and-mobility/solutions/mobile-satellite-terminals/&lt;/loc&gt;&lt;lastmod&gt;2023-08-14&lt;/lastmod&gt;&lt;/url&gt;&lt;url&gt;&lt;loc&gt;https://www.viasat.com/enterprise-and-mobility/solutions/advertising/&lt;/loc&gt;&lt;lastmod&gt;2023-10-18&lt;/lastmod&gt;&lt;/url&gt;&lt;url&gt;&lt;loc&gt;https://www.viasat.com/enterprise-and-mobility/solutions/advertising/try-it/&lt;/loc&gt;&lt;lastmod&gt;2023-08-30&lt;/lastmod&gt;&lt;/url&gt;&lt;url&gt;&lt;loc&gt;https://www.viasat.com/enterprise-and-mobility/solutions/advertising/watch-it/&lt;/loc&gt;&lt;lastmod&gt;2023-07-13&lt;/lastmod&gt;&lt;/url&gt;&lt;url&gt;&lt;loc&gt;https://www.viasat.com/enterprise-and-mobility/solutions/advertising/contact-us/&lt;/loc&gt;&lt;lastmod&gt;2023-06-05&lt;/lastmod&gt;&lt;/url&gt;&lt;url&gt;&lt;loc&gt;https://www.viasat.com/enterprise-and-mobility/aviation/&lt;/loc&gt;&lt;lastmod&gt;2023-04-03&lt;/lastmod&gt;&lt;/url&gt;&lt;url&gt;&lt;loc&gt;https://www.viasat.com/enterprise-and-mobility/advertise-with-us/&lt;/loc&gt;&lt;lastmod&gt;2023-03-31&lt;/lastmod&gt;&lt;/url&gt;&lt;url&gt;&lt;loc&gt;https://www.viasat.com/enterprise-and-mobility/advertise-with-us/sponsored-access-watch-adds/&lt;/loc&gt;&lt;lastmod&gt;2022-07-29&lt;/lastmod&gt;&lt;/url&gt;&lt;url&gt;&lt;loc&gt;https://www.... (set the log level to DEBUG or TRACE to see the full content) 
 </msg>
<msg timestamp="20231213 18:07:40.705" level="INFO">${response} = &lt;Response [200]&gt;</msg>
<status status="PASS" starttime="20231213 18:07:40.444" endtime="20231213 18:07:40.705"/>
</kw>
<kw name="Parse Xml" library="XML">
<var>${json_data}</var>
<arg>${response.content}</arg>
<doc>Parses the given XML file or string into an element structure.</doc>
<msg timestamp="20231213 18:07:40.718" level="INFO">${json_data} = &lt;Element 'urlset' at 0x108f13f40&gt;</msg>
<status status="PASS" starttime="20231213 18:07:40.705" endtime="20231213 18:07:40.718"/>
</kw>
<kw name="Get Elements Texts" library="XML">
<var>${elements}</var>
<arg>${json_data}</arg>
<arg>url</arg>
<doc>Returns text of all elements matching ``xpath`` as a list.</doc>
<msg timestamp="20231213 18:07:40.729" level="INFO">${elements} = ['https://www.viasat.com/2023-11-30', 'https://www.viasat.com/satellite-internet/2023-10-12', 'https://www.viasat.com/satellite-internet/plans/2023-11-09', 'https://www.viasat.com/satellite-internet/p...</msg>
<status status="PASS" starttime="20231213 18:07:40.718" endtime="20231213 18:07:40.729"/>
</kw>
<kw name="Set Variable" library="BuiltIn">
<var>${url1}</var>
<arg>${elements}[0]</arg>
<doc>Returns the given values which can then be assigned to a variables.</doc>
<msg timestamp="20231213 18:07:40.730" level="INFO">${url1} = https://www.viasat.com/2023-11-30</msg>
<status status="PASS" starttime="20231213 18:07:40.729" endtime="20231213 18:07:40.730"/>
</kw>
<kw name="Log To Console" library="BuiltIn">
<arg>${url1}</arg>
<doc>Logs the given message to the console.</doc>
<status status="PASS" starttime="20231213 18:07:40.730" endtime="20231213 18:07:40.730"/>
</kw>
<kw name="Get Substring" library="String">
<var>${url_main}</var>
<arg>${url1}</arg>
<arg>0</arg>
<arg>-11</arg>
<doc>Returns a substring from ``start`` index to ``end`` index.</doc>
<msg timestamp="20231213 18:07:40.730" level="INFO">${url_main} = https://www.viasat.com</msg>
<status status="PASS" starttime="20231213 18:07:40.730" endtime="20231213 18:07:40.730"/>
</kw>
<kw name="Open Browser" library="SeleniumLibrary">
<arg>${url_main}</arg>
<arg>headlesschrome</arg>
<doc>Opens a new browser instance to the optional ``url``.</doc>
<msg timestamp="20231213 18:07:40.731" level="INFO">Opening browser 'headlesschrome' to base url 'https://www.viasat.com'.</msg>
<status status="PASS" starttime="20231213 18:07:40.731" endtime="20231213 18:07:44.599"/>
</kw>
<kw name="Sleep" library="BuiltIn">
<arg>5s</arg>
<doc>Pauses the test executed for the given time.</doc>
<msg timestamp="20231213 18:07:49.601" level="INFO">Slept 5 seconds</msg>
<status status="PASS" starttime="20231213 18:07:44.599" endtime="20231213 18:07:49.601"/>
</kw>
<kw name="Get Text" library="SeleniumLibrary">
<var>${content_text}</var>
<arg>//h1[@class="title__text"]</arg>
<doc>Returns the text value of the element identified by ``locator``.</doc>
<msg timestamp="20231213 18:07:49.631" level="INFO">${content_text} = Get high-speed satellite internet wherever you live</msg>
<status status="PASS" starttime="20231213 18:07:49.602" endtime="20231213 18:07:49.631"/>
</kw>
<kw name="Should Contain" library="BuiltIn">
<arg>${content_text}</arg>
<arg>Get high-speed satellite internet wherever you live</arg>
<doc>Fails if ``container`` does not contain ``item`` one or more times.</doc>
<status status="PASS" starttime="20231213 18:07:49.631" endtime="20231213 18:07:49.631"/>
</kw>
<kw name="Close Browser" library="SeleniumLibrary">
<doc>Closes the current browser.</doc>
<status status="PASS" starttime="20231213 18:07:49.631" endtime="20231213 18:07:49.752"/>
</kw>
<status status="PASS" starttime="20231213 18:07:40.442" endtime="20231213 18:07:49.752"/>
</kw>
<status status="PASS" starttime="20231213 18:07:40.441" endtime="20231213 18:07:49.752"/>
</test>
<test id="s1-t2" name="Stage Sitemap Url test" line="32">
<kw name="Extract URLs from Viasat Sitemap">
<arg>${Stage_sitemap_url}</arg>
<kw name="Create Session" library="RequestsLibrary">
<arg>excede</arg>
<arg>${sitemap_url}</arg>
<arg>verify=true</arg>
<doc>Create Session: create a HTTP session to a server</doc>
<msg timestamp="20231213 18:07:49.754" level="INFO">Creating Session using : alias=excede, url=https://stage.web.viasat.com/sitemap.xml, headers={},                     cookies={}, auth=None, timeout=None, proxies=None, verify=True,                     debug=0 </msg>
<status status="PASS" starttime="20231213 18:07:49.754" endtime="20231213 18:07:49.754"/>
</kw>
<kw name="GET On Session" library="RequestsLibrary">
<var>${response}</var>
<arg>excede</arg>
<arg>${sitemap_url}</arg>
<doc>Sends a GET request on a previously created HTTP Session.</doc>
<msg timestamp="20231213 18:07:50.203" level="INFO">GET Request : url=https://stage.web.viasat.com/sitemap.xml 
 path_url=/sitemap.xml 
 headers={'User-Agent': 'python-requests/2.28.1', 'Accept-Encoding': 'gzip, deflate', 'Accept': '*/*', 'Connection': 'keep-alive'} 
 body=None 
 </msg>
<msg timestamp="20231213 18:07:50.203" level="INFO">GET Response : url=https://stage.web.viasat.com/sitemap.xml 
 status=200, reason=OK 
 headers={'Content-Type': 'application/xml;charset=iso-8859-1', 'Transfer-Encoding': 'chunked', 'Connection': 'keep-alive', 'Date': 'Wed, 13 Dec 2023 22:35:55 GMT', 'Set-Cookie': 'AWSALB=i3vkQTvNW6JIbeoDP1i24gqDkvyFP1arkfYqpOnWBt+dlEePTo+yM0E6cCVMV94dBG7jIS+YkM8ireR7q9RWnuPj1UhS53hNgE8eoiwM2J4L9udxDFWuxns042GA; Expires=Wed, 20 Dec 2023 22:35:52 GMT; Path=/, AWSALBCORS=i3vkQTvNW6JIbeoDP1i24gqDkvyFP1arkfYqpOnWBt+dlEePTo+yM0E6cCVMV94dBG7jIS+YkM8ireR7q9RWnuPj1UhS53hNgE8eoiwM2J4L9udxDFWuxns042GA; Expires=Wed, 20 Dec 2023 22:35:52 GMT; Path=/; SameSite=None; Secure', 'Server': 'Apache', 'X-Dispatcher': 'dispatcher1useast1', 'X-Vhost': 'publish', 'Strict-Transport-Security': 'max-age=63072000', 'X-XSS-Protection': '1; mode=block', 'referrer-policy': 'strict-origin-when-cross-origin', 'Cache-Control': 'public, max-age=43200', 'X-Content-Type-Options': 'nosniff', 'Last-Modified': 'Wed, 13 Dec 2023 22:35:55 GMT', 'ETag': 'W/"7a18d-60c6bca53b6ed-gzip"', 'Accept-Ranges': 'bytes', 'Content-Encoding': 'gzip', 'X-Frame-Options': 'SAMEORIGIN', 'Vary': 'Accept-Encoding, Origin', 'Public-Key-Pins': 'max-age=1296000; pin-sha256="cvv+hcZ+EP7Do1cnMVIRLqJHXFl7tjgRqpSm34h/DTk="; pin-sha256="I92nqKO6cgS1Gx4O4s+YbHuyyF6IX3n894ph9mpYSYQ=";', 'X-Viasat-Policy': '1_10', 'Content-Security-Policy': "default-src 'self' 'unsafe-inline' *.scene7.com *.marketo.com ; script-src 'self' 'unsafe-inline' 'unsafe-eval' blob: *.google.com *.cookielaw.org *.doubleclick.net *.adobedtm.com *.everestjs.net *.googleadservices.com *.googletagmanager.com *.googleapis.com *.sftoaa.com *.invocacdn.com *.invoca.net *.marketo.net *.crazyegg.com *.licdn.com *.facebook.net *.conductor.com *.bing.com *.raygun.io *.bizible.com *.icat.viasat.io *.viasat.com *.scene7.com *.marketo.com *.siteintercept.qualtrics.com *.clarity.ms  ; frame-src *.youtube.com *.marketo.com *.adsrvr.org *.facebook.com *.company-target.com *.az1.qualtrics.com *.doubleclick.net *.everesttech.net *.demdex.net *.everestjs.net *.force.com *.crazyegg.com ca-viasat-status.s3.amazonaws.com  ; img-src 'self' data: *.cookielaw.org *.marketo.com *.cloudfront.net *.rlcdn.com *.company-target.com *.bing.com *.clarity.ms *.scene7.com *.googleapis.com *.qualtrics.com *.yahoo.com *.pubmatic.com *.gstatic.com *.postimg.cc *.viasat.com *.googletagmanager.com *.google.com *.google-analytics.com *.data.adobedc.net *.doubleclick.net *.everesttech.net *.demdex.net *.linkedin.com *.facebook.com *.crazyegg.com *.viasatinc.data.adobedc.net *.bizible.com *.bizibly.com *.day.com  ; media-src 'self' *.scene7.com  ; script-src-elem 'self' 'unsafe-inline' *.infinity-tracking.com *.adsrvr.org *.demandbase.com *.bing.com *.clarity.ms *.marketo.com *.scene7.com *.qualtrics.com *.conductor.com *.viasat.com *.amazonaws.com *.cookielaw.org *.doubleclick.net *.googleadservices.com *.google-analytics.com *.googletagmanager.com *.adobedtm.com *.googleapis.com *.sftoaa.com *.everestjs.net *.invocacdn.com *.invoca.net *.marketo.net *.crazyegg.com *.licdn.com *.facebook.net viasatinc.data.adobedc.net *.raygun.io *.bizible.com *.icat.viasat.io  ; connect-src 'self' 'unsafe-inline' *.demandbase.com *.infinity-tracking.net *.infinity-tracking.com *.onetrust.com *.company-target.com *.oribi.io *.clarity.ms *.scene7.com *.qualtrics.com *.facebook.com *.cookielaw.org *.everesttech.net *.google.com *.google-analytics.com *.viasat.com *.doubleclick.net *.googleapis.com *.demdex.net *.omtrdc.net *.mktoresp.com *.crazyegg.com *.ads.linkedin.com cognito-identity.us-east-1.amazonaws.com sts.us-east-1.amazonaws.com dataplane.rum.us-east-1.amazonaws.com *.icat.viasat.io *.raygun.io *.bing.com *.invoca.net *.mktoutil.com  ; font-src 'self' fonts.gstatic.com *.icat.viasat.io  ; style-src-elem 'self' 'unsafe-inline' *.scene7.com *.marketo.com *.googleapis.com *.amazonaws.com *.scene7.com *.miaprova.com  ; report-uri https://report-to-api.raygun.com/reports-csp?apikey=RRG8SSknxGdOdYDItwRgeQ report-to csp-endpoint", 'Report-To': '{"group": "csp-endpoint", "max-age": 10886400, "endpoints": [ { "url": "https://report-to-api.raygun.com/reports?apikey=RRG8SSknxGdOdYDItwRgeQ" } ] }', 'X-Cache': 'Hit from cloudfront', 'Via': '1.1 f9d8d5b78e705b73ae052074828b580a.cloudfront.net (CloudFront)', 'X-Amz-Cf-Pop': 'SFO53-P2', 'X-Amz-Cf-Id': '_9KRedOqFuonC4nHT5I5GRMZ8jvCsHuE8Y3Ui-0ROCSNNw_lv0LCbQ==', 'Age': '12715'} 
 body=&lt;?xml version="1.0"?&gt;&lt;urlset xmlns="http://www.sitemaps.org/schemas/sitemap/0.9"&gt;&lt;url&gt;&lt;loc&gt;https://stage.web.viasat.com/&lt;/loc&gt;&lt;lastmod&gt;2023-11-30&lt;/lastmod&gt;&lt;/url&gt;&lt;url&gt;&lt;loc&gt;https://stage.web.viasat.com/plans/&lt;/loc&gt;&lt;lastmod&gt;2023-10-12&lt;/lastmod&gt;&lt;/url&gt;&lt;url&gt;&lt;loc&gt;https://stage.web.viasat.com/satellite-internet/&lt;/loc&gt;&lt;lastmod&gt;2023-11-23&lt;/lastmod&gt;&lt;/url&gt;&lt;url&gt;&lt;loc&gt;https://stage.web.viasat.com/satellite-internet/plans/&lt;/loc&gt;&lt;lastmod&gt;2023-11-09&lt;/lastmod&gt;&lt;/url&gt;&lt;url&gt;&lt;loc&gt;https://stage.web.viasat.com/satellite-internet/plans/us/&lt;/loc&gt;&lt;lastmod&gt;2023-10-12&lt;/lastmod&gt;&lt;/url&gt;&lt;url&gt;&lt;loc&gt;https://stage.web.viasat.com/satellite-internet/plans/us/en/&lt;/loc&gt;&lt;lastmod&gt;2023-10-12&lt;/lastmod&gt;&lt;/url&gt;&lt;url&gt;&lt;loc&gt;https://stage.web.viasat.com/satellite-internet/plans/carrier-services/&lt;/loc&gt;&lt;lastmod&gt;2023-07-07&lt;/lastmod&gt;&lt;/url&gt;&lt;url&gt;&lt;loc&gt;https://stage.web.viasat.com/satellite-internet/plans/en-US/&lt;/loc&gt;&lt;lastmod&gt;2023-10-12&lt;/lastmod&gt;&lt;/url&gt;&lt;url&gt;&lt;loc&gt;https://stage.web.viasat.com/satellite-internet/add-ons/&lt;/loc&gt;&lt;lastmod&gt;2023-07-07&lt;/lastmod&gt;&lt;/url&gt;&lt;url&gt;&lt;loc&gt;https://stage.web.viasat.com/satellite-internet/add-ons/voip/&lt;/loc&gt;&lt;lastmod&gt;2023-10-25&lt;/lastmod&gt;&lt;/url&gt;&lt;url&gt;&lt;loc&gt;https://stage.web.viasat.com/satellite-internet/add-ons/voip/battery-backup/&lt;/loc&gt;&lt;lastmod&gt;2023-08-24&lt;/lastmod&gt;&lt;/url&gt;&lt;url&gt;&lt;loc&gt;https://stage.web.viasat.com/satellite-internet/add-ons/viasat-shield/&lt;/loc&gt;&lt;lastmod&gt;2023-08-24&lt;/lastmod&gt;&lt;/url&gt;&lt;url&gt;&lt;loc&gt;https://stage.web.viasat.com/satellite-internet/add-ons/easycare/&lt;/loc&gt;&lt;lastmod&gt;2023-08-24&lt;/lastmod&gt;&lt;/url&gt;&lt;url&gt;&lt;loc&gt;https://stage.web.viasat.com/satellite-internet/add-ons/dish-tv/&lt;/loc&gt;&lt;lastmod&gt;2023-10-31&lt;/lastmod&gt;&lt;/url&gt;&lt;url&gt;&lt;loc&gt;https://stage.web.viasat.com/satellite-internet/add-ons/office-hours/&lt;/loc&gt;&lt;lastmod&gt;2023-08-24&lt;/lastmod&gt;&lt;/url&gt;&lt;url&gt;&lt;loc&gt;https://stage.web.viasat.com/satellite-internet/add-ons/viasat-stream/content-providers/&lt;/loc&gt;&lt;lastmod&gt;2023-04-21&lt;/lastmod&gt;&lt;/url&gt;&lt;url&gt;&lt;loc&gt;https://stage.web.viasat.com/satellite-internet/contact-sales/&lt;/loc&gt;&lt;lastmod&gt;2022-03-31&lt;/lastmod&gt;&lt;/url&gt;&lt;url&gt;&lt;loc&gt;https://stage.web.viasat.com/satellite-internet/contact-sales/become-a-satellite-retailer/&lt;/loc&gt;&lt;lastmod&gt;2023-03-28&lt;/lastmod&gt;&lt;/url&gt;&lt;url&gt;&lt;loc&gt;https://stage.web.viasat.com/satellite-internet/contact-sales/find-a-satellite-retailer/&lt;/loc&gt;&lt;lastmod&gt;2023-09-27&lt;/lastmod&gt;&lt;/url&gt;&lt;url&gt;&lt;loc&gt;https://stage.web.viasat.com/satellite-internet/faq/&lt;/loc&gt;&lt;lastmod&gt;2023-10-25&lt;/lastmod&gt;&lt;/url&gt;&lt;url&gt;&lt;loc&gt;https://stage.web.viasat.com/satellite-internet/customer-service/&lt;/loc&gt;&lt;lastmod&gt;2022-01-05&lt;/lastmod&gt;&lt;/url&gt;&lt;url&gt;&lt;loc&gt;https://stage.web.viasat.com/satellite-internet/affordable-connectivity-program/&lt;/loc&gt;&lt;lastmod&gt;2023-08-25&lt;/lastmod&gt;&lt;/url&gt;&lt;url&gt;&lt;loc&gt;https://stage.web.viasat.com/satellite-internet/affordable-connectivity-program/new-customer/&lt;/loc&gt;&lt;lastmod&gt;2023-09-05&lt;/lastmod&gt;&lt;/url&gt;&lt;url&gt;&lt;loc&gt;https://stage.web.viasat.com/satellite-internet/affordable-connectivity-program/current-customer/&lt;/loc&gt;&lt;lastmod&gt;2023-09-06&lt;/lastmod&gt;&lt;/url&gt;&lt;url&gt;&lt;loc&gt;https://stage.web.viasat.com/satellite-internet/reviews/&lt;/loc&gt;&lt;lastmod&gt;2023-04-18&lt;/lastmod&gt;&lt;/url&gt;&lt;url&gt;&lt;loc&gt;https://stage.web.viasat.com/satellite-internet/reviews/rural-co/&lt;/loc&gt;&lt;lastmod&gt;2023-04-18&lt;/lastmod&gt;&lt;/url&gt;&lt;url&gt;&lt;loc&gt;https://stage.web.viasat.com/satellite-internet/small-business-internet/&lt;/loc&gt;&lt;lastmod&gt;2023-12-06&lt;/lastmod&gt;&lt;/url&gt;&lt;url&gt;&lt;loc&gt;https://stage.web.viasat.com/satellite-internet/small-business-internet/backup-internet/&lt;/loc&gt;&lt;lastmod&gt;2023-11-08&lt;/lastmod&gt;&lt;/url&gt;&lt;url&gt;&lt;loc&gt;https://stage.web.viasat.com/satellite-internet/small-business-internet/add-ons/&lt;/loc&gt;&lt;lastmod&gt;2023-11-16&lt;/lastmod&gt;&lt;/url&gt;&lt;url&gt;&lt;loc&gt;https://stage.web.viasat.com/satellite-internet/small-business-internet/add-ons/voip/&lt;/loc&gt;&lt;lastmod&gt;2023-11-06&lt;/lastmod&gt;&lt;/url&gt;&lt;url&gt;&lt;loc&gt;https://stage.web.viasat.com/satellite-internet/small-business-internet/add-ons/static-ip/&lt;/loc&gt;&lt;lastmod&gt;2023-12-04&lt;/lastmod&gt;&lt;/url&gt;&lt;url&gt;&lt;loc&gt;https://stage.web.viasat.com/satellite-internet/small-business-internet/add-ons/static-ip/coming-soon/&lt;/loc&gt;&lt;lastmod&gt;2023-11-16&lt;/lastmod&gt;&lt;/url&gt;&lt;url&gt;&lt;loc&gt;https://stage.web.viasat.com/satellite-internet/wildblue/&lt;/loc&gt;&lt;lastmod&gt;2023-04-24&lt;/lastmod&gt;&lt;/url&gt;&lt;url&gt;&lt;loc&gt;https://stage.web.viasat.com/satellite-internet/exede/&lt;/loc&gt;&lt;lastmod&gt;2023-05-09&lt;/lastmod&gt;&lt;/url&gt;&lt;url&gt;&lt;loc&gt;https://stage.web.viasat.com/satellite-internet/welcome/what-to-expect-with-your-first-viasat-internet-billing-statement/&lt;/loc&gt;&lt;lastmod&gt;2023-05-22&lt;/lastmod&gt;&lt;/url&gt;&lt;url&gt;&lt;loc&gt;https://stage.web.viasat.com/satellite-internet/fsm/&lt;/loc&gt;&lt;lastmod&gt;2023-08-25&lt;/lastmod&gt;&lt;/url&gt;&lt;url&gt;&lt;loc&gt;https://stage.web.viasat.com/satellite-internet/offers/save-240/&lt;/loc&gt;&lt;lastmod&gt;2022-06-13&lt;/lastmod&gt;&lt;/url&gt;&lt;url&gt;&lt;loc&gt;https://stage.web.viasat.com/satellite-internet/offers/save-150-No-Holiday/&lt;/loc&gt;&lt;lastmod&gt;2022-01-03&lt;/lastmod&gt;&lt;/url&gt;&lt;url&gt;&lt;loc&gt;https://stage.web.viasat.com/satellite-internet/offers/save-240-No-Holiday/&lt;/loc&gt;&lt;lastmod&gt;2022-01-03&lt;/lastmod&gt;&lt;/url&gt;&lt;url&gt;&lt;loc&gt;https://stage.web.viasat.com/satellite-internet/offers/save-300-No-Holiday/&lt;/loc&gt;&lt;lastmod&gt;2023-01-06&lt;/lastmod&gt;&lt;/url&gt;&lt;url&gt;&lt;loc&gt;https://stage.web.viasat.com/satellite-internet/partners/plans1/&lt;/loc&gt;&lt;lastmod&gt;2023-11-28&lt;/lastmod&gt;&lt;/url&gt;&lt;url&gt;&lt;loc&gt;https://stage.web.viasat.com/satellite-internet/battery-backup/&lt;/loc&gt;&lt;lastmod&gt;2023-03-27&lt;/lastmod&gt;&lt;/url&gt;&lt;url&gt;&lt;loc&gt;https://stage.web.viasat.com/satellite-internet/global-connectivity/&lt;/loc&gt;&lt;lastmod&gt;2023-08-25&lt;/lastmod&gt;&lt;/url&gt;&lt;url&gt;&lt;loc&gt;https://stage.web.viasat.com/satellite-internet/global-connectivity/community-internet/&lt;/loc&gt;&lt;lastmod&gt;2023-01-03&lt;/lastmod&gt;&lt;/url&gt;&lt;url&gt;&lt;loc&gt;https://stage.web.viasat.com/satellite-internet/plans-old/&lt;/loc&gt;&lt;lastmod&gt;2022-08-04&lt;/lastmod&gt;&lt;/url&gt;&lt;url&gt;&lt;loc&gt;https://stage.web.viasat.com/satellite-internet/plans-old/carrier-services/&lt;/loc&gt;&lt;lastmod&gt;2023-07-07&lt;/lastmod&gt;&lt;/url&gt;&lt;url&gt;&lt;loc&gt;https://stage.web.viasat.com/satellite-internet/rural-internet/&lt;/loc&gt;&lt;lastmod&gt;2023-05-08&lt;/lastmod&gt;&lt;/url&gt;&lt;url&gt;&lt;loc&gt;https://stage.web.viasat.com/satellite-internet/outage-map/&lt;/loc&gt;&lt;lastmod&gt;2023-09-05&lt;/lastmod&gt;&lt;/url&gt;&lt;url&gt;&lt;loc&gt;https://stage.web.viasat.com/satellite-internet/v1-archive/&lt;/loc&gt;&lt;lastmod&gt;2023-07-05&lt;/lastmod&gt;&lt;/url&gt;&lt;url&gt;&lt;loc&gt;https://stage.web.viasat.com/satellite-internet/v1-archive/fixed-wireless/&lt;/loc&gt;&lt;lastmod&gt;2022-03-16&lt;/lastmod&gt;&lt;/url&gt;&lt;url&gt;&lt;loc&gt;https://stage.web.viasat.com/satellite-internet/v1-archive/viasat-flex/&lt;/loc&gt;&lt;lastmod&gt;2023-07-07&lt;/lastmod&gt;&lt;/url&gt;&lt;url&gt;&lt;loc&gt;https://stage.web.viasat.com/satellite-internet/v1-archive/plans-old/&lt;/loc&gt;&lt;lastmod&gt;2023-08-25&lt;/lastmod&gt;&lt;/url&gt;&lt;url&gt;&lt;loc&gt;https://stage.web.viasat.com/satellite-internet/satellite-installation/&lt;/loc&gt;&lt;lastmod&gt;2023-08-10&lt;/lastmod&gt;&lt;/url&gt;&lt;url&gt;&lt;loc&gt;https://stage.web.viasat.com/satellite-internet/thank-you/&lt;/loc&gt;&lt;lastmod&gt;2023-10-10&lt;/lastmod&gt;&lt;/url&gt;&lt;url&gt;&lt;loc&gt;https://stage.web.viasat.com/satellite-internet/plans1/&lt;/loc&gt;&lt;lastmod&gt;2023-11-21&lt;/lastmod&gt;&lt;/url&gt;&lt;url&gt;&lt;loc&gt;https://stage.web.viasat.com/satellite-internet/plans1/carrier-services/&lt;/loc&gt;&lt;lastmod&gt;2023-10-28&lt;/lastmod&gt;&lt;/url&gt;&lt;url&gt;&lt;loc&gt;https://stage.web.viasat.com/satellite-internet/sell-viasat-internet/&lt;/loc&gt;&lt;lastmod&gt;2023-11-17&lt;/lastmod&gt;&lt;/url&gt;&lt;url&gt;&lt;loc&gt;https://stage.web.viasat.com/enterprise-and-mobility/&lt;/loc&gt;&lt;lastmod&gt;2023-11-28&lt;/lastmod&gt;&lt;/url&gt;&lt;url&gt;&lt;loc&gt;https://stage.web.viasat.com/enterprise-and-mobility/industries/&lt;/loc&gt;&lt;lastmod&gt;2023-11-16&lt;/lastmod&gt;&lt;/url&gt;&lt;url&gt;&lt;loc&gt;https://stage.web.viasat.com/enterprise-and-mobility/industries/commercial-aviation/&lt;/loc&gt;&lt;lastmod&gt;2023-11-07&lt;/lastmod&gt;&lt;/url&gt;&lt;url&gt;&lt;loc&gt;https://stage.web.viasat.com/enterprise-and-mobility/industries/commercial-aviation/passenger-experience/&lt;/loc&gt;&lt;lastmod&gt;2023-04-03&lt;/lastmod&gt;&lt;/url&gt;&lt;url&gt;&lt;loc&gt;https://stage.web.viasat.com/enterprise-and-mobility/industries/commercial-aviation/inflight-entertainment/&lt;/loc&gt;&lt;lastmod&gt;2021-11-30&lt;/lastmod&gt;&lt;/url&gt;&lt;url&gt;&lt;loc&gt;https://stage.web.viasat.com/enterprise-and-mobility/industries/commercial-aviation/flight-operations/&lt;/loc&gt;&lt;lastmod&gt;2023-04-03&lt;/lastmod&gt;&lt;/url&gt;&lt;url&gt;&lt;loc&gt;https://stage.web.viasat.com/enterprise-and-mobility/industries/commercial-aviation/flight-operations/aerodocs/&lt;/loc&gt;&lt;lastmod&gt;2023-04-03&lt;/lastmod&gt;&lt;/url&gt;&lt;url&gt;&lt;loc&gt;https://stage.web.viasat.com/enterprise-and-mobility/industries/commercial-aviation/resources/&lt;/loc&gt;&lt;lastmod&gt;2023-04-03&lt;/lastmod&gt;&lt;/url&gt;&lt;url&gt;&lt;loc&gt;https://stage.web.viasat.com/enterprise-and-mobility/industries/commercial-aviation/support-services/&lt;/loc&gt;&lt;lastmod&gt;2023-04-03&lt;/lastmod&gt;&lt;/url&gt;&lt;url&gt;&lt;loc&gt;https://stage.web.viasat.com/enterprise-and-mobility/industries/commercial-aviation/inflight-advertising/&lt;/loc&gt;&lt;lastmod&gt;2023-04-03&lt;/lastmod&gt;&lt;/url&gt;&lt;url&gt;&lt;loc&gt;https://stage.web.viasat.com/enterprise-and-mobility/industries/business-aviation/&lt;/loc&gt;&lt;lastmod&gt;2023-09-06&lt;/lastmod&gt;&lt;/url&gt;&lt;url&gt;&lt;loc&gt;https://stage.web.viasat.com/enterprise-and-mobility/industries/business-aviation/inflight-entertainment/&lt;/loc&gt;&lt;lastmod&gt;2023-04-03&lt;/lastmod&gt;&lt;/url&gt;&lt;url&gt;&lt;loc&gt;https://stage.web.viasat.com/enterprise-and-mobility/industries/business-aviation/partners/&lt;/loc&gt;&lt;lastmod&gt;2023-04-03&lt;/lastmod&gt;&lt;/url&gt;&lt;url&gt;&lt;loc&gt;https://stage.web.viasat.com/enterprise-and-mobility/industries/business-aviation/resources/&lt;/loc&gt;&lt;lastmod&gt;2023-08-24&lt;/lastmod&gt;&lt;/url&gt;&lt;url&gt;&lt;loc&gt;https://stage.web.viasat.com/enterprise-and-mobility/industries/business-aviation/support-services/&lt;/loc&gt;&lt;lastmod&gt;2023-06-20&lt;/lastmod&gt;&lt;/url&gt;&lt;url&gt;&lt;loc&gt;https://stage.web.viasat.com/enterprise-and-mobility/industries/energy/&lt;/loc&gt;&lt;lastmod&gt;2023-05-16&lt;/lastmod&gt;&lt;/url&gt;&lt;url&gt;&lt;loc&gt;https://stage.web.viasat.com/enterprise-and-mobility/industries/energy/energy-maritime/&lt;/loc&gt;&lt;lastmod&gt;2023-04-03&lt;/lastmod&gt;&lt;/url&gt;&lt;url&gt;&lt;loc&gt;https://stage.web.viasat.com/enterprise-and-mobility/industries/energy/energy-solutions/&lt;/loc&gt;&lt;lastmod&gt;2023-04-10&lt;/lastmod&gt;&lt;/url&gt;&lt;url&gt;&lt;loc&gt;https://stage.web.viasat.com/enterprise-and-mobility/industries/energy/energy-solutions/managed-comms/&lt;/loc&gt;&lt;lastmod&gt;2022-07-29&lt;/lastmod&gt;&lt;/url&gt;&lt;url&gt;&lt;loc&gt;https://stage.web.viasat.com/enterprise-and-mobility/industries/energy/energy-solutions/apps-and-iiot/&lt;/loc&gt;&lt;lastmod&gt;2022-07-29&lt;/lastmod&gt;&lt;/url&gt;&lt;url&gt;&lt;loc&gt;https://stage.web.viasat.com/enterprise-and-mobility/industries/energy/energy-solutions/systems-integration/&lt;/loc&gt;&lt;lastmod&gt;2023-02-06&lt;/lastmod&gt;&lt;/url&gt;&lt;url&gt;&lt;loc&gt;https://stage.web.viasat.com/enterprise-an... (set the log level to DEBUG or TRACE to see the full content) 
 </msg>
<msg timestamp="20231213 18:07:50.204" level="INFO">${response} = &lt;Response [200]&gt;</msg>
<status status="PASS" starttime="20231213 18:07:49.754" endtime="20231213 18:07:50.204"/>
</kw>
<kw name="Parse Xml" library="XML">
<var>${json_data}</var>
<arg>${response.content}</arg>
<doc>Parses the given XML file or string into an element structure.</doc>
<msg timestamp="20231213 18:07:50.225" level="INFO">${json_data} = &lt;Element 'urlset' at 0x10912b720&gt;</msg>
<status status="PASS" starttime="20231213 18:07:50.205" endtime="20231213 18:07:50.225"/>
</kw>
<kw name="Get Elements Texts" library="XML">
<var>${elements}</var>
<arg>${json_data}</arg>
<arg>url</arg>
<doc>Returns text of all elements matching ``xpath`` as a list.</doc>
<msg timestamp="20231213 18:07:50.242" level="INFO">${elements} = ['https://stage.web.viasat.com/2023-11-30', 'https://stage.web.viasat.com/plans/2023-10-12', 'https://stage.web.viasat.com/satellite-internet/2023-11-23', 'https://stage.web.viasat.com/satellite-inter...</msg>
<status status="PASS" starttime="20231213 18:07:50.225" endtime="20231213 18:07:50.242"/>
</kw>
<kw name="Set Variable" library="BuiltIn">
<var>${url1}</var>
<arg>${elements}[0]</arg>
<doc>Returns the given values which can then be assigned to a variables.</doc>
<msg timestamp="20231213 18:07:50.243" level="INFO">${url1} = https://stage.web.viasat.com/2023-11-30</msg>
<status status="PASS" starttime="20231213 18:07:50.242" endtime="20231213 18:07:50.243"/>
</kw>
<kw name="Log To Console" library="BuiltIn">
<arg>${url1}</arg>
<doc>Logs the given message to the console.</doc>
<status status="PASS" starttime="20231213 18:07:50.243" endtime="20231213 18:07:50.243"/>
</kw>
<kw name="Get Substring" library="String">
<var>${url_main}</var>
<arg>${url1}</arg>
<arg>0</arg>
<arg>-11</arg>
<doc>Returns a substring from ``start`` index to ``end`` index.</doc>
<msg timestamp="20231213 18:07:50.243" level="INFO">${url_main} = https://stage.web.viasat.com</msg>
<status status="PASS" starttime="20231213 18:07:50.243" endtime="20231213 18:07:50.243"/>
</kw>
<kw name="Open Browser" library="SeleniumLibrary">
<arg>${url_main}</arg>
<arg>headlesschrome</arg>
<doc>Opens a new browser instance to the optional ``url``.</doc>
<msg timestamp="20231213 18:07:50.244" level="INFO">Opening browser 'headlesschrome' to base url 'https://stage.web.viasat.com'.</msg>
<status status="PASS" starttime="20231213 18:07:50.244" endtime="20231213 18:07:53.395"/>
</kw>
<kw name="Sleep" library="BuiltIn">
<arg>5s</arg>
<doc>Pauses the test executed for the given time.</doc>
<msg timestamp="20231213 18:07:58.398" level="INFO">Slept 5 seconds</msg>
<status status="PASS" starttime="20231213 18:07:53.395" endtime="20231213 18:07:58.398"/>
</kw>
<kw name="Get Text" library="SeleniumLibrary">
<var>${content_text}</var>
<arg>//h1[@class="title__text"]</arg>
<doc>Returns the text value of the element identified by ``locator``.</doc>
<msg timestamp="20231213 18:07:58.427" level="INFO">${content_text} = Get high-speed satellite internet wherever you live</msg>
<status status="PASS" starttime="20231213 18:07:58.399" endtime="20231213 18:07:58.427"/>
</kw>
<kw name="Should Contain" library="BuiltIn">
<arg>${content_text}</arg>
<arg>Get high-speed satellite internet wherever you live</arg>
<doc>Fails if ``container`` does not contain ``item`` one or more times.</doc>
<status status="PASS" starttime="20231213 18:07:58.427" endtime="20231213 18:07:58.428"/>
</kw>
<kw name="Close Browser" library="SeleniumLibrary">
<doc>Closes the current browser.</doc>
<status status="PASS" starttime="20231213 18:07:58.428" endtime="20231213 18:07:58.552"/>
</kw>
<status status="PASS" starttime="20231213 18:07:49.753" endtime="20231213 18:07:58.552"/>
</kw>
<status status="PASS" starttime="20231213 18:07:49.753" endtime="20231213 18:07:58.553"/>
</test>
<test id="s1-t3" name="Dev Sitemap Url test" line="35">
<kw name="Extract URLs from Viasat Sitemap">
<arg>${Dev_sitemap_url}</arg>
<kw name="Create Session" library="RequestsLibrary">
<arg>excede</arg>
<arg>${sitemap_url}</arg>
<arg>verify=true</arg>
<doc>Create Session: create a HTTP session to a server</doc>
<msg timestamp="20231213 18:07:58.555" level="INFO">Creating Session using : alias=excede, url=https://dev.web.viasat.com/sitemap.xml, headers={},                     cookies={}, auth=None, timeout=None, proxies=None, verify=True,                     debug=0 </msg>
<status status="PASS" starttime="20231213 18:07:58.555" endtime="20231213 18:07:58.555"/>
</kw>
<kw name="GET On Session" library="RequestsLibrary">
<var>${response}</var>
<arg>excede</arg>
<arg>${sitemap_url}</arg>
<doc>Sends a GET request on a previously created HTTP Session.</doc>
<msg timestamp="20231213 18:07:59.016" level="INFO">GET Request : url=https://dev.web.viasat.com/sitemap.xml 
 path_url=/sitemap.xml 
 headers={'User-Agent': 'python-requests/2.28.1', 'Accept-Encoding': 'gzip, deflate', 'Accept': '*/*', 'Connection': 'keep-alive'} 
 body=None 
 </msg>
<msg timestamp="20231213 18:07:59.016" level="INFO">GET Response : url=https://dev.web.viasat.com/sitemap.xml 
 status=200, reason=OK 
 headers={'Content-Type': 'application/xml;charset=iso-8859-1', 'Transfer-Encoding': 'chunked', 'Connection': 'keep-alive', 'Accept-Ranges': 'bytes', 'Cache-Control': 'public, max-age=43200, no-cache="set-cookie"', 'Content-Encoding': 'gzip', 'Date': 'Thu, 14 Dec 2023 02:03:22 GMT', 'ETag': '"969f9-60c6806fe2aae-gzip"', 'Last-Modified': 'Wed, 13 Dec 2023 18:06:33 GMT', 'referrer-policy': 'strict-origin-when-cross-origin', 'Server': 'Apache', 'Strict-Transport-Security': 'max-age=63072000', 'X-Content-Type-Options': 'nosniff', 'X-Dispatcher': 'dispatcher1useast1', 'X-Frame-Options': 'SAMEORIGIN', 'X-Vhost': 'publish', 'X-XSS-Protection': '1; mode=block', 'Vary': 'Accept-Encoding, Origin', 'Public-Key-Pins': 'max-age=1296000; pin-sha256="cvv+hcZ+EP7Do1cnMVIRLqJHXFl7tjgRqpSm34h/DTk="; pin-sha256="I92nqKO6cgS1Gx4O4s+YbHuyyF6IX3n894ph9mpYSYQ=";', 'X-Viasat-Policy': '1_10', 'Content-Security-Policy': "default-src 'self' 'unsafe-inline' *.scene7.com *.marketo.com ; script-src 'self' 'unsafe-inline' 'unsafe-eval' blob: *.google.com *.cookielaw.org *.doubleclick.net *.adobedtm.com *.everestjs.net *.googleadservices.com *.googletagmanager.com *.googleapis.com *.sftoaa.com *.invocacdn.com *.invoca.net *.marketo.net *.crazyegg.com *.licdn.com *.facebook.net *.conductor.com *.bing.com *.raygun.io *.bizible.com *.icat.viasat.io *.viasat.com *.scene7.com *.marketo.com *.siteintercept.qualtrics.com *.clarity.ms  ; frame-src *.youtube.com *.marketo.com *.adsrvr.org *.facebook.com *.company-target.com *.az1.qualtrics.com *.doubleclick.net *.everesttech.net *.demdex.net *.everestjs.net *.force.com *.crazyegg.com ca-viasat-status.s3.amazonaws.com  ; img-src 'self' data: *.cookielaw.org *.marketo.com *.cloudfront.net *.rlcdn.com *.company-target.com *.bing.com *.clarity.ms *.scene7.com *.googleapis.com *.qualtrics.com *.yahoo.com *.pubmatic.com *.gstatic.com *.postimg.cc *.viasat.com *.googletagmanager.com *.google.com *.google-analytics.com *.data.adobedc.net *.doubleclick.net *.everesttech.net *.demdex.net *.linkedin.com *.facebook.com *.crazyegg.com *.viasatinc.data.adobedc.net *.bizible.com *.bizibly.com *.day.com  ; media-src 'self' *.scene7.com  ; script-src-elem 'self' 'unsafe-inline' *.infinity-tracking.com *.adsrvr.org *.demandbase.com *.bing.com *.clarity.ms *.marketo.com *.scene7.com *.qualtrics.com *.conductor.com *.viasat.com *.amazonaws.com *.cookielaw.org *.doubleclick.net *.googleadservices.com *.google-analytics.com *.googletagmanager.com *.adobedtm.com *.googleapis.com *.sftoaa.com *.everestjs.net *.invocacdn.com *.invoca.net *.marketo.net *.crazyegg.com *.licdn.com *.facebook.net viasatinc.data.adobedc.net *.raygun.io *.bizible.com *.icat.viasat.io  ; connect-src 'self' 'unsafe-inline' *.demandbase.com *.infinity-tracking.net *.infinity-tracking.com *.onetrust.com *.company-target.com *.oribi.io *.clarity.ms *.scene7.com *.qualtrics.com *.facebook.com *.cookielaw.org *.everesttech.net *.google.com *.google-analytics.com *.viasat.com *.doubleclick.net *.googleapis.com *.demdex.net *.omtrdc.net *.mktoresp.com *.crazyegg.com *.ads.linkedin.com cognito-identity.us-east-1.amazonaws.com sts.us-east-1.amazonaws.com dataplane.rum.us-east-1.amazonaws.com *.icat.viasat.io *.raygun.io *.bing.com *.invoca.net *.mktoutil.com  ; font-src 'self' fonts.gstatic.com *.icat.viasat.io  ; style-src-elem 'self' 'unsafe-inline' *.scene7.com *.marketo.com *.googleapis.com *.amazonaws.com *.scene7.com *.miaprova.com  ; report-uri https://report-to-api.raygun.com/reports-csp?apikey=RRG8SSknxGdOdYDItwRgeQ report-to csp-endpoint", 'Report-To': '{"group": "csp-endpoint", "max-age": 10886400, "endpoints": [ { "url": "https://report-to-api.raygun.com/reports?apikey=RRG8SSknxGdOdYDItwRgeQ" } ] }', 'X-Cache': 'Hit from cloudfront', 'Via': '1.1 2cd1423c218193e9646892449fb7844a.cloudfront.net (CloudFront)', 'X-Amz-Cf-Pop': 'SFO5-C1', 'X-Amz-Cf-Id': 'IP0vJrwvJDluog-gF6xk4G4OyR1o-aigETN5e3cHZ8JzWIZOcwW2ig==', 'Age': '277'} 
 body=&lt;?xml version="1.0"?&gt;&lt;urlset xmlns="http://www.sitemaps.org/schemas/sitemap/0.9"&gt;&lt;url&gt;&lt;loc&gt;https://dev.web.viasat.com/&lt;/loc&gt;&lt;lastmod&gt;2023-11-30&lt;/lastmod&gt;&lt;/url&gt;&lt;url&gt;&lt;loc&gt;https://dev.web.viasat.com/business-and-commercial/&lt;/loc&gt;&lt;lastmod&gt;2021-01-28&lt;/lastmod&gt;&lt;/url&gt;&lt;url&gt;&lt;loc&gt;https://dev.web.viasat.com/business-and-commercial/aviation/&lt;/loc&gt;&lt;lastmod&gt;2021-10-28&lt;/lastmod&gt;&lt;/url&gt;&lt;url&gt;&lt;loc&gt;https://dev.web.viasat.com/business-and-commercial/aviation/commercial/&lt;/loc&gt;&lt;lastmod&gt;2021-06-29&lt;/lastmod&gt;&lt;/url&gt;&lt;url&gt;&lt;loc&gt;https://dev.web.viasat.com/business-and-commercial/aviation/commercial/passenger-experience/&lt;/loc&gt;&lt;lastmod&gt;2021-06-30&lt;/lastmod&gt;&lt;/url&gt;&lt;url&gt;&lt;loc&gt;https://dev.web.viasat.com/business-and-commercial/aviation/commercial/inflight-connectivity/&lt;/loc&gt;&lt;lastmod&gt;2021-06-30&lt;/lastmod&gt;&lt;/url&gt;&lt;url&gt;&lt;loc&gt;https://dev.web.viasat.com/business-and-commercial/aviation/commercial/inflight-entertainment/&lt;/loc&gt;&lt;lastmod&gt;2021-11-30&lt;/lastmod&gt;&lt;/url&gt;&lt;url&gt;&lt;loc&gt;https://dev.web.viasat.com/business-and-commercial/aviation/commercial/inflight-advertising/&lt;/loc&gt;&lt;lastmod&gt;2021-06-29&lt;/lastmod&gt;&lt;/url&gt;&lt;url&gt;&lt;loc&gt;https://dev.web.viasat.com/business-and-commercial/aviation/commercial/flight-operations/&lt;/loc&gt;&lt;lastmod&gt;2021-06-22&lt;/lastmod&gt;&lt;/url&gt;&lt;url&gt;&lt;loc&gt;https://dev.web.viasat.com/business-and-commercial/aviation/commercial/flight-operations/aerodocs/&lt;/loc&gt;&lt;lastmod&gt;2021-01-06&lt;/lastmod&gt;&lt;/url&gt;&lt;url&gt;&lt;loc&gt;https://dev.web.viasat.com/business-and-commercial/aviation/commercial/resources/&lt;/loc&gt;&lt;lastmod&gt;2021-11-30&lt;/lastmod&gt;&lt;/url&gt;&lt;url&gt;&lt;loc&gt;https://dev.web.viasat.com/business-and-commercial/aviation/commercial/support-services/&lt;/loc&gt;&lt;lastmod&gt;2021-06-30&lt;/lastmod&gt;&lt;/url&gt;&lt;url&gt;&lt;loc&gt;https://dev.web.viasat.com/business-and-commercial/aviation/business/&lt;/loc&gt;&lt;lastmod&gt;2021-11-05&lt;/lastmod&gt;&lt;/url&gt;&lt;url&gt;&lt;loc&gt;https://dev.web.viasat.com/business-and-commercial/aviation/business/connectivity/&lt;/loc&gt;&lt;lastmod&gt;2021-11-16&lt;/lastmod&gt;&lt;/url&gt;&lt;url&gt;&lt;loc&gt;https://dev.web.viasat.com/business-and-commercial/aviation/business/inflight-entertainment/&lt;/loc&gt;&lt;lastmod&gt;2021-06-22&lt;/lastmod&gt;&lt;/url&gt;&lt;url&gt;&lt;loc&gt;https://dev.web.viasat.com/business-and-commercial/aviation/business/partners/&lt;/loc&gt;&lt;lastmod&gt;2021-08-23&lt;/lastmod&gt;&lt;/url&gt;&lt;url&gt;&lt;loc&gt;https://dev.web.viasat.com/business-and-commercial/aviation/business/resources/&lt;/loc&gt;&lt;lastmod&gt;2021-10-11&lt;/lastmod&gt;&lt;/url&gt;&lt;url&gt;&lt;loc&gt;https://dev.web.viasat.com/business-and-commercial/aviation/business/support-services/&lt;/loc&gt;&lt;lastmod&gt;2021-06-30&lt;/lastmod&gt;&lt;/url&gt;&lt;url&gt;&lt;loc&gt;https://dev.web.viasat.com/business-and-commercial/small-business-internet/&lt;/loc&gt;&lt;lastmod&gt;2021-10-15&lt;/lastmod&gt;&lt;/url&gt;&lt;url&gt;&lt;loc&gt;https://dev.web.viasat.com/business-and-commercial/small-business-internet/voip/&lt;/loc&gt;&lt;lastmod&gt;2021-03-05&lt;/lastmod&gt;&lt;/url&gt;&lt;url&gt;&lt;loc&gt;https://dev.web.viasat.com/business-and-commercial/small-business-internet/business-hotspots/&lt;/loc&gt;&lt;lastmod&gt;2021-03-05&lt;/lastmod&gt;&lt;/url&gt;&lt;url&gt;&lt;loc&gt;https://dev.web.viasat.com/business-and-commercial/small-business-internet/customer-service/&lt;/loc&gt;&lt;lastmod&gt;2021-06-29&lt;/lastmod&gt;&lt;/url&gt;&lt;url&gt;&lt;loc&gt;https://dev.web.viasat.com/business-and-commercial/small-business-internet/plans/&lt;/loc&gt;&lt;lastmod&gt;2021-01-05&lt;/lastmod&gt;&lt;/url&gt;&lt;url&gt;&lt;loc&gt;https://dev.web.viasat.com/business-and-commercial/small-business-internet/backup-internet/&lt;/loc&gt;&lt;lastmod&gt;2021-09-30&lt;/lastmod&gt;&lt;/url&gt;&lt;url&gt;&lt;loc&gt;https://dev.web.viasat.com/business-and-commercial/enterprise/&lt;/loc&gt;&lt;lastmod&gt;2021-06-29&lt;/lastmod&gt;&lt;/url&gt;&lt;url&gt;&lt;loc&gt;https://dev.web.viasat.com/business-and-commercial/enterprise/direct-cloud-connect/&lt;/loc&gt;&lt;lastmod&gt;2021-11-04&lt;/lastmod&gt;&lt;/url&gt;&lt;url&gt;&lt;loc&gt;https://dev.web.viasat.com/business-and-commercial/enterprise/managed-wifi/&lt;/loc&gt;&lt;lastmod&gt;2021-06-30&lt;/lastmod&gt;&lt;/url&gt;&lt;url&gt;&lt;loc&gt;https://dev.web.viasat.com/business-and-commercial/enterprise/managed-wifi/gowifi-navy/&lt;/loc&gt;&lt;lastmod&gt;2020-12-31&lt;/lastmod&gt;&lt;/url&gt;&lt;url&gt;&lt;loc&gt;https://dev.web.viasat.com/business-and-commercial/enterprise/sd-wan/&lt;/loc&gt;&lt;lastmod&gt;2021-06-29&lt;/lastmod&gt;&lt;/url&gt;&lt;url&gt;&lt;loc&gt;https://dev.web.viasat.com/business-and-commercial/enterprise/mobile-satellite-terminals/&lt;/loc&gt;&lt;lastmod&gt;2021-11-03&lt;/lastmod&gt;&lt;/url&gt;&lt;url&gt;&lt;loc&gt;https://dev.web.viasat.com/business-and-commercial/enterprise/cybersecurity/&lt;/loc&gt;&lt;lastmod&gt;2021-03-11&lt;/lastmod&gt;&lt;/url&gt;&lt;url&gt;&lt;loc&gt;https://dev.web.viasat.com/business-and-commercial/global-connectivity/&lt;/loc&gt;&lt;lastmod&gt;2021-06-29&lt;/lastmod&gt;&lt;/url&gt;&lt;url&gt;&lt;loc&gt;https://dev.web.viasat.com/business-and-commercial/global-connectivity/community-internet/&lt;/loc&gt;&lt;lastmod&gt;2021-06-28&lt;/lastmod&gt;&lt;/url&gt;&lt;url&gt;&lt;loc&gt;https://dev.web.viasat.com/business-and-commercial/maritime/&lt;/loc&gt;&lt;lastmod&gt;2021-06-30&lt;/lastmod&gt;&lt;/url&gt;&lt;url&gt;&lt;loc&gt;https://dev.web.viasat.com/business-and-commercial/maritime/passenger/&lt;/loc&gt;&lt;lastmod&gt;2021-11-22&lt;/lastmod&gt;&lt;/url&gt;&lt;url&gt;&lt;loc&gt;https://dev.web.viasat.com/business-and-commercial/maritime/commercial/&lt;/loc&gt;&lt;lastmod&gt;2021-06-28&lt;/lastmod&gt;&lt;/url&gt;&lt;url&gt;&lt;loc&gt;https://dev.web.viasat.com/business-and-commercial/maritime/leisure/&lt;/loc&gt;&lt;lastmod&gt;2021-06-29&lt;/lastmod&gt;&lt;/url&gt;&lt;url&gt;&lt;loc&gt;https://dev.web.viasat.com/business-and-commercial/maritime/solutions/&lt;/loc&gt;&lt;lastmod&gt;2021-06-30&lt;/lastmod&gt;&lt;/url&gt;&lt;url&gt;&lt;loc&gt;https://dev.web.viasat.com/business-and-commercial/maritime/resources/&lt;/loc&gt;&lt;lastmod&gt;2021-11-29&lt;/lastmod&gt;&lt;/url&gt;&lt;url&gt;&lt;loc&gt;https://dev.web.viasat.com/business-and-commercial/space-and-networking-technology/&lt;/loc&gt;&lt;lastmod&gt;2021-06-28&lt;/lastmod&gt;&lt;/url&gt;&lt;url&gt;&lt;loc&gt;https://dev.web.viasat.com/business-and-commercial/space-and-networking-technology/ground-antennas/&lt;/loc&gt;&lt;lastmod&gt;2020-12-29&lt;/lastmod&gt;&lt;/url&gt;&lt;url&gt;&lt;loc&gt;https://dev.web.viasat.com/business-and-commercial/space-and-networking-technology/ground-antennas/earth-observation/&lt;/loc&gt;&lt;lastmod&gt;2021-03-04&lt;/lastmod&gt;&lt;/url&gt;&lt;url&gt;&lt;loc&gt;https://dev.web.viasat.com/business-and-commercial/space-and-networking-technology/ground-antennas/fixed-wireless/&lt;/loc&gt;&lt;lastmod&gt;2021-06-29&lt;/lastmod&gt;&lt;/url&gt;&lt;url&gt;&lt;loc&gt;https://dev.web.viasat.com/business-and-commercial/space-and-networking-technology/ground-antennas/isr/&lt;/loc&gt;&lt;lastmod&gt;2021-06-29&lt;/lastmod&gt;&lt;/url&gt;&lt;url&gt;&lt;loc&gt;https://dev.web.viasat.com/business-and-commercial/space-and-networking-technology/ground-antennas/satcom/&lt;/loc&gt;&lt;lastmod&gt;2021-06-29&lt;/lastmod&gt;&lt;/url&gt;&lt;url&gt;&lt;loc&gt;https://dev.web.viasat.com/business-and-commercial/space-and-networking-technology/mobile-antennas/&lt;/loc&gt;&lt;lastmod&gt;2021-06-29&lt;/lastmod&gt;&lt;/url&gt;&lt;url&gt;&lt;loc&gt;https://dev.web.viasat.com/business-and-commercial/space-and-networking-technology/mobile-antennas/aviation/&lt;/loc&gt;&lt;lastmod&gt;2021-06-30&lt;/lastmod&gt;&lt;/url&gt;&lt;url&gt;&lt;loc&gt;https://dev.web.viasat.com/business-and-commercial/space-and-networking-technology/mobile-antennas/land-and-sea-comunications/&lt;/loc&gt;&lt;lastmod&gt;2021-06-30&lt;/lastmod&gt;&lt;/url&gt;&lt;url&gt;&lt;loc&gt;https://dev.web.viasat.com/business-and-commercial/space-and-networking-technology/custom-antenna-solutions/&lt;/loc&gt;&lt;lastmod&gt;2021-06-30&lt;/lastmod&gt;&lt;/url&gt;&lt;url&gt;&lt;loc&gt;https://dev.web.viasat.com/business-and-commercial/space-and-networking-technology/antenna-testing-and-support/&lt;/loc&gt;&lt;lastmod&gt;2021-06-30&lt;/lastmod&gt;&lt;/url&gt;&lt;url&gt;&lt;loc&gt;https://dev.web.viasat.com/business-and-commercial/space-and-networking-technology/asics-and-ip-cores/&lt;/loc&gt;&lt;lastmod&gt;2021-01-08&lt;/lastmod&gt;&lt;/url&gt;&lt;url&gt;&lt;loc&gt;https://dev.web.viasat.com/business-and-commercial/space-and-networking-technology/asics-and-ip-cores/fec-forward-error-correction/&lt;/loc&gt;&lt;lastmod&gt;2020-12-30&lt;/lastmod&gt;&lt;/url&gt;&lt;url&gt;&lt;loc&gt;https://dev.web.viasat.com/business-and-commercial/space-and-networking-technology/asics-and-ip-cores/free-space-optical/&lt;/loc&gt;&lt;lastmod&gt;2021-06-29&lt;/lastmod&gt;&lt;/url&gt;&lt;url&gt;&lt;loc&gt;https://dev.web.viasat.com/business-and-commercial/space-and-networking-technology/asics-and-ip-cores/dvb-s2/&lt;/loc&gt;&lt;lastmod&gt;2021-06-29&lt;/lastmod&gt;&lt;/url&gt;&lt;url&gt;&lt;loc&gt;https://dev.web.viasat.com/business-and-commercial/space-and-networking-technology/asics-and-ip-cores/coherent-optical/&lt;/loc&gt;&lt;lastmod&gt;2020-12-30&lt;/lastmod&gt;&lt;/url&gt;&lt;url&gt;&lt;loc&gt;https://dev.web.viasat.com/business-and-commercial/space-and-networking-technology/asics-and-ip-cores/rf-signal-environment-generation/&lt;/loc&gt;&lt;lastmod&gt;2020-12-30&lt;/lastmod&gt;&lt;/url&gt;&lt;url&gt;&lt;loc&gt;https://dev.web.viasat.com/business-and-commercial/space-and-networking-technology/ground-network/&lt;/loc&gt;&lt;lastmod&gt;2021-07-23&lt;/lastmod&gt;&lt;/url&gt;&lt;url&gt;&lt;loc&gt;https://dev.web.viasat.com/satellite-internet/&lt;/loc&gt;&lt;lastmod&gt;2023-11-23&lt;/lastmod&gt;&lt;/url&gt;&lt;url&gt;&lt;loc&gt;https://dev.web.viasat.com/satellite-internet/additional-services/&lt;/loc&gt;&lt;lastmod&gt;2023-07-05&lt;/lastmod&gt;&lt;/url&gt;&lt;url&gt;&lt;loc&gt;https://dev.web.viasat.com/satellite-internet/additional-services/voip/&lt;/loc&gt;&lt;lastmod&gt;2023-05-31&lt;/lastmod&gt;&lt;/url&gt;&lt;url&gt;&lt;loc&gt;https://dev.web.viasat.com/satellite-internet/additional-services/viasat-shield/&lt;/loc&gt;&lt;lastmod&gt;2023-03-27&lt;/lastmod&gt;&lt;/url&gt;&lt;url&gt;&lt;loc&gt;https://dev.web.viasat.com/satellite-internet/additional-services/easy-care/&lt;/loc&gt;&lt;lastmod&gt;2023-06-22&lt;/lastmod&gt;&lt;/url&gt;&lt;url&gt;&lt;loc&gt;https://dev.web.viasat.com/satellite-internet/additional-services/dish-satellite-tv-and-internet/&lt;/loc&gt;&lt;lastmod&gt;2023-06-23&lt;/lastmod&gt;&lt;/url&gt;&lt;url&gt;&lt;loc&gt;https://dev.web.viasat.com/satellite-internet/additional-services/viasat-stream/content-providers/&lt;/loc&gt;&lt;lastmod&gt;2023-04-21&lt;/lastmod&gt;&lt;/url&gt;&lt;url&gt;&lt;loc&gt;https://dev.web.viasat.com/satellite-internet/plans/&lt;/loc&gt;&lt;lastmod&gt;2023-11-09&lt;/lastmod&gt;&lt;/url&gt;&lt;url&gt;&lt;loc&gt;https://dev.web.viasat.com/satellite-internet/plans/carrier-services/&lt;/loc&gt;&lt;lastmod&gt;2023-07-07&lt;/lastmod&gt;&lt;/url&gt;&lt;url&gt;&lt;loc&gt;https://dev.web.viasat.com/satellite-internet/add-ons/&lt;/loc&gt;&lt;lastmod&gt;2023-07-07&lt;/lastmod&gt;&lt;/url&gt;&lt;url&gt;&lt;loc&gt;https://dev.web.viasat.com/satellite-internet/add-ons/voip/&lt;/loc&gt;&lt;lastmod&gt;2023-10-25&lt;/lastmod&gt;&lt;/url&gt;&lt;url&gt;&lt;loc&gt;https://dev.web.viasat.com/satellite-internet/add-ons/voip/battery-backup/&lt;/loc&gt;&lt;lastmod&gt;2023-08-24&lt;/lastmod&gt;&lt;/url&gt;&lt;url&gt;&lt;loc&gt;https://dev.web.viasat.com/satellite-internet/add-ons/viasat-shield/&lt;/loc&gt;&lt;lastmod&gt;2023-08-24&lt;/lastmod&gt;&lt;/url&gt;&lt;url&gt;&lt;loc&gt;https://dev.web.viasat.com/satellite-internet/add-ons/easycare/&lt;/loc&gt;&lt;lastmod&gt;2023-08-24&lt;/lastmod&gt;&lt;/url&gt;&lt;url&gt;&lt;loc&gt;https://dev.web.viasat.com/satellite-internet/add-ons/dish-tv/&lt;/loc&gt;&lt;lastmod&gt;2023-10-31&lt;/lastmod&gt;&lt;/url&gt;&lt;url&gt;&lt;loc&gt;https://dev.web.viasat.com/satellite-internet/add-ons/office-hours/&lt;/loc&gt;&lt;lastmod&gt;2023-08-24&lt;/lastmod&gt;&lt;/url&gt;&lt;url&gt;&lt;loc&gt;https://dev.web.viasat.com/satellite-internet/outa... (set the log level to DEBUG or TRACE to see the full content) 
 </msg>
<msg timestamp="20231213 18:07:59.017" level="INFO">${response} = &lt;Response [200]&gt;</msg>
<status status="PASS" starttime="20231213 18:07:58.556" endtime="20231213 18:07:59.017"/>
</kw>
<kw name="Parse Xml" library="XML">
<var>${json_data}</var>
<arg>${response.content}</arg>
<doc>Parses the given XML file or string into an element structure.</doc>
<msg timestamp="20231213 18:07:59.042" level="INFO">${json_data} = &lt;Element 'urlset' at 0x109417950&gt;</msg>
<status status="PASS" starttime="20231213 18:07:59.017" endtime="20231213 18:07:59.042"/>
</kw>
<kw name="Get Elements Texts" library="XML">
<var>${elements}</var>
<arg>${json_data}</arg>
<arg>url</arg>
<doc>Returns text of all elements matching ``xpath`` as a list.</doc>
<msg timestamp="20231213 18:07:59.063" level="INFO">${elements} = ['https://dev.web.viasat.com/2023-11-30', 'https://dev.web.viasat.com/business-and-commercial/2021-01-28', 'https://dev.web.viasat.com/business-and-commercial/aviation/2021-10-28', 'https://dev.web.vi...</msg>
<status status="PASS" starttime="20231213 18:07:59.042" endtime="20231213 18:07:59.064"/>
</kw>
<kw name="Set Variable" library="BuiltIn">
<var>${url1}</var>
<arg>${elements}[0]</arg>
<doc>Returns the given values which can then be assigned to a variables.</doc>
<msg timestamp="20231213 18:07:59.064" level="INFO">${url1} = https://dev.web.viasat.com/2023-11-30</msg>
<status status="PASS" starttime="20231213 18:07:59.064" endtime="20231213 18:07:59.064"/>
</kw>
<kw name="Log To Console" library="BuiltIn">
<arg>${url1}</arg>
<doc>Logs the given message to the console.</doc>
<status status="PASS" starttime="20231213 18:07:59.064" endtime="20231213 18:07:59.064"/>
</kw>
<kw name="Get Substring" library="String">
<var>${url_main}</var>
<arg>${url1}</arg>
<arg>0</arg>
<arg>-11</arg>
<doc>Returns a substring from ``start`` index to ``end`` index.</doc>
<msg timestamp="20231213 18:07:59.065" level="INFO">${url_main} = https://dev.web.viasat.com</msg>
<status status="PASS" starttime="20231213 18:07:59.064" endtime="20231213 18:07:59.065"/>
</kw>
<kw name="Open Browser" library="SeleniumLibrary">
<arg>${url_main}</arg>
<arg>headlesschrome</arg>
<doc>Opens a new browser instance to the optional ``url``.</doc>
<msg timestamp="20231213 18:07:59.065" level="INFO">Opening browser 'headlesschrome' to base url 'https://dev.web.viasat.com'.</msg>
<status status="PASS" starttime="20231213 18:07:59.065" endtime="20231213 18:08:03.298"/>
</kw>
<kw name="Sleep" library="BuiltIn">
<arg>5s</arg>
<doc>Pauses the test executed for the given time.</doc>
<msg timestamp="20231213 18:08:08.302" level="INFO">Slept 5 seconds</msg>
<status status="PASS" starttime="20231213 18:08:03.299" endtime="20231213 18:08:08.302"/>
</kw>
<kw name="Get Text" library="SeleniumLibrary">
<var>${content_text}</var>
<arg>//h1[@class="title__text"]</arg>
<doc>Returns the text value of the element identified by ``locator``.</doc>
<msg timestamp="20231213 18:08:08.334" level="INFO">${content_text} = Get high-speed satellite internet wherever you live</msg>
<status status="PASS" starttime="20231213 18:08:08.302" endtime="20231213 18:08:08.334"/>
</kw>
<kw name="Should Contain" library="BuiltIn">
<arg>${content_text}</arg>
<arg>Get high-speed satellite internet wherever you live</arg>
<doc>Fails if ``container`` does not contain ``item`` one or more times.</doc>
<status status="PASS" starttime="20231213 18:08:08.334" endtime="20231213 18:08:08.334"/>
</kw>
<kw name="Close Browser" library="SeleniumLibrary">
<doc>Closes the current browser.</doc>
<status status="PASS" starttime="20231213 18:08:08.335" endtime="20231213 18:08:08.442"/>
</kw>
<status status="PASS" starttime="20231213 18:07:58.554" endtime="20231213 18:08:08.442"/>
</kw>
<status status="PASS" starttime="20231213 18:07:58.554" endtime="20231213 18:08:08.443"/>
</test>
<status status="PASS" starttime="20231213 18:07:40.102" endtime="20231213 18:08:08.444"/>
</suite>
<statistics>
<total>
<stat pass="3" fail="0" skip="0">All Tests</stat>
</total>
<tag>
</tag>
<suite>
<stat pass="3" fail="0" skip="0" id="s1" name="SitemapUrlAPI">SitemapUrlAPI</stat>
</suite>
</statistics>
<errors>
</errors>
</robot>
